1441725155116,MCTabToggle,VideoChatView
1441725165407,MCOrientationChange,Portrait
1441725172705,MCOrientationChange,Portrait
1441725173169,MCCameraSwap,Front
1441725173802,MCOrientationChange,Portrait
1441725341997,MCTabToggle,DroneVideoView
1441725349309,MCOrientationChange,Landscape
1441725353084,MCTabToggle,VideoChatView
1441725355154,MCTabToggle,DroneVideoView
1441725365064,MCTabToggle,VideoChatView
1441725367325,MCTabToggle,DroneVideoView
1441725367834,MCTabToggle,VideoChatView
1441725369606,MCTabToggle,DroneVideoView
1441725370576,MCTabToggle,VideoChatView
1441725371135,MCTabToggle,DroneVideoView
1441725372196,MCTabToggle,VideoChatView
1441725374216,MCOrientationChange,Portrait
1441725379381,MCVideoChatSwapMainViews,Local
1441725380916,MCVideoChatSwapMainViews,Remote
1441725384706,MCCameraSwap,Back
1441725387686,MCVideoChatSwapMainViews,Local
1441725388810,MCVideoChatSwapMainViews,Remote
1441725389755,MCCameraSwap,Front
1441725417962,MCTabToggle,DroneVideoView
1441725424913,Command,CamUp
1441725426261,Command,CamUp
1441725427425,Command,CamUp
1441725428383,Command,CamUp
1441725429594,Command,CamUp
1441725430827,Command,CamUp
1441725432965,Command,CamLeft
1441725433943,Command,CamDown
1441725434833,Command,CamDown
1441725435665,Command,CamRight
1441725436463,Command,CamDown
1441725437759,Command,CamDown
1441725438441,Command,CamDown
1441725439189,Command,CamDown
1441725439273,MCTabToggle,VideoChatView
1441725440198,Command,CamUp
1441725441173,Command,CamUp
1441725505234,MCTabToggle,DroneVideoView
1441725505796,MCTabToggle,VideoChatView
1441725589190,MCTabToggle,StatusesView
1441725590323,MCTabToggle,DroneVideoView
1441725591296,MCTabToggle,VideoChatView
1441725618381,Command,CamUp
1441725618554,Command,CamUp
1441725619223,Command,CamUp
1441725619717,Command,CamRight
1441725620189,Command,CamRight
1441725622989,Command,CamLeft
1441725623274,Command,CamLeft
1441725624239,Command,CamDown
1441725664762,Command,CamDown
1441725666250,Command,CamDown
1441725677018,Command,MoveDown
1441725678318,Command,MoveUp
1441725766406,MCOrientationChange,Portrait
1441725766774,MCOrientationChange,Portrait
1441725795235,MCOrientationChange,Portrait
1441725801456,MCOrientationChange,Portrait
1441725804576,MCOrientationChange,Landscape
1441725808275,MCOrientationChange,Portrait
1441725820475,MCOrientationChange,Portrait
1441725820823,MCOrientationChange,Portrait
1441725821655,MCOrientationChange,Landscape
1441725821932,MCOrientationChange,Landscape
1441725831356,MCOrientationChange,Portrait
1441725834465,MCOrientationChange,Portrait
1441725835033,MCOrientationChange,Portrait
1441725869695,MCOrientationChange,Portrait
1441725869903,MCOrientationChange,Portrait
1441725876484,Command,CamUp
1441725876973,Command,CamUp
1441725877526,Command,CamUp
1441725877889,MCOrientationChange,Portrait
1441725877999,Command,CamUp
1441725878498,Command,CamUp
1441725878754,MCOrientationChange,Portrait
1441725878931,Command,CamUp
1441725879189,Command,CamUp
1441725879783,Command,CamDown
1441725880351,Command,CamDown
1441725880941,Command,CamDown
1441725881692,Command,CamDown
1441725882505,Command,CamLeft
1441725883481,Command,CamLeft
1441725884310,Command,CamLeft
1441725885204,Command,CamLeft
1441725910275,Command,CamRight
1441725910908,Command,CamRight
1441725911534,Command,CamRight
1441725912083,Command,CamRight
1441725912519,Command,CamUp
1441725912847,Command,CamUp
1441725913088,Command,CamUp
1441725913254,Command,CamUp
1441725913772,Command,CamRight
1441725914266,Command,CamDown
1441725914957,Command,CamRight
1441725915633,Command,CamRight
1441725916133,Command,CamDown
1441725916911,Command,CamRight
1441725917670,Command,CamRight
1441725917938,Command,CamDown
1441725918991,Command,CamDown
1441725920191,Command,CamLeft
1441725920667,Command,CamLeft
1441725920754,Command,CamLeft
1441725920894,Command,CamLeft
1441725920947,Command,CamLeft
1441725921050,Command,CamLeft
1441725921321,Command,CamLeft
1441725921436,Command,CamLeft
1441725921437,Command,CamLeft
1441725921437,Command,CamLeft
1441725921449,Command,CamLeft
1441725921617,Command,CamLeft
1441725921718,Command,CamLeft
1441725922385,Command,CamLeft
1441725923224,Command,CamLeft
1441725923659,Command,CamUp
1441725924107,Command,CamUp
1441725924169,Command,CamUp
1441725924256,Command,CamUp
1441725924447,Command,CamUp
1441725924490,Command,CamUp
1441725924507,Command,CamUp
1441725928800,Command,CamDown
1441725937209,TaskBegin,0
1441725940393,Command,CamDown
1441725940719,Command,CamDown
1441725941850,Command,CamLeft
1441725942437,Command,CamLeft
1441725943377,Command,CamLeft
1441725944089,Command,CamRight
1441725944732,Command,CamRight
1441725945335,Command,CamRight
1441725946129,Command,CamRight
1441725946889,Command,CamDown
1441725954090,Command,CamDown
1441725954626,Command,CamDown
1441725955537,Command,CamDown
1441725956189,Command,CamLeft
1441725957403,Command,CamUp
1441725959858,Command,CamUp
1441725960649,Command,CamLeft
1441725961070,Command,CamDown
1441725962375,Command,CamLeft
1441725965149,Command,CamRight
1441725966172,Command,CamRight
1441725966756,Command,CamDown
1441725967836,Command,CamLeft
1441725974037,Command,CamRight
1441725974731,Command,CamDown
1441725975501,Command,CamRight
1441725976050,Command,CamDown
1441725976155,Command,CamRight
1441725976357,Command,CamDown
1441725976523,Command,CamRight
1441725976586,Command,CamDown
1441725976721,Command,CamRight
1441725977052,Command,CamDown
1441725977424,Command,CamRight
1441725977857,Command,CamDown
1441725978310,Command,CamRight
1441725978940,Command,CamRight
1441725979614,Command,CamRight
1441725980225,Command,CamRight
1441725981332,Command,CamRight
1441725982539,Command,CamRight
1441725983444,Command,CamUp
1441725984024,Command,CamUp
1441725984209,Command,CamUp
1441725985597,Command,CamDown
1441725986140,Command,CamLeft
1441725990871,Command,CamUp
1441725991631,Command,CamLeft
1441725992314,Command,CamLeft
1441725992985,Command,CamLeft
1441725993598,Command,CamDown
1441725994481,Command,CamUp
1441725995644,Command,CamUp
1441726008631,Command,CamDown
1441726009924,Command,CamLeft
1441726010964,Command,CamLeft
1441726012167,Command,CamUp
1441726012632,Command,CamLeft
1441726013533,Command,CamDown
1441726014580,Command,CamLeft
1441726015172,Command,CamLeft
1441726016034,Command,CamUp
1441726016625,Command,CamRight
1441726017142,Command,CamRight
1441726017554,Command,CamRight
1441726017929,Command,CamRight
1441726018526,Command,CamRight
1441726018743,Command,CamRight
1441726019025,Command,CamRight
1441726019237,Command,CamRight
1441726019395,Command,CamRight
1441726019580,Command,CamRight
1441726019817,Command,CamRight
1441726020216,Command,CamDown
1441726020498,Command,CamDown
1441726020723,Command,CamLeft
1441726020986,Command,CamLeft
1441726021316,Command,CamLeft
1441726021515,Command,CamLeft
1441726021660,Command,CamLeft
1441726021883,Command,CamLeft
1441726022058,Command,CamLeft
1441726022349,Command,CamLeft
1441726022779,Command,CamLeft
1441726022997,Command,CamLeft
1441726023254,Command,CamLeft
1441726023435,Command,CamLeft
1441726023662,Command,CamLeft
1441726023960,Command,CamLeft
1441726024419,Command,CamLeft
1441726026239,Command,CamLeft
1441726028570,Command,MoveUp
1441726030421,Command,MoveUp
1441726033082,Command,MoveDown
1441726035917,Command,MoveDown
1441726039828,Command,MoveBack
1441726041695,Command,MoveForward
1441726042427,Command,MoveForward
1441726043166,Command,MoveForward
1441726044053,Command,MoveForward
1441726044991,Command,MoveForward
1441726045911,Command,MoveForward
1441726046908,Command,MoveForward
1441726051237,Command,MoveBack
1441726052632,Command,MoveBack
1441726053615,Command,MoveBack
1441726054583,Command,MoveBack
1441726059380,Command,CamLeft
1441726060101,Command,CamLeft
1441726061919,Command,CamUp
1441726062905,Command,CamRight
1441726063957,Command,CamRight
1441726064485,Command,CamRight
1441726065601,Command,CamRight
1441726066480,Command,CamDown
1441726073915,Command,CamDown
1441726075472,Command,CamUp
1441726076727,Command,CamUp
1441726077413,Command,CamLeft
1441726078307,Command,CamLeft
1441726078832,Command,CamLeft
1441726079334,Command,CamLeft
1441726079706,Command,CamLeft
1441726080193,Command,CamDown
1441726080796,Command,CamDown
1441726085388,Command,CamLeft
1441726086301,Command,CamLeft
1441726087400,Command,CamLeft
1441726088687,Command,CamUp
1441726089915,Command,CamUp
1441726091456,Command,CamLeft
1441726107107,Command,CamRight
1441726107975,Command,CamRight
1441726115524,Command,CamRight
1441726122085,Command,CamRight
1441726122966,Command,CamDown
1441726123980,Command,CamUp
1441726125109,Command,CamRight
1441726125870,Command,CamRight
1441726158468,Command,CamUp
1441726158684,Command,CamDown
1441726159654,Command,CamDown
1441726181748,Command,MoveForward
1441726182008,Command,MoveForward
1441726196932,Command,MoveBack
1441726202395,MCTabToggle,StatusesView
1441726202395,TaskEnd,0
1441726202648,Command,MoveBack
1441726205659,MCTabToggle,VideoChatView
1441726208008,Command,MoveBack
1441726208848,Command,MoveBack
1441726209528,Command,MoveBack
1441726210328,Command,MoveForward
1441726271408,Command,MoveBack
1441726272191,Command,MoveBack
1441726272876,Command,MoveBack
1441726273620,Command,MoveBack
1441726297745,MCOrientationChange,Portrait
1441726300173,MCOrientationChange,Portrait
1441726317786,MCTabToggle,StatusesView
1441726319075,MCTabToggle,Disconnected
1441726564566,MCTabToggle,Disconnected
1441726576912,MCTabToggle,VideoChatView
1441726577771,MCOrientationChange,Portrait
1441726581975,MCOrientationChange,Portrait
1441726582359,MCOrientationChange,Portrait
1441726587427,MCOrientationChange,Portrait
1441726588275,MCOrientationChange,Portrait
1441726611917,MCOrientationChange,Portrait
1441726612908,MCOrientationChange,Portrait
1441726617434,MCOrientationChange,Portrait
1441726619877,MCOrientationChange,Portrait
1441726626095,MCCameraSwap,Front
1441726654805,MCOrientationChange,Portrait
1441726656899,MCOrientationChange,Landscape
1441726658553,MCOrientationChange,Landscape
1441726659862,MCOrientationChange,Portrait
1441726665086,MCOrientationChange,Portrait
1441726666485,MCOrientationChange,Portrait
1441726668503,TaskBegin,1
1441726670240,MCOrientationChange,Portrait
1441726670715,MCOrientationChange,Portrait
1441726671060,MCOrientationChange,Portrait
1441726671358,MCCameraSwap,Back
1441726672647,MCOrientationChange,Portrait
1441726677947,MCCameraSwap,Front
1441726678811,MCOrientationChange,Portrait
1441726678980,MCOrientationChange,Portrait
1441726692204,Command,CamLeft
1441726692792,Command,CamRight
1441726693429,Command,CamRight
1441726694384,Command,CamDown
1441726694971,Command,CamRight
1441726696501,Command,CamRight
1441726697032,Command,CamRight
1441726697315,Command,CamRight
1441726697607,Command,CamRight
1441726697820,Command,CamRight
1441726698227,Command,CamRight
1441726698455,Command,CamRight
1441726699172,Command,CamRight
1441726699629,Command,CamDown
1441726700063,Command,CamDown
1441726700289,Command,CamDown
1441726700634,Command,CamDown
1441726700926,Command,CamDown
1441726701678,Command,CamLeft
1441726701947,Command,CamRight
1441726702143,Command,CamRight
1441726702313,Command,CamRight
1441726702554,Command,CamRight
1441726702666,Command,CamRight
1441726702951,Command,CamRight
1441726703236,Command,CamUp
1441726705750,Command,CamRight
1441726705913,Command,CamRight
1441726706219,Command,CamUp
1441726706395,Command,CamUp
1441726706747,Command,CamUp
1441726707618,Command,CamLeft
1441726708090,Command,CamLeft
1441726708582,Command,CamLeft
1441726709009,Command,CamRight
1441726709311,Command,CamRight
1441726709558,Command,CamRight
1441726709835,Command,CamRight
1441726710038,Command,CamRight
1441726710410,Command,CamDown
1441726710897,Command,CamRight
1441726713145,MCOrientationChange,Landscape
1441726714435,MCOrientationChange,Portrait
1441726715160,Command,CamDown
1441726715704,Command,CamDown
1441726718244,Command,MoveForward
1441726718790,Command,MoveForward
1441726719093,Command,MoveForward
1441726719301,Command,MoveForward
1441726719550,Command,MoveForward
1441726719723,Command,MoveForward
1441726719999,Command,MoveForward
1441726720504,Command,MoveBack
1441726720629,Command,MoveBack
1441726720841,Command,MoveBack
1441726720987,Command,MoveBack
1441726721170,Command,MoveBack
1441726721426,Command,MoveBack
1441726721584,Command,MoveBack
1441726721694,Command,MoveBack
1441726722011,Command,MoveBack
1441726722011,Command,MoveBack
1441726722199,Command,MoveBack
1441726723549,Command,MoveForward
1441726728018,Command,CamUp
1441726728885,Command,CamLeft
1441726729523,Command,CamUp
1441726730560,Command,CamUp
1441726731470,Command,CamLeft
1441726732454,Command,CamLeft
1441726735089,Command,CamUp
1441726736108,Command,CamRight
1441726736623,Command,CamDown
1441726737607,Command,CamDown
1441726738579,MCCameraSwap,Back
1441726745919,MCCameraSwap,Front
1441726759096,MCOrientationChange,Portrait
1441726759303,MCOrientationChange,Portrait
1441726760477,MCOrientationChange,Portrait
1441726761428,MCOrientationChange,Portrait
1441726764791,MCOrientationChange,Portrait
1441726765499,MCOrientationChange,Portrait
1441726775683,MCOrientationChange,Portrait
1441726778395,MCOrientationChange,Portrait
1441726809108,MCOrientationChange,Portrait
1441726809240,MCOrientationChange,Portrait
1441726816035,MCOrientationChange,Landscape
1441726817872,MCOrientationChange,Portrait
1441726829735,MCOrientationChange,Portrait
1441726830596,MCOrientationChange,Portrait
1441726838538,MCOrientationChange,Landscape
1441726840335,MCOrientationChange,Landscape
1441726850139,MCOrientationChange,Portrait
1441726865576,MCOrientationChange,Portrait
1441726866667,MCOrientationChange,Portrait
1441726882816,MCOrientationChange,Portrait
1441726882994,MCOrientationChange,Portrait
1441726915001,Command,CamLeft
1441726915769,Command,CamLeft
1441726916057,Command,CamUp
1441726929387,MCOrientationChange,Portrait
1441726930420,MCOrientationChange,Portrait
1441726950277,Command,CamRight
1441726952732,Command,MoveForward
1441726953650,Command,MoveForward
1441726954095,Command,MoveForward
1441726954305,Command,MoveForward
1441726954520,Command,MoveForward
1441726955006,Command,MoveForward
1441726955997,Command,MoveForward
1441726956529,Command,MoveForward
1441726957214,Command,MoveForward
1441726958150,Command,MoveForward
1441726993022,Command,CamDown
1441726993649,Command,CamDown
1441726994253,Command,CamDown
1441726995592,Command,CamDown
1441727002686,Command,CamUp
1441727003433,Command,CamUp
1441727004015,Command,CamUp
1441727005520,Command,MoveForward
1441727006943,Command,MoveBack
1441727007570,Command,MoveBack
1441727008036,Command,MoveBack
1441727008600,Command,MoveBack
1441727009367,Command,MoveBack
1441727010708,Command,CamLeft
1441727011651,Command,CamLeft
1441727012886,Command,CamLeft
1441727037785,Command,MoveUp
1441727038286,Command,MoveUp
1441727038726,Command,MoveUp
1441727039006,Command,MoveUp
1441727039526,Command,MoveUp
1441727039766,Command,MoveUp
1441727040066,Command,MoveUp
1441727043291,MCOrientationChange,Portrait
1441727045890,MCOrientationChange,Portrait
1441727058673,Command,CamDown
1441727059705,Command,CamDown
1441727061826,Command,MoveDown
1441727062032,Command,CamLeft
1441727066068,Command,CamRight
1441727066898,Command,CamRight
1441727067923,Command,CamRight
1441727070415,Command,CamDown
1441727071467,Command,MoveDown
1441727071707,Command,MoveDown
1441727071965,Command,MoveDown
1441727072185,Command,MoveDown
1441727072425,Command,MoveDown
1441727072645,Command,MoveDown
1441727072845,Command,MoveDown
1441727073085,Command,MoveDown
1441727073325,Command,MoveDown
1441727073525,Command,MoveDown
1441727073763,Command,CamRight
1441727073765,Command,MoveDown
1441727073988,Command,MoveDown
1441727074245,Command,MoveDown
1441727074466,Command,MoveDown
1441727074725,Command,MoveDown
1441727074774,Command,CamRight
1441727074925,Command,MoveDown
1441727075486,Command,MoveDown
1441727075490,Command,CamRight
1441727075966,Command,MoveDown
1441727076205,Command,MoveDown
1441727076486,Command,MoveDown
1441727081654,Command,CamUp
1441727082230,Command,CamUp
1441727083069,Command,CamUp
1441727084658,Command,CamRight
1441727085445,Command,CamRight
1441727086266,Command,CamRight
1441727086906,Command,MoveUp
1441727087086,Command,MoveUp
1441727087285,Command,MoveUp
1441727087546,Command,MoveUp
1441727087554,Command,CamRight
1441727087768,Command,MoveUp
1441727087985,Command,MoveUp
1441727089314,Command,CamRight
1441727092725,Command,CamRight
1441727092965,Command,MoveDown
1441727093165,Command,MoveDown
1441727094268,Command,CamRight
1441727096601,Command,CamLeft
1441727099901,Command,CamLeft
1441727104906,MCCameraSwap,Back
1441727110033,MCCameraSwap,Front
1441727114354,MCOrientationChange,Portrait
1441727114472,MCOrientationChange,Portrait
1441727115538,MCOrientationChange,Portrait
1441727118673,MCOrientationChange,Portrait
1441727121590,MCOrientationChange,Portrait
1441727121676,MCOrientationChange,Portrait
1441727124846,Command,MoveDown
1441727125287,Command,MoveDown
1441727127679,MCOrientationChange,Portrait
1441727127947,MCOrientationChange,Portrait
1441727134443,MCOrientationChange,Portrait
1441727137502,MCOrientationChange,Portrait
1441727140316,MCOrientationChange,Portrait
1441727143711,MCOrientationChange,Portrait
1441727145673,Command,CamDown
1441727145826,Command,CamDown
1441727146273,Command,CamDown
1441727154879,MCOrientationChange,Portrait
1441727157403,MCOrientationChange,Portrait
1441727175915,MCTabToggle,StatusesView
1441727175915,TaskEnd,1
1441727180143,Command,CamDown
1441727180987,MCOrientationChange,Portrait
1441727182257,Command,CamUp
1441727183093,Command,CamUp
1441727183284,MCTabToggle,VideoChatView
1441727183883,Command,CamUp
1441727185889,Command,CamRight
1441727187512,Command,CamLeft
1441727187827,MCOrientationChange,Portrait
1441727188165,Command,CamLeft
1441727189385,Command,CamLeft
1441727191622,Command,CamDown
1441727193100,Command,CamUp
1441727193665,Command,CamUp
1441727208946,MCTabToggle,StatusesView
1441727210301,MCTabToggle,Disconnected
1441728283519,MCOrientationChange,Portrait
1441728283630,MCOrientationChange,Portrait
1441728284351,MCOrientationChange,Portrait
1441728286268,MCTabToggle,VideoChatView
1441728286708,MCOrientationChange,Portrait
1441728288351,MCOrientationChange,Portrait
1441728289032,MCOrientationChange,Portrait
1441728301992,MCCameraSwap,Front
1441728323587,TaskBegin,2
1441728332471,Command,CamDown
1441728332936,Command,CamDown
1441728333675,Command,CamDown
1441728337478,Command,CamRight
1441728338050,Command,CamUp
1441728340325,Command,CamRight
1441728340799,Command,CamRight
1441728341137,Command,CamRight
1441728341388,Command,CamRight
1441728341730,Command,CamRight
1441728341901,Command,CamRight
1441728342071,Command,CamRight
1441728342268,Command,CamRight
1441728342755,Command,CamRight
1441728345825,Command,CamRight
1441728346097,Command,CamRight
1441728346576,Command,CamUp
1441728348285,Command,CamUp
1441728349292,Command,CamDown
1441728351469,Command,CamDown
1441728352112,Command,CamDown
1441728354289,Command,MoveBack
1441728354592,Command,MoveBack
1441728354680,Command,MoveBack
1441728354857,Command,MoveBack
1441728355045,Command,MoveBack
1441728355377,Command,MoveBack
1441728355502,Command,MoveBack
1441728356954,Command,MoveUp
1441728357178,Command,MoveUp
1441728357237,Command,MoveUp
1441728357392,Command,MoveUp
1441728357594,Command,MoveUp
1441728358206,Command,MoveUp
1441728373682,MCOrientationChange,Portrait
1441728373858,MCOrientationChange,Portrait
1441728373957,MCOrientationChange,Portrait
1441728374964,Command,CamLeft
1441728375229,MCOrientationChange,Portrait
1441728375232,MCCameraSwap,Back
1441728375453,Command,CamLeft
1441728375756,Command,CamLeft
1441728376121,Command,CamLeft
1441728376372,Command,CamLeft
1441728376483,Command,CamLeft
1441728376622,Command,CamLeft
1441728376827,Command,CamLeft
1441728377105,Command,CamDown
1441728378111,Command,CamLeft
1441728378681,Command,CamLeft
1441728378804,Command,CamLeft
1441728379289,Command,CamLeft
1441728379768,Command,CamLeft
1441728380242,Command,CamLeft
1441728380659,Command,CamDown
1441728381840,MCCameraSwap,Front
1441728381885,Command,CamDown
1441728383109,MCOrientationChange,Portrait
1441728383925,MCOrientationChange,Portrait
1441728386961,MCOrientationChange,Portrait
1441728390389,MCOrientationChange,Portrait
1441728404304,Command,CamUp
1441728406733,Command,CamUp
1441728407550,Command,CamLeft
1441728408317,Command,CamLeft
1441728409276,Command,CamDown
1441728410361,Command,CamDown
1441728411041,Command,CamDown
1441728411652,Command,CamLeft
1441728412233,Command,CamLeft
1441728412837,Command,CamLeft
1441728413039,Command,CamUp
1441728415711,Command,MoveForward
1441728416575,Command,MoveForward
1441728418374,Command,MoveForward
1441728422358,Command,CamRight
1441728423095,Command,CamRight
1441728423842,Command,CamDown
1441728424483,Command,CamUp
1441728425237,Command,CamRight
1441728426115,Command,CamRight
1441728428785,Command,CamDown
1441728429417,Command,CamDown
1441728429826,Command,CamDown
1441728429941,MCCameraSwap,Back
1441728430117,Command,CamDown
1441728430322,Command,CamDown
1441728430517,Command,CamDown
1441728430823,Command,CamDown
1441728430910,Command,CamDown
1441728431117,Command,CamDown
1441728431221,Command,CamDown
1441728431419,Command,CamDown
1441728431601,Command,CamDown
1441728431802,Command,CamDown
1441728432517,Command,CamDown
1441728432669,MCCameraSwap,Front
1441728432728,Command,CamDown
1441728432939,Command,CamDown
1441728433298,Command,CamDown
1441728435987,Command,CamRight
1441728436315,Command,CamUp
1441728436890,Command,CamUp
1441728437980,Command,CamUp
1441728438531,Command,CamRight
1441728439742,Command,CamDown
1441728440626,Command,CamDown
1441728441332,Command,CamLeft
1441728441927,Command,CamUp
1441728444896,Command,CamUp
1441728450757,MCCameraSwap,Back
1441728452150,Command,CamDown
1441728452418,Command,CamDown
1441728452699,Command,CamDown
1441728452899,Command,CamDown
1441728453032,Command,CamDown
1441728453429,Command,CamLeft
1441728454782,Command,CamDown
1441728455318,Command,CamLeft
1441728455750,Command,CamDown
1441728455829,MCOrientationChange,Portrait
1441728456197,Command,CamDown
1441728456252,MCCameraSwap,Front
1441728456436,Command,CamDown
1441728456729,Command,CamDown
1441728460897,MCOrientationChange,Portrait
1441728464992,MCOrientationChange,Portrait
1441728465173,MCOrientationChange,Portrait
1441728467180,Command,CamDown
1441728467781,Command,CamLeft
1441728468428,Command,CamLeft
1441728474306,Command,CamLeft
1441728474658,Command,CamLeft
1441728475264,Command,CamLeft
1441728475891,Command,CamLeft
1441728476394,Command,CamLeft
1441728476854,Command,CamLeft
1441728478193,Command,CamUp
1441728479092,Command,CamLeft
1441728489931,MCOrientationChange,Portrait
1441728490358,MCOrientationChange,Portrait
1441728495391,Command,CamDown
1441728495823,Command,CamDown
1441728496295,Command,CamDown
1441728497325,Command,CamRight
1441728497908,Command,CamRight
1441728498498,Command,CamRight
1441728499776,Command,CamUp
1441728503156,MCOrientationChange,Portrait
1441728503457,MCOrientationChange,Portrait
1441728504037,MCOrientationChange,Portrait
1441728505000,MCOrientationChange,Portrait
1441728507231,Command,CamDown
1441728507688,Command,CamDown
1441728507948,Command,CamDown
1441728508147,Command,CamDown
1441728508823,Command,CamDown
1441728509306,Command,CamDown
1441728509503,Command,CamDown
1441728509693,Command,CamDown
1441728509905,Command,CamDown
1441728510089,Command,CamDown
1441728510234,Command,CamDown
1441728510386,Command,CamDown
1441728510528,Command,CamDown
1441728510725,Command,CamDown
1441728510854,Command,CamDown
1441728511086,Command,CamDown
1441728511133,Command,CamDown
1441728511366,Command,CamDown
1441728511553,Command,CamDown
1441728512140,Command,CamUp
1441728512842,Command,CamDown
1441728513148,Command,CamDown
1441728513528,Command,CamDown
1441728513637,Command,CamDown
1441728513738,Command,CamDown
1441728514072,Command,CamDown
1441728514952,Command,CamDown
1441728515191,Command,CamDown
1441728518526,Command,CamRight
1441728519123,Command,CamRight
1441728519968,Command,CamRight
1441728520721,Command,CamRight
1441728521254,Command,CamRight
1441728523298,Command,CamRight
1441728523341,MCOrientationChange,Portrait
1441728523773,MCOrientationChange,Portrait
1441728524374,Command,CamLeft
1441728524858,Command,CamLeft
1441728525514,Command,CamLeft
1441728525902,Command,CamLeft
1441728526485,Command,CamLeft
1441728526893,Command,CamLeft
1441728527407,Command,CamLeft
1441728527830,Command,CamLeft
1441728528213,Command,CamLeft
1441728528448,Command,CamLeft
1441728528595,Command,CamLeft
1441728528865,Command,CamLeft
1441728529195,Command,CamDown
1441728529294,Command,CamDown
1441728529650,Command,CamDown
1441728529772,MCOrientationChange,Portrait
1441728529929,MCOrientationChange,Portrait
1441728530191,Command,CamDown
1441728531997,Command,CamUp
1441728532519,Command,CamRight
1441728532834,Command,CamRight
1441728532964,Command,CamRight
1441728533231,Command,CamRight
1441728533318,Command,CamRight
1441728533502,Command,CamRight
1441728533735,Command,CamRight
1441728533885,Command,CamRight
1441728534269,Command,CamRight
1441728534381,Command,CamRight
1441728534489,Command,CamRight
1441728535345,Command,CamRight
1441728535636,Command,CamDown
1441728536139,Command,CamDown
1441728536386,Command,CamDown
1441728537259,MCOrientationChange,Portrait
1441728537427,Command,CamRight
1441728537689,MCOrientationChange,Portrait
1441728537729,Command,CamRight
1441728537993,Command,CamRight
1441728538151,Command,CamRight
1441728538377,Command,CamDown
1441728538459,MCOrientationChange,Portrait
1441728538817,MCOrientationChange,Portrait
1441728538992,Command,CamRight
1441728539130,Command,CamRight
1441728539418,Command,CamDown
1441728539534,Command,CamDown
1441728540523,Command,CamDown
1441728540929,Command,CamDown
1441728540940,MCOrientationChange,Portrait
1441728541333,Command,CamDown
1441728541462,MCOrientationChange,Portrait
1441728541754,Command,CamDown
1441728542097,Command,CamDown
1441728544596,Command,CamDown
1441728544889,Command,CamDown
1441728545058,Command,CamDown
1441728545322,Command,CamDown
1441728546437,Command,CamDown
1441728546744,Command,CamDown
1441728547038,Command,CamLeft
1441728547138,Command,CamLeft
1441728548101,Command,CamLeft
1441728548741,Command,CamLeft
1441728549640,Command,CamLeft
1441728550522,Command,CamLeft
1441728550710,MCOrientationChange,Portrait
1441728551138,MCOrientationChange,Portrait
1441728551576,Command,CamDown
1441728551613,MCOrientationChange,Portrait
1441728552392,MCOrientationChange,Portrait
1441728552452,Command,CamDown
1441728553099,Command,CamUp
1441728553859,Command,CamUp
1441728554315,Command,CamRight
1441728555453,Command,CamRight
1441728556453,MCOrientationChange,Portrait
1441728556784,Command,CamRight
1441728557293,MCOrientationChange,Portrait
1441728558019,Command,CamDown
1441728560476,Command,CamDown
1441728561539,MCOrientationChange,Portrait
1441728561929,Command,CamRight
1441728562460,MCOrientationChange,Portrait
1441728562941,Command,CamUp
1441728563856,Command,CamRight
1441728565048,Command,CamUp
1441728569638,MCOrientationChange,Portrait
1441728570549,MCOrientationChange,Portrait
1441728572764,MCOrientationChange,Portrait
1441728573249,MCOrientationChange,Portrait
1441728578789,MCOrientationChange,Portrait
1441728579729,MCOrientationChange,Portrait
1441728591654,MCOrientationChange,Portrait
1441728592315,MCOrientationChange,Portrait
1441728594225,MCOrientationChange,Portrait
1441728594642,MCOrientationChange,Portrait
1441728598222,MCOrientationChange,Portrait
1441728599573,MCOrientationChange,Portrait
1441728600944,MCCameraSwap,Back
1441728601602,MCOrientationChange,Portrait
1441728603037,MCOrientationChange,Portrait
1441728603549,MCOrientationChange,Portrait
1441728604400,MCOrientationChange,Portrait
1441728604848,MCOrientationChange,Portrait
1441728610620,MCCameraSwap,Front
1441728613851,MCOrientationChange,Portrait
1441728616677,MCOrientationChange,Portrait
1441728618068,MCOrientationChange,Portrait
1441728619811,MCOrientationChange,Portrait
1441728620082,MCOrientationChange,Portrait
1441728622154,MCOrientationChange,Portrait
1441728622454,MCOrientationChange,Portrait
1441728626665,MCOrientationChange,Portrait
1441728627145,MCOrientationChange,Portrait
1441728627921,MCOrientationChange,Portrait
1441728628466,MCOrientationChange,Portrait
1441728629201,MCOrientationChange,Portrait
1441728629549,MCOrientationChange,Portrait
1441728630371,MCOrientationChange,Portrait
1441728630787,MCOrientationChange,Portrait
1441728641652,MCOrientationChange,Portrait
1441728641941,MCOrientationChange,Portrait
1441728644910,MCOrientationChange,Portrait
1441728645309,MCOrientationChange,Portrait
1441728659639,MCOrientationChange,Portrait
1441728660778,MCOrientationChange,Portrait
1441728662049,MCOrientationChange,Portrait
1441728662263,MCOrientationChange,Portrait
1441728664999,MCOrientationChange,Portrait
1441728665809,MCOrientationChange,Portrait
1441728666100,MCOrientationChange,Portrait
1441728666511,MCOrientationChange,Portrait
1441728667311,MCOrientationChange,Portrait
1441728667674,MCOrientationChange,Portrait
1441728671978,MCOrientationChange,Portrait
1441728673426,MCOrientationChange,Portrait
1441728676435,MCOrientationChange,Portrait
1441728676661,MCOrientationChange,Portrait
1441728677548,MCOrientationChange,Portrait
1441728677569,MCOrientationChange,Portrait
1441728679642,MCOrientationChange,Portrait
1441728681341,MCCameraSwap,Back
1441728687314,MCOrientationChange,Portrait
1441728687411,MCCameraSwap,Front
1441728687927,MCOrientationChange,Portrait
1441728688229,MCOrientationChange,Portrait
1441728689041,MCOrientationChange,Portrait
1441728689398,MCOrientationChange,Portrait
1441728690667,MCOrientationChange,Portrait
1441728690770,MCOrientationChange,Portrait
1441728696310,MCOrientationChange,Portrait
1441728696658,MCOrientationChange,Portrait
1441728697519,MCOrientationChange,Portrait
1441728697833,MCOrientationChange,Portrait
1441728698674,MCOrientationChange,Portrait
1441728699049,MCOrientationChange,Portrait
1441728699823,MCOrientationChange,Portrait
1441728700057,MCOrientationChange,Portrait
1441728700938,MCOrientationChange,Portrait
1441728701178,MCOrientationChange,Portrait
1441728710347,MCOrientationChange,Portrait
1441728710618,MCOrientationChange,Portrait
1441728713779,MCOrientationChange,Portrait
1441728714199,MCOrientationChange,Portrait
1441728716163,MCOrientationChange,Portrait
1441728716407,MCOrientationChange,Portrait
1441728723016,Command,CamLeft
1441728724275,Command,CamLeft
1441728725140,Command,CamLeft
1441728727981,MCOrientationChange,Portrait
1441728729157,Command,CamLeft
1441728729924,MCCameraSwap,Back
1441728730492,MCOrientationChange,Portrait
1441728730847,MCOrientationChange,Portrait
1441728731051,MCOrientationChange,Portrait
1441728732291,MCOrientationChange,Portrait
1441728735783,MCCameraSwap,Front
1441728737720,MCOrientationChange,Portrait
1441728738032,MCOrientationChange,Portrait
1441728738739,MCOrientationChange,Portrait
1441728739623,MCOrientationChange,Portrait
1441728740045,MCOrientationChange,Portrait
1441728740263,MCOrientationChange,Portrait
1441728742051,MCOrientationChange,Portrait
1441728742325,Command,CamDown
1441728742714,Command,CamDown
1441728743287,Command,CamDown
1441728744156,Command,CamLeft
1441728745336,Command,CamLeft
1441728746024,Command,CamLeft
1441728746809,Command,CamLeft
1441728747175,Command,CamDown
1441728747694,Command,CamRight
1441728748057,MCOrientationChange,Portrait
1441728748586,Command,CamRight
1441728748929,MCOrientationChange,Portrait
1441728749311,Command,CamRight
1441728750026,Command,CamRight
1441728750251,MCOrientationChange,Portrait
1441728750361,MCOrientationChange,Portrait
1441728750727,Command,CamRight
1441728764680,Command,CamUp
1441728767370,Command,CamDown
1441728768095,Command,CamUp
1441728771489,MCOrientationChange,Portrait
1441728771880,MCOrientationChange,Portrait
1441728772927,MCCameraSwap,Back
1441728773267,MCOrientationChange,Portrait
1441728774521,MCOrientationChange,Portrait
1441728776581,MCOrientationChange,Portrait
1441728776620,MCOrientationChange,Portrait
1441728777883,MCOrientationChange,Portrait
1441728782004,MCOrientationChange,Portrait
1441728782291,MCCameraSwap,Front
1441728782608,MCOrientationChange,Portrait
1441728783100,MCOrientationChange,Portrait
1441728783590,MCOrientationChange,Portrait
1441728783888,MCOrientationChange,Portrait
1441728785741,MCOrientationChange,Portrait
1441728786008,MCOrientationChange,Portrait
1441728786689,MCOrientationChange,Portrait
1441728789619,MCOrientationChange,Portrait
1441728790193,MCOrientationChange,Portrait
1441728790622,MCOrientationChange,Portrait
1441728791332,MCOrientationChange,Portrait
1441728791825,MCOrientationChange,Portrait
1441728802652,MCOrientationChange,Portrait
1441728802952,MCOrientationChange,Portrait
1441728806327,MCOrientationChange,Portrait
1441728807223,MCOrientationChange,Portrait
1441728808000,MCOrientationChange,Portrait
1441728808245,MCOrientationChange,Portrait
1441728813605,MCOrientationChange,Portrait
1441728814003,MCOrientationChange,Portrait
1441728818562,MCOrientationChange,Portrait
1441728824849,MCOrientationChange,Portrait
1441728824863,MCOrientationChange,Portrait
1441728825911,Command,CamLeft
1441728826279,Command,CamLeft
1441728826710,Command,CamLeft
1441728827218,Command,CamDown
1441728827252,MCOrientationChange,Portrait
1441728828109,Command,CamLeft
1441728830323,MCOrientationChange,Portrait
1441728830432,MCOrientationChange,Portrait
1441728830734,MCOrientationChange,Portrait
1441728831270,MCOrientationChange,Portrait
1441728832116,MCOrientationChange,Portrait
1441728832251,Command,CamDown
1441728832580,MCOrientationChange,Portrait
1441728838562,MCOrientationChange,Portrait
1441728838700,MCOrientationChange,Portrait
1441728839325,Command,CamDown
1441728839869,MCOrientationChange,Portrait
1441728840293,Command,CamRight
1441728840624,MCOrientationChange,Portrait
1441728841120,MCOrientationChange,Portrait
1441728841181,Command,CamRight
1441728841833,Command,CamRight
1441728842485,Command,CamUp
1441728844092,Command,CamUp
1441728844427,MCOrientationChange,Portrait
1441728846942,MCOrientationChange,Portrait
1441728849921,MCOrientationChange,Portrait
1441728850735,Command,CamDown
1441728851537,Command,CamDown
1441728852184,Command,CamDown
1441728852540,Command,CamDown
1441728852679,Command,CamDown
1441728852773,Command,CamDown
1441728852799,Command,CamDown
1441728853013,Command,CamDown
1441728853076,Command,CamDown
1441728853227,Command,CamDown
1441728853320,Command,CamDown
1441728853321,Command,CamDown
1441728853334,Command,CamDown
1441728853993,Command,CamUp
1441728854546,Command,CamRight
1441728854828,MCOrientationChange,Landscape
1441728855035,Command,CamRight
1441728855328,Command,CamRight
1441728855948,Command,CamRight
1441728857004,Command,CamUp
1441728857288,Command,CamRight
1441728858108,Command,CamDown
1441728858292,Command,CamRight
1441728859840,Command,CamLeft
1441728860841,Command,CamLeft
1441728861141,Command,CamLeft
1441728861555,Command,CamLeft
1441728861721,Command,CamLeft
1441728862530,Command,CamUp
1441728881129,MCOrientationChange,Portrait
1441728886105,MCOrientationChange,Portrait
1441728886346,MCOrientationChange,Portrait
1441728888517,MCOrientationChange,Portrait
1441728888781,MCOrientationChange,Portrait
1441728889752,MCOrientationChange,Portrait
1441728890081,MCOrientationChange,Portrait
1441728891237,Command,CamDown
1441728891824,Command,CamDown
1441728892519,Command,CamDown
1441728893502,Command,CamLeft
1441728893839,Command,CamRight
1441728894358,Command,CamRight
1441728894889,Command,CamRight
1441728895330,Command,CamRight
1441728895864,Command,CamRight
1441728896497,Command,CamDown
1441728896902,Command,CamDown
1441728897674,Command,CamDown
1441728898204,Command,CamRight
1441728898761,Command,CamRight
1441728899167,Command,CamRight
1441728899340,Command,CamRight
1441728899481,Command,CamRight
1441728899589,Command,CamRight
1441728899944,Command,CamLeft
1441728900076,MCOrientationChange,Portrait
1441728900533,Command,CamLeft
1441728901167,Command,CamLeft
1441728901975,Command,CamLeft
1441728902617,Command,CamLeft
1441728903318,Command,CamLeft
1441728903957,Command,CamLeft
1441728904512,Command,CamLeft
1441728905283,Command,CamUp
1441728906111,Command,CamLeft
1441728906825,Command,CamUp
1441728907661,Command,CamLeft
1441728909834,Command,CamUp
1441728910151,MCOrientationChange,Portrait
1441728910417,Command,CamLeft
1441728910512,MCOrientationChange,Portrait
1441728911380,Command,CamLeft
1441728911931,Command,CamLeft
1441728912712,Command,CamLeft
1441728913186,MCOrientationChange,Portrait
1441728913869,MCOrientationChange,Portrait
1441728913999,Command,CamLeft
1441728914476,MCOrientationChange,Portrait
1441728916103,Command,CamUp
1441728916701,Command,CamLeft
1441728917305,Command,CamDown
1441728918280,Command,CamDown
1441728919167,Command,CamDown
1441728919496,MCOrientationChange,Portrait
1441728919862,MCOrientationChange,Portrait
1441728920604,MCOrientationChange,Portrait
1441728921767,Command,CamLeft
1441728922131,MCOrientationChange,Portrait
1441728922809,Command,CamLeft
1441728923698,Command,CamLeft
1441728926990,MCOrientationChange,Portrait
1441728928832,MCOrientationChange,Portrait
1441728928832,Command,CamLeft
1441728932878,Command,CamRight
1441728933651,Command,CamRight
1441728934270,Command,CamRight
1441728935086,Command,CamRight
1441728935513,Command,CamRight
1441728936972,Command,CamRight
1441728950601,Command,CamLeft
1441728951547,Command,CamUp
1441728958739,MCOrientationChange,Portrait
1441728958755,MCOrientationChange,Portrait
1441728961526,Command,CamLeft
1441728962066,Command,CamLeft
1441728962502,Command,CamDown
1441728963021,Command,CamDown
1441728964833,Command,CamDown
1441728965434,Command,CamDown
1441728969795,MCOrientationChange,Portrait
1441728971174,MCOrientationChange,Portrait
1441728973067,Command,CamLeft
1441728974148,Command,CamLeft
1441728975434,MCOrientationChange,Portrait
1441728977349,MCOrientationChange,Portrait
1441728982354,Command,CamLeft
1441728983232,MCOrientationChange,Portrait
1441728983250,Command,CamUp
1441728984808,Command,CamLeft
1441728985063,MCOrientationChange,Portrait
1441728986043,MCOrientationChange,Portrait
1441728988443,MCOrientationChange,Portrait
1441728989659,MCOrientationChange,Portrait
1441728990431,MCOrientationChange,Landscape
1441728990495,MCOrientationChange,Landscape
1441728991236,MCOrientationChange,Landscape
1441728991891,MCOrientationChange,Portrait
1441728993583,MCOrientationChange,Portrait
1441728993985,MCOrientationChange,Portrait
1441728999043,MCOrientationChange,Portrait
1441729000468,MCOrientationChange,Portrait
1441729003576,MCOrientationChange,Portrait
1441729003947,MCOrientationChange,Portrait
1441729010039,MCOrientationChange,Portrait
1441729021905,MCOrientationChange,Portrait
1441729023371,MCOrientationChange,Portrait
1441729026268,MCOrientationChange,Portrait
1441729029659,Command,CamRight
1441729030004,Command,CamDown
1441729030444,Command,CamDown
1441729031160,Command,CamDown
1441729031592,Command,CamRight
1441729032485,Command,CamRight
1441729032843,MCOrientationChange,Portrait
1441729033221,MCOrientationChange,Portrait
1441729033263,Command,CamRight
1441729034209,Command,CamRight
1441729035380,Command,CamRight
1441729036186,Command,CamRight
1441729037128,Command,CamDown
1441729038043,Command,CamDown
1441729039048,Command,CamDown
1441729039442,Command,CamLeft
1441729040104,Command,CamDown
1441729040897,Command,CamDown
1441729041729,Command,CamLeft
1441729042277,MCOrientationChange,Portrait
1441729042448,Command,CamLeft
1441729042637,MCOrientationChange,Portrait
1441729045449,Command,CamRight
1441729046456,Command,CamLeft
1441729047463,Command,CamDown
1441729047918,Command,CamLeft
1441729048498,Command,CamLeft
1441729048704,Command,CamLeft
1441729049399,Command,CamLeft
1441729050400,Command,CamLeft
1441729052460,MCOrientationChange,Portrait
1441729052712,MCOrientationChange,Portrait
1441729057127,Command,CamUp
1441729057741,Command,CamRight
1441729062262,Command,CamDown
1441729062654,Command,CamLeft
1441729063217,Command,CamLeft
1441729063504,Command,CamDown
1441729063882,Command,CamLeft
1441729064417,Command,CamLeft
1441729064630,Command,CamLeft
1441729064828,Command,CamLeft
1441729065101,Command,CamLeft
1441729065261,Command,CamLeft
1441729065390,Command,CamLeft
1441729065542,Command,CamLeft
1441729065912,Command,CamDown
1441729065981,MCOrientationChange,Portrait
1441729066399,MCOrientationChange,Portrait
1441729066465,Command,CamDown
1441729067123,Command,CamDown
1441729067661,Command,CamDown
1441729068705,Command,CamLeft
1441729069231,MCOrientationChange,Landscape
1441729075409,MCOrientationChange,Portrait
1441729075819,MCOrientationChange,Portrait
1441729076040,MCOrientationChange,Portrait
1441729077993,MCOrientationChange,Portrait
1441729079243,Command,CamUp
1441729079292,MCOrientationChange,Portrait
1441729079778,Command,CamUp
1441729080319,Command,CamUp
1441729081136,Command,CamUp
1441729091166,MCOrientationChange,Portrait
1441729092051,MCOrientationChange,Portrait
1441729093164,MCOrientationChange,Portrait
1441729096025,MCOrientationChange,Portrait
1441729097951,MCOrientationChange,Portrait
1441729098804,MCOrientationChange,Portrait
1441729099109,MCOrientationChange,Portrait
1441729099251,MCOrientationChange,Portrait
1441729099353,MCOrientationChange,Portrait
1441729099741,MCOrientationChange,Portrait
1441729103590,MCOrientationChange,Portrait
1441729103814,MCOrientationChange,Portrait
1441729117530,MCOrientationChange,Portrait
1441729124071,MCOrientationChange,Portrait
1441729141242,MCOrientationChange,Portrait
1441729142091,MCOrientationChange,Portrait
1441729169773,MCTabToggle,StatusesView
1441729169773,TaskEnd,2
1441729170664,MCTabToggle,Disconnected
1441729490528,MCTabToggle,VideoChatView
1441729493257,MCCameraSwap,Front
1441729494577,MCOrientationChange,Portrait
1441729496506,MCOrientationChange,Portrait
1441729531214,MCOrientationChange,Landscape
1441729531947,MCOrientationChange,Landscape
1441729533305,MCOrientationChange,Portrait
1441729534049,MCOrientationChange,Portrait
1441729534248,MCOrientationChange,Portrait
1441729534439,MCOrientationChange,Portrait
1441729537148,MCOrientationChange,Portrait
1441729541307,MCOrientationChange,Portrait
1441729542367,MCOrientationChange,Landscape
1441729544200,MCOrientationChange,Landscape
1441729545149,MCTabToggle,DroneVideoView
1441729545368,MCTabToggle,VideoChatView
1441729550002,MCOrientationChange,Landscape
1441729550197,MCOrientationChange,Landscape
1441729550268,MCOrientationChange,Landscape
1441729551268,MCOrientationChange,Landscape
1441729554346,MCOrientationChange,Landscape
1441729554613,MCOrientationChange,Landscape
1441729554727,MCOrientationChange,Landscape
1441729952379,MCTabToggle,StatusesView
1441729954604,MCTabToggle,Disconnected
