1441833228718,MCOrientationChange,Portrait
1441833229717,MCOrientationChange,Portrait
1441833230087,MCOrientationChange,Portrait
1441833230498,MCTabToggle,VideoChatView
1441833231567,MCOrientationChange,Portrait
1441833235686,MCOrientationChange,Landscape
1441833237686,MCOrientationChange,Landscape
1441833238406,MCOrientationChange,Portrait
1441833240927,MCOrientationChange,Landscape
1441833241335,MCOrientationChange,Landscape
1441833242327,MCOrientationChange,Portrait
1441833242504,MCOrientationChange,Portrait
1441833249277,MCCameraSwap,Front
1441833251034,MCOrientationChange,Portrait
1441833253157,MCOrientationChange,Landscape
1441833268926,MCOrientationChange,Portrait
1441833270673,MCOrientationChange,Portrait
1441833270866,MCOrientationChange,Portrait
1441833271175,MCOrientationChange,Portrait
1441833271767,MCCameraSwap,Back
1441833272390,MCOrientationChange,Portrait
1441833278347,MCOrientationChange,Portrait
1441833280798,MCOrientationChange,Portrait
1441833281944,MCOrientationChange,Portrait
1441833282154,MCOrientationChange,Portrait
1441833282331,MCOrientationChange,Portrait
1441833282618,MCOrientationChange,Portrait
1441833326535,MCCameraSwap,Front
1441833328130,MCOrientationChange,Portrait
1441833329182,MCOrientationChange,Portrait
1441833334615,MCOrientationChange,Portrait
1441833335268,MCOrientationChange,Portrait
1441833363539,MCVideoChatSwapMainViews,Local
1441833369205,MCVideoChatSwapMainViews,Remote
1441833369431,MCVideoChatSwapMainViews,Local
1441833372348,MCCameraSwap,Back
1441833378047,MCCameraSwap,Front
1441833378812,MCOrientationChange,Portrait
1441833379587,MCOrientationChange,Portrait
1441833381922,MCTabToggle,DroneVideoView
1441833389027,MCOrientationChange,Portrait
1441833391223,MCTabToggle,VideoChatView
1441833392101,MCOrientationChange,Portrait
1441833399015,MCOrientationChange,Portrait
1441833399324,MCTabToggle,StatusesView
1441833399634,MCOrientationChange,Portrait
1441833403236,MCOrientationChange,Portrait
1441833403963,MCTabToggle,VideoChatView
1441833404181,MCOrientationChange,Portrait
1441833437566,MCTabToggle,DroneVideoView
1441833444856,MCTabToggle,VideoChatView
1441833457636,MCTabToggle,DroneVideoView
1441833467052,Command,CamLeft
1441833469929,Command,CamLeft
1441833474165,Command,CamLeft
1441833476159,Command,CamLeft
1441833479619,Command,CamRight
1441833480186,Command,CamRight
1441833480473,Command,CamRight
1441833518271,Command,CamUp
1441833523721,Command,CamDown
1441833527598,Command,CamLeft
1441833540330,MCTabToggle,StatusesView
1441833544014,MCTabToggle,DroneVideoView
1441833564567,Command,CamLeft
1441833566210,MCTabToggle,VideoChatView
1441833567668,MCTabToggle,DroneVideoView
1441833568550,Command,CamRight
1441833574169,Command,CamRight
1441833575414,Command,CamRight
1441833578912,MCTabToggle,VideoChatView
1441833700107,MCCameraSwap,Back
1441833722322,MCOrientationChange,Portrait
1441833726020,MCOrientationChange,Portrait
1441833729135,MCOrientationChange,Portrait
1441833729564,MCOrientationChange,Portrait
1441833729873,MCOrientationChange,Portrait
1441833730640,MCOrientationChange,Portrait
1441833777618,MCTabToggle,DroneVideoView
1441833779926,MCTabToggle,VideoChatView
1441833821835,MCCameraSwap,Front
1441833824696,MCCameraSwap,Back
1441833848860,TaskBegin,0
1441833859500,MCTabToggle,DroneVideoView
1441833865588,Command,CamDown
1441833867994,Command,CamDown
1441833882779,Command,CamLeft
1441833894420,Command,CamUp
1441833896025,Command,CamLeft
1441833897169,Command,CamLeft
1441833899567,Command,CamLeft
1441833907547,MCTabToggle,VideoChatView
1441833912117,MCTabToggle,DroneVideoView
1441833913987,Command,CamLeft
1441833916474,Command,CamDown
1441833917579,Command,CamLeft
1441833918472,Command,CamLeft
1441833919195,Command,CamLeft
1441833921245,Command,CamDown
1441833922236,Command,CamDown
1441833923004,Command,CamDown
1441833923514,Command,CamDown
1441833923606,Command,CamDown
1441833923756,Command,CamDown
1441833923817,Command,CamDown
1441833923828,Command,CamDown
1441833923918,Command,CamDown
1441833924111,Command,CamDown
1441833924216,Command,CamDown
1441833924298,Command,CamDown
1441833924299,Command,CamDown
1441833924705,Command,CamDown
1441833927550,Command,CamRight
1441833928636,Command,CamRight
1441833929123,Command,CamRight
1441833929226,Command,CamRight
1441833929314,Command,CamRight
1441833929388,Command,CamRight
1441833929454,Command,CamRight
1441833929557,Command,CamRight
1441833929613,Command,CamRight
1441833929730,Command,CamRight
1441833929807,Command,CamRight
1441833929859,Command,CamRight
1441833930002,Command,CamRight
1441833930506,Command,CamRight
1441833931036,Command,CamRight
1441833931107,Command,CamRight
1441833931142,Command,CamRight
1441833931251,Command,CamRight
1441833931312,Command,CamRight
1441833931412,Command,CamRight
1441833935627,Command,CamUp
1441833936198,Command,CamUp
1441833936810,Command,CamUp
1441833973778,MCTabToggle,VideoChatView
1441833990557,MCTabToggle,DroneVideoView
1441834024191,Command,CamDown
1441834024570,Command,CamDown
1441834025950,MCTabToggle,VideoChatView
1441834036727,MCTabToggle,DroneVideoView
1441834104157,Command,CamLeft
1441834104754,Command,CamLeft
1441834105079,Command,CamLeft
1441834105579,Command,CamLeft
1441834106858,Command,CamLeft
1441834114218,Command,CamLeft
1441834115067,Command,CamLeft
1441834129689,MCTabToggle,VideoChatView
1441834166879,MCTabToggle,DroneVideoView
1441834224435,Command,CamRight
1441834225460,Command,CamRight
1441834226558,Command,CamUp
1441834229637,Command,CamRight
1441834230546,Command,CamUp
1441834232446,Command,CamUp
1441834242307,MCOrientationChange,Portrait
1441834242686,MCOrientationChange,Portrait
1441834242804,MCTabToggle,StatusesView
1441834243166,MCOrientationChange,Portrait
1441834243359,MCOrientationChange,Portrait
1441834251309,MCOrientationChange,Portrait
1441834251538,MCOrientationChange,Portrait
1441834251898,MCOrientationChange,Portrait
1441834254590,Command,MoveUp
1441834258007,MCOrientationChange,Portrait
1441834258263,MCOrientationChange,Portrait
1441834259571,MCOrientationChange,Portrait
1441834260326,MCOrientationChange,Portrait
1441834261603,MCOrientationChange,Portrait
1441834262976,MCOrientationChange,Portrait
1441834263954,MCOrientationChange,Portrait
1441834264638,MCOrientationChange,Portrait
1441834265199,MCOrientationChange,Portrait
1441834265298,MCOrientationChange,Portrait
1441834265818,MCOrientationChange,Portrait
1441834269435,MCOrientationChange,Portrait
1441834269643,MCOrientationChange,Portrait
1441834276014,Command,CamDown
1441834276846,Command,CamLeft
1441834277684,MCTabToggle,DroneVideoView
1441834277684,MCOrientationChange,Portrait
1441834278018,MCOrientationChange,Portrait
1441834278852,Command,CamUp
1441834280199,Command,CamDown
1441834280711,Command,CamDown
1441834281114,Command,CamDown
1441834281654,Command,CamDown
1441834282066,Command,CamDown
1441834285549,Command,CamDown
1441834294041,Command,CamRight
1441834294655,Command,CamRight
1441834295206,Command,CamRight
1441834295795,Command,CamUp
1441834296801,Command,CamUp
1441834319428,MCOrientationChange,Portrait
1441834319538,MCOrientationChange,Portrait
1441834344618,MCOrientationChange,Portrait
1441834347375,MCOrientationChange,Portrait
1441834356839,MCOrientationChange,Portrait
1441834360577,MCTabToggle,VideoChatView
1441834362547,MCCameraSwap,Front
1441834363547,MCOrientationChange,Portrait
1441834383990,MCOrientationChange,Portrait
1441834386208,MCTabToggle,StatusesView
1441834387199,TaskEnd,0
1441834671943,MCOrientationChange,Portrait
1441834672143,MCOrientationChange,Portrait
1441834672805,MCOrientationChange,Portrait
1441834674163,MCOrientationChange,Portrait
1441834675123,MCTabToggle,VideoChatView
1441834677713,MCOrientationChange,Portrait
1441834697178,MCVideoChatSwapMainViews,Local
1441834704208,MCOrientationChange,Portrait
1441834705165,MCOrientationChange,Portrait
1441834742361,MCOrientationChange,Portrait
1441834742803,MCOrientationChange,Portrait
1441834743359,TaskBegin,1
1441834750750,MCTabToggle,DroneVideoView
1441834755443,MCTabToggle,VideoChatView
1441834790206,Command,CamLeft
1441834791457,Command,CamLeft
1441834792670,Command,CamLeft
1441834793944,Command,CamLeft
1441834795946,Command,CamLeft
1441834796991,Command,CamLeft
1441834798072,Command,CamLeft
1441834798971,Command,CamLeft
1441834800543,Command,CamLeft
1441834803560,Command,CamDown
1441834804150,Command,CamDown
1441834804622,Command,CamDown
1441834804956,Command,CamDown
1441834805256,Command,CamDown
1441834805500,Command,CamDown
1441834807034,MCTabToggle,DroneVideoView
1441834808259,Command,CamUp
1441834808921,Command,CamUp
1441834809339,Command,CamUp
1441834810459,Command,CamUp
1441834819469,MCTabToggle,VideoChatView
1441834820624,Command,CamRight
1441834828978,Command,CamRight
1441834829356,Command,CamRight
1441834830012,Command,CamRight
1441834833246,Command,CamLeft
1441834833954,Command,CamLeft
1441835007260,MCTabToggle,DroneVideoView
1441835007883,Command,CamRight
1441835008838,Command,CamRight
1441835009572,Command,CamRight
1441835009974,Command,CamRight
1441835010346,Command,CamRight
1441835010615,Command,CamRight
1441835010938,Command,CamRight
1441835011277,Command,CamRight
1441835011715,Command,CamRight
1441835012394,Command,CamRight
1441835013242,Command,CamRight
1441835013886,Command,CamRight
1441835016255,Command,CamRight
1441835017818,Command,CamRight
1441835025252,Command,CamLeft
1441835026381,Command,CamLeft
1441835027172,Command,CamLeft
1441835028932,Command,CamRight
1441835029377,Command,CamRight
1441835029826,Command,CamRight
1441835030311,Command,CamRight
1441835030957,Command,CamRight
1441835031646,Command,CamRight
1441835032909,Command,CamRight
1441835056366,Command,CamLeft
1441835057332,Command,CamLeft
1441835157874,Command,CamLeft
1441835158385,Command,CamLeft
1441835158938,Command,CamLeft
1441835159470,Command,CamLeft
1441835209343,MCOrientationChange,Portrait
1441835210344,MCOrientationChange,Portrait
1441835210697,MCOrientationChange,Portrait
1441835210797,MCOrientationChange,Portrait
1441835212383,MCOrientationChange,Portrait
1441835217324,MCOrientationChange,Portrait
1441835217724,MCOrientationChange,Portrait
1441835217902,MCOrientationChange,Portrait
1441835219465,MCOrientationChange,Portrait
1441835220122,MCOrientationChange,Portrait
1441835224663,MCOrientationChange,Portrait
1441835225063,MCOrientationChange,Portrait
1441835226183,MCOrientationChange,Portrait
1441835226654,MCOrientationChange,Portrait
1441835227239,MCOrientationChange,Portrait
1441835232963,MCTabToggle,VideoChatView
1441835233622,MCOrientationChange,Portrait
1441835234069,MCCameraSwap,Front
1441835239771,Command,CamUp
1441835254178,MCTabToggle,StatusesView
1441835255555,TaskEnd,1
1441835859985,MCOrientationChange,Landscape
1441835860696,MCOrientationChange,Landscape
1441835863036,MCOrientationChange,Portrait
1441835865425,MCOrientationChange,Portrait
1441835865524,MCOrientationChange,Portrait
1441835866668,MCTabToggle,Disconnected
1441835965691,MCTabToggle,VideoChatView
1441835972324,MCOrientationChange,Portrait
1441835973484,MCOrientationChange,Portrait
1441835973969,MCOrientationChange,Portrait
1441835982060,MCTabToggle,StatusesView
1441835983330,MCTabToggle,VideoChatView
1441836007279,MCVideoChatSwapMainViews,Local
1441836027497,Command,CamUp
1441836028118,Command,CamUp
1441836028707,Command,CamUp
1441836031794,TaskBegin,2
1441836042787,Command,CamDown
1441836042804,Command,CamUp
1441836043227,Command,CamDown
1441836043492,Command,CamDown
1441836043887,Command,CamDown
1441836044153,Command,CamDown
1441836044495,Command,CamDown
1441836045600,Command,CamUp
1441836048779,Command,CamUp
1441836048989,Command,CamUp
1441836050143,Command,CamDown
1441836057594,Command,CamDown
1441836057840,Command,CamDown
1441836058152,Command,CamDown
1441836058334,Command,CamDown
1441836058840,Command,CamDown
1441836101131,Command,CamUp
1441836101601,Command,CamUp
1441836102065,Command,CamUp
1441836104927,Command,CamDown
1441836105466,Command,CamDown
1441836107028,Command,CamLeft
1441836107254,Command,CamLeft
1441836107660,Command,CamLeft
1441836108051,Command,CamLeft
1441836108388,Command,CamLeft
1441836109231,Command,CamUp
1441836109553,Command,CamUp
1441836109899,Command,CamUp
1441836110757,Command,CamRight
1441836111444,Command,CamDown
1441836111773,Command,CamDown
1441836112144,Command,CamDown
1441836112952,Command,CamDown
1441836113239,Command,CamRight
1441836113585,Command,CamRight
1441836113767,Command,CamRight
1441836113958,Command,CamRight
1441836114241,Command,CamRight
1441836114487,Command,CamRight
1441836118447,Command,CamUp
1441836118802,Command,CamUp
1441836120312,Command,CamDown
1441836120613,Command,CamDown
1441836121189,Command,CamDown
1441836121736,Command,CamLeft
1441836122284,Command,CamLeft
1441836122339,Command,CamLeft
1441836122621,Command,CamLeft
1441836122934,Command,CamLeft
1441836123151,Command,CamLeft
1441836123602,Command,CamUp
1441836124035,Command,CamUp
1441836127558,Command,CamUp
1441836127871,Command,CamUp
1441836128236,Command,CamUp
1441836128692,Command,CamLeft
1441836129490,Command,CamDown
1441836129915,Command,CamDown
1441836130234,Command,CamDown
1441836130963,Command,CamDown
1441836131559,Command,CamUp
1441836135728,Command,CamLeft
1441836136023,Command,CamLeft
1441836136400,Command,CamLeft
1441836136844,Command,CamLeft
1441836142700,Command,CamLeft
1441836143093,Command,CamLeft
1441836143448,Command,CamLeft
1441836143946,Command,CamLeft
1441836144554,Command,CamLeft
1441836145198,Command,CamLeft
1441836146081,Command,CamLeft
1441836146446,Command,CamLeft
1441836146772,Command,CamLeft
1441836147188,Command,CamLeft
1441836147399,Command,CamLeft
1441836147867,Command,CamUp
1441836148343,Command,CamUp
1441836152741,Command,CamUp
1441836153498,Command,CamUp
1441836154629,Command,CamDown
1441836154968,Command,CamDown
1441836155338,Command,CamDown
1441836162668,Command,CamUp
1441836163341,Command,CamLeft
1441836163797,Command,CamLeft
1441836164137,Command,CamLeft
1441836164498,Command,CamLeft
1441836165048,Command,CamLeft
1441836166294,Command,CamUp
1441836166744,Command,CamLeft
1441836167239,Command,CamLeft
1441836167627,Command,CamLeft
1441836167918,Command,CamLeft
1441836168623,Command,CamUp
1441836169719,Command,CamDown
1441836170211,Command,CamDown
1441836170314,Command,CamDown
1441836170398,Command,CamDown
1441836170489,Command,CamDown
1441836170699,Command,CamDown
1441836171104,Command,CamDown
1441836171618,Command,CamUp
1441836172241,Command,CamUp
1441836174795,Command,CamUp
1441836175399,Command,CamLeft
1441836175716,Command,CamLeft
1441836175988,Command,CamLeft
1441836176286,Command,CamLeft
1441836178425,Command,CamUp
1441836179522,Command,CamDown
1441836180124,Command,CamDown
1441836184127,Command,CamUp
1441836184918,Command,CamDown
1441836185665,Command,CamDown
1441836186883,Command,CamUp
1441836187398,Command,CamUp
1441836188485,Command,CamRight
1441836189034,Command,CamRight
1441836189194,Command,CamRight
1441836189658,Command,CamRight
1441836190094,Command,CamRight
1441836190757,Command,CamRight
1441836191163,Command,CamRight
1441836205440,MCOrientationChange,Portrait
1441836205608,MCOrientationChange,Portrait
1441836213528,Command,CamLeft
1441836213790,Command,CamLeft
1441836214069,Command,CamDown
1441836214257,Command,CamDown
1441836214470,Command,CamDown
1441836214726,Command,CamDown
1441836214896,Command,CamDown
1441836216331,Command,CamLeft
1441836216597,Command,CamLeft
1441836216795,Command,CamLeft
1441836216998,Command,CamLeft
1441836217772,Command,CamUp
1441836218115,Command,CamUp
1441836219140,Command,CamLeft
1441836219466,Command,CamLeft
1441836219951,Command,CamLeft
1441836220251,Command,CamLeft
1441836220864,Command,CamLeft
1441836221493,Command,CamUp
1441836221760,Command,CamUp
1441836222724,Command,CamLeft
1441836223595,Command,CamLeft
1441836226032,Command,CamLeft
1441836226288,Command,CamLeft
1441836227274,Command,CamLeft
1441836227515,Command,CamLeft
1441836241039,Command,CamUp
1441836241877,Command,CamUp
1441836242427,Command,CamUp
1441836244124,Command,CamUp
1441836244773,Command,CamDown
1441836245375,Command,CamDown
1441836245415,Command,CamDown
1441836245438,Command,CamDown
1441836245542,Command,CamDown
1441836245609,Command,CamDown
1441836245770,Command,CamDown
1441836245966,Command,CamDown
1441836246206,Command,CamDown
1441836246795,Command,CamUp
1441836247129,Command,CamUp
1441836251865,Command,CamUp
1441836256391,Command,CamRight
1441836257135,Command,CamRight
1441836257436,Command,CamRight
1441836257629,Command,CamRight
1441836257921,Command,CamRight
1441836259767,Command,CamLeft
1441836262533,Command,CamUp
1441836262736,Command,CamUp
1441836281065,Command,CamLeft
1441836294650,Command,CamDown
1441836301925,MCOrientationChange,Portrait
1441836302991,MCOrientationChange,Portrait
1441836311511,Command,CamDown
1441836311762,Command,CamDown
1441836312519,Command,CamDown
1441836312904,Command,CamDown
1441836315228,Command,CamUp
1441836316246,Command,CamLeft
1441836316572,Command,CamLeft
1441836317086,Command,CamLeft
1441836317437,Command,CamLeft
1441836317843,Command,CamLeft
1441836318491,Command,CamUp
1441836318744,Command,CamUp
1441836319678,Command,CamLeft
1441836321167,Command,CamLeft
1441836321721,Command,CamLeft
1441836322194,Command,CamUp
1441836323409,Command,CamDown
1441836323933,Command,CamDown
1441836324031,Command,CamDown
1441836324080,Command,CamDown
1441836324667,Command,CamDown
1441836327127,Command,CamLeft
1441836327407,Command,CamLeft
1441836327760,Command,CamLeft
1441836328165,Command,CamLeft
1441836328618,Command,CamLeft
1441836329303,Command,CamLeft
1441836329621,Command,CamLeft
1441836330766,Command,CamLeft
1441836331090,Command,CamLeft
1441836331548,Command,CamUp
1441836331991,Command,CamUp
1441836340863,Command,CamUp
1441836342098,Command,CamUp
1441836342847,Command,CamUp
1441836344374,Command,CamDown
1441836344719,Command,CamDown
1441836345069,Command,CamDown
1441836345388,Command,CamDown
1441836353364,Command,CamLeft
1441836353744,Command,CamLeft
1441836353956,Command,CamLeft
1441836354119,Command,CamLeft
1441836354359,Command,CamLeft
1441836354997,Command,CamLeft
1441836355289,Command,CamLeft
1441836355796,Command,CamLeft
1441836356336,Command,CamLeft
1441836357227,Command,CamRight
1441836357665,Command,CamRight
1441836357911,Command,CamRight
1441836358174,Command,CamRight
1441836358469,Command,CamRight
1441836358921,Command,CamRight
1441836359261,Command,CamRight
1441836359526,Command,CamRight
1441836359810,Command,CamRight
1441836360355,Command,CamUp
1441836360648,Command,CamUp
1441836364557,Command,CamUp
1441836364935,Command,CamUp
1441836365731,Command,CamDown
1441836366235,Command,CamDown
1441836366399,Command,CamDown
1441836366683,Command,CamDown
1441836367056,Command,CamDown
1441836367805,Command,CamUp
1441836368103,Command,CamUp
1441836368400,Command,CamUp
1441836371809,Command,CamRight
1441836372256,Command,CamRight
1441836373474,Command,CamRight
1441836381016,Command,CamLeft
1441836381321,Command,CamLeft
1441836381952,Command,CamLeft
1441836384828,Command,CamUp
1441836387104,Command,CamLeft
1441836387593,Command,CamLeft
1441836387828,Command,CamLeft
1441836388115,Command,CamLeft
1441836388443,Command,CamLeft
1441836402513,Command,CamDown
1441836402873,Command,CamDown
1441836403136,Command,CamDown
1441836403501,Command,CamDown
1441836403875,Command,CamDown
1441836404259,Command,CamUp
1441836404711,Command,CamUp
1441836404956,Command,CamUp
1441836405891,Command,CamLeft
1441836406267,Command,CamLeft
1441836407888,Command,CamLeft
1441836411053,Command,CamUp
1441836413412,Command,CamLeft
1441836413905,Command,CamLeft
1441836414572,Command,CamLeft
1441836414991,Command,CamLeft
1441836415358,Command,CamLeft
1441836415692,Command,CamLeft
1441836416360,Command,CamLeft
1441836436281,Command,CamDown
1441836436406,Command,CamDown
1441836436668,Command,CamDown
1441836437318,Command,CamDown
1441836437986,Command,CamRight
1441836438570,Command,CamRight
1441836438615,Command,CamRight
1441836438655,Command,CamRight
1441836438764,Command,CamRight
1441836438840,Command,CamRight
1441836438911,Command,CamRight
1441836439025,Command,CamRight
1441836439337,Command,CamRight
1441836440370,Command,CamRight
1441836440650,Command,CamRight
1441836441034,Command,CamUp
1441836441456,Command,CamUp
1441836442003,Command,CamUp
1441836444029,Command,CamUp
1441836444686,Command,CamRight
1441836445275,Command,CamRight
1441836445872,Command,CamRight
1441836446470,Command,CamRight
1441836447105,Command,CamRight
1441836447763,Command,CamRight
1441836448443,Command,CamRight
1441836448996,Command,CamRight
1441836449628,Command,CamUp
1441836450350,Command,CamUp
1441836451577,Command,CamRight
1441836452996,Command,CamDown
1441836453555,Command,CamDown
1441836461471,Command,CamUp
1441836462908,Command,CamDown
1441836466477,Command,CamLeft
1441836466970,Command,CamLeft
1441836467087,Command,CamLeft
1441836467219,Command,CamLeft
1441836467327,Command,CamLeft
1441836467390,Command,CamLeft
1441836467452,Command,CamLeft
1441836467491,Command,CamLeft
1441836477931,Command,CamRight
1441836479317,Command,CamLeft
1441836479657,Command,CamDown
1441836487502,MCOrientationChange,Portrait
1441836487687,MCOrientationChange,Portrait
1441836495330,Command,CamDown
1441836495834,Command,CamLeft
1441836496398,Command,CamLeft
1441836496757,Command,CamLeft
1441836497199,Command,CamLeft
1441836503847,Command,CamLeft
1441836504225,Command,CamLeft
1441836506735,Command,CamLeft
1441836510317,Command,CamLeft
1441836510607,Command,CamLeft
1441836540410,Command,CamUp
1441836540699,Command,CamUp
1441836541040,Command,CamUp
1441836542072,Command,CamDown
1441836542503,Command,CamDown
1441836561663,Command,CamUp
1441836563024,Command,CamDown
1441836563711,Command,CamDown
1441836564108,Command,CamDown
1441836565415,Command,CamUp
1441836565767,Command,CamUp
1441836566199,Command,CamUp
1441836566386,Command,CamUp
1441836566441,Command,CamUp
1441836566820,Command,CamUp
1441836583879,Command,CamDown
1441836584380,Command,CamDown
1441836618512,Command,CamDown
1441836618783,Command,CamDown
1441836619048,Command,CamDown
1441836619312,Command,CamDown
1441836620762,Command,CamDown
1441836621469,Command,CamLeft
1441836624197,Command,CamLeft
1441836624650,Command,CamLeft
1441836625078,Command,CamLeft
1441836626699,Command,CamLeft
1441836628421,Command,CamLeft
1441836629178,Command,CamDown
1441836629542,Command,CamDown
1441836630023,Command,CamDown
1441836630323,Command,CamDown
1441836630910,Command,CamDown
1441836631376,Command,CamDown
1441836631430,Command,CamDown
1441836631547,Command,CamDown
1441836631827,Command,CamDown
1441836632340,Command,CamDown
1441836632389,Command,CamDown
1441836632513,Command,CamDown
1441836632576,Command,CamDown
1441836632651,Command,CamDown
1441836632784,Command,CamDown
1441836632849,Command,CamDown
1441836632907,Command,CamDown
1441836633029,Command,CamDown
1441836633101,Command,CamDown
1441836633165,Command,CamDown
1441836635701,Command,CamLeft
1441836636409,Command,CamLeft
1441836641268,Command,CamLeft
1441836642157,Command,CamUp
1441836642560,Command,CamUp
1441836642980,Command,CamUp
1441836644000,Command,CamDown
1441836644581,Command,CamDown
1441836839237,MCOrientationChange,Portrait
1441836842230,MCOrientationChange,Portrait
1441836843208,MCOrientationChange,Portrait
1441836844412,MCOrientationChange,Portrait
1441836845035,MCCameraSwap,Front
1441836891575,MCTabToggle,StatusesView
1441836892750,TaskEnd,2
1441837304152,MCOrientationChange,Portrait
1441837304632,MCOrientationChange,Portrait
1441837307467,MCTabToggle,VideoChatView
1441837313692,MCOrientationChange,Portrait
1441837317433,MCCameraSwap,Front
1441837317671,MCOrientationChange,Portrait
1441837318850,MCOrientationChange,Portrait
1441837324147,MCOrientationChange,Portrait
1441837325050,MCOrientationChange,Landscape
1441837334192,MCOrientationChange,Landscape
1441837336116,MCOrientationChange,Landscape
1441837351077,MCOrientationChange,Landscape
1441837355702,MCOrientationChange,Landscape
1441837357329,MCOrientationChange,Landscape
1441837358968,MCOrientationChange,Landscape
1441837623732,MCOrientationChange,Landscape
1441837623838,MCOrientationChange,Landscape
1441837648512,MCOrientationChange,Landscape
1441837651220,MCOrientationChange,Landscape
1441837661072,MCTabToggle,StatusesView
1441837663393,MCTabToggle,Disconnected
