1441909576296,MCTabToggle,VideoChatView
1441909579432,Command,CamLeft
1441909580137,Command,CamLeft
1441909580938,Command,CamLeft
1441909582270,Command,CamRight
1441909583750,Command,CamRight
1441909584476,Command,CamRight
1441909585075,Command,CamRight
1441909585629,Command,CamRight
1441909586285,Command,CamLeft
1441909586495,Command,CamLeft
1441909586676,Command,CamLeft
1441909587108,Command,CamUp
1441909587260,Command,CamUp
1441909589708,Command,CamDown
1441909589867,Command,CamDown
1441909590992,Command,CamRight
1441909591157,Command,CamRight
1441909591641,Command,CamLeft
1441909593523,MCVideoChatSwapMainViews,Local
1441909594554,MCOrientationChange,Portrait
1441909594784,MCOrientationChange,Portrait
1441909600101,MCOrientationChange,Portrait
1441909629234,Command,MoveUp
1441909630429,Command,MoveUp
1441909632841,Command,MoveUp
1441909633497,Command,MoveUp
1441909636803,Command,MoveDown
1441909636954,Command,MoveDown
1441909637718,Command,MoveDown
1441909641999,Command,MoveForward
1441909642422,Command,MoveForward
1441909644039,Command,MoveBack
1441909644313,Command,MoveBack
1441909644933,Command,MoveBack
1441909645841,Command,MoveBack
1441909647291,Command,MoveBack
1441909651697,Command,MoveForward
1441909652078,Command,MoveForward
1441909652335,Command,MoveForward
1441909652529,Command,MoveForward
1441909652797,Command,MoveForward
1441909653186,Command,MoveForward
1441909654321,Command,MoveBack
1441909654609,Command,MoveBack
1441909654719,Command,MoveBack
1441909655496,Command,MoveBack
1441909659325,MCOrientationChange,Portrait
1441909659621,MCOrientationChange,Portrait
1441909664848,Command,CamLeft
1441909665288,Command,CamLeft
1441909675126,Command,CamRight
1441909675594,Command,CamRight
1441909678943,MCOrientationChange,Portrait
1441909679622,MCTabToggle,DroneVideoView
1441909686034,MCTabToggle,VideoChatView
1441909693423,MCCameraSwap,Front
1441909698142,MCCameraSwap,Back
1441909703653,MCVideoChatSwapMainViews,Remote
1441909704554,MCVideoChatSwapMainViews,Local
1441909715592,MCTabToggle,DroneVideoView
1441909731208,MCTabToggle,VideoChatView
1441909731745,MCTabToggle,DroneVideoView
1441909732767,MCOrientationChange,Landscape
1441909744439,MCTabToggle,VideoChatView
1441909745289,MCTabToggle,DroneVideoView
1441909746331,MCTabToggle,VideoChatView
1441909747753,MCOrientationChange,Portrait
1441909761535,MCOrientationChange,Portrait
1441909848880,MCTabToggle,StatusesView
1441909849655,MCTabToggle,Disconnected
1441911977734,MCTabToggle,VideoChatView
1441911983400,MCOrientationChange,Portrait
1441911990318,MCCameraSwap,Front
1441911992776,MCOrientationChange,Portrait
1441911993113,MCOrientationChange,Portrait
1441912017924,MCCameraSwap,Back
1441912031855,MCVideoChatSwapMainViews,Local
1441912050016,MCOrientationChange,Portrait
1441912068523,MCOrientationChange,Portrait
1441912068998,MCOrientationChange,Portrait
1441912069121,MCOrientationChange,Portrait
1441912069709,MCTabToggle,StatusesView
1441912069779,MCOrientationChange,Portrait
1441912073163,MCOrientationChange,Portrait
1441912073319,MCOrientationChange,Portrait
1441912075475,MCOrientationChange,Portrait
1441912075889,Command,MoveForward
1441912076416,Command,MoveForward
1441912077775,MCOrientationChange,Portrait
1441912079321,Command,MoveForward
1441912081793,MCOrientationChange,Portrait
1441912082840,Command,MoveForward
1441912084543,MCOrientationChange,Portrait
1441912106894,MCTabToggle,VideoChatView
1441912112514,MCOrientationChange,Portrait
1441912113679,MCOrientationChange,Portrait
1441912119428,TaskBegin,0
1441912119579,MCOrientationChange,Portrait
1441912121115,MCOrientationChange,Portrait
1441912169648,MCOrientationChange,Portrait
1441912169824,MCOrientationChange,Portrait
1441912178456,Command,CamRight
1441912178762,Command,CamRight
1441912179162,Command,CamRight
1441912179696,Command,CamRight
1441912180194,Command,CamRight
1441912180900,Command,CamRight
1441912182397,Command,CamRight
1441912188748,Command,MoveDown
1441912189230,Command,MoveDown
1441912190251,Command,MoveDown
1441912193335,Command,CamRight
1441912193637,Command,CamRight
1441912195934,Command,CamRight
1441912196214,MCOrientationChange,Portrait
1441912196438,MCOrientationChange,Portrait
1441912199082,MCOrientationChange,Portrait
1441912199254,MCOrientationChange,Portrait
1441912229601,MCOrientationChange,Portrait
1441912229871,MCOrientationChange,Portrait
1441912258375,MCOrientationChange,Portrait
1441912258404,MCOrientationChange,Portrait
1441912273784,Command,MoveUp
1441912274275,Command,MoveUp
1441912319380,Command,CamDown
1441912319625,Command,CamDown
1441912320106,Command,CamDown
1441912320831,Command,CamDown
1441912321644,Command,CamDown
1441912324098,Command,CamDown
1441912324990,Command,CamDown
1441912329606,Command,CamDown
1441912345175,Command,CamUp
1441912347368,Command,CamLeft
1441912347573,Command,CamLeft
1441912347851,Command,CamLeft
1441912348497,Command,CamLeft
1441912348884,Command,CamLeft
1441912349222,Command,CamLeft
1441912350109,Command,CamLeft
1441912357649,Command,CamRight
1441912357919,Command,CamRight
1441912358463,Command,CamRight
1441912370843,MCOrientationChange,Portrait
1441912370998,MCOrientationChange,Portrait
1441912371436,Command,CamRight
1441912371858,Command,CamRight
1441912372641,Command,CamRight
1441912372973,Command,CamRight
1441912373482,Command,CamRight
1441912374392,Command,CamRight
1441912378824,Command,CamRight
1441912383328,Command,CamDown
1441912383559,Command,CamDown
1441912388993,Command,CamLeft
1441912389302,Command,CamLeft
1441912389927,Command,CamLeft
1441912390505,Command,CamLeft
1441912390854,Command,CamLeft
1441912391443,Command,CamLeft
1441912392197,Command,CamLeft
1441912392982,Command,CamLeft
1441912393433,Command,CamLeft
1441912394139,Command,CamLeft
1441912395070,Command,CamLeft
1441912396224,Command,CamLeft
1441912396383,MCOrientationChange,Portrait
1441912396460,MCOrientationChange,Portrait
1441912397271,MCOrientationChange,Portrait
1441912397403,Command,CamLeft
1441912397554,MCOrientationChange,Portrait
1441912399196,MCOrientationChange,Portrait
1441912399544,MCOrientationChange,Portrait
1441912400067,Command,CamLeft
1441912400925,Command,CamLeft
1441912401474,MCOrientationChange,Portrait
1441912401763,MCOrientationChange,Portrait
1441912403031,Command,CamLeft
1441912403033,MCOrientationChange,Portrait
1441912403323,MCOrientationChange,Portrait
1441912403410,Command,CamLeft
1441912405126,MCOrientationChange,Portrait
1441912405501,MCOrientationChange,Portrait
1441912406767,MCOrientationChange,Portrait
1441912407615,MCOrientationChange,Portrait
1441912409253,MCOrientationChange,Portrait
1441912409555,MCOrientationChange,Portrait
1441912410138,Command,CamUp
1441912410390,Command,CamUp
1441912410632,Command,CamUp
1441912411223,MCOrientationChange,Portrait
1441912411559,MCOrientationChange,Portrait
1441912415121,MCOrientationChange,Portrait
1441912415211,MCOrientationChange,Portrait
1441912415500,MCOrientationChange,Portrait
1441912415994,MCOrientationChange,Portrait
1441912416911,MCOrientationChange,Portrait
1441912417459,MCOrientationChange,Portrait
1441912417836,MCOrientationChange,Portrait
1441912418797,MCOrientationChange,Portrait
1441912419095,MCOrientationChange,Portrait
1441912419494,MCOrientationChange,Portrait
1441912419883,MCOrientationChange,Portrait
1441912420630,MCOrientationChange,Portrait
1441912420924,MCOrientationChange,Portrait
1441912421705,MCOrientationChange,Portrait
1441912423825,MCOrientationChange,Portrait
1441912425818,MCOrientationChange,Portrait
1441912428162,MCOrientationChange,Portrait
1441912430614,MCOrientationChange,Portrait
1441912430997,MCOrientationChange,Portrait
1441912432935,MCOrientationChange,Portrait
1441912433215,MCOrientationChange,Portrait
1441912434095,MCOrientationChange,Portrait
1441912434267,MCOrientationChange,Portrait
1441912435431,MCOrientationChange,Portrait
1441912436255,MCOrientationChange,Portrait
1441912436815,MCOrientationChange,Portrait
1441912436955,MCOrientationChange,Portrait
1441912437613,MCOrientationChange,Portrait
1441912439111,MCOrientationChange,Portrait
1441912439507,MCOrientationChange,Portrait
1441912441035,MCOrientationChange,Portrait
1441912442089,Command,CamRight
1441912442544,Command,CamRight
1441912442777,Command,CamRight
1441912443069,Command,CamRight
1441912443421,Command,CamRight
1441912448810,MCOrientationChange,Portrait
1441912449313,MCOrientationChange,Portrait
1441912453710,Command,CamDown
1441912453798,MCOrientationChange,Portrait
1441912454144,Command,CamDown
1441912454421,Command,CamDown
1441912454818,Command,CamDown
1441912454826,MCOrientationChange,Portrait
1441912456440,MCOrientationChange,Portrait
1441912456910,MCOrientationChange,Portrait
1441912457583,MCOrientationChange,Portrait
1441912457715,MCOrientationChange,Portrait
1441912458657,MCOrientationChange,Portrait
1441912459631,MCOrientationChange,Portrait
1441912462615,MCOrientationChange,Portrait
1441912462890,MCOrientationChange,Portrait
1441912465111,MCOrientationChange,Portrait
1441912465211,MCOrientationChange,Portrait
1441912466193,MCOrientationChange,Portrait
1441912466771,MCOrientationChange,Portrait
1441912470023,Command,CamDown
1441912470274,Command,CamDown
1441912470567,Command,CamDown
1441912471028,Command,CamDown
1441912471313,MCOrientationChange,Portrait
1441912471355,MCOrientationChange,Portrait
1441912471622,Command,CamDown
1441912472341,Command,CamDown
1441912472787,Command,CamDown
1441912474427,Command,CamDown
1441912476835,MCOrientationChange,Portrait
1441912477082,MCOrientationChange,Portrait
1441912477724,Command,CamLeft
1441912477819,MCOrientationChange,Portrait
1441912477943,Command,CamLeft
1441912478103,MCOrientationChange,Portrait
1441912478217,Command,CamLeft
1441912478512,Command,CamLeft
1441912481860,MCOrientationChange,Portrait
1441912482322,MCOrientationChange,Portrait
1441912482939,MCOrientationChange,Portrait
1441912483323,MCOrientationChange,Portrait
1441912483866,MCOrientationChange,Portrait
1441912484183,MCOrientationChange,Portrait
1441912485135,MCOrientationChange,Portrait
1441912485415,MCOrientationChange,Portrait
1441912486224,MCOrientationChange,Portrait
1441912486503,MCOrientationChange,Portrait
1441912488342,MCOrientationChange,Portrait
1441912488495,MCOrientationChange,Portrait
1441912489287,MCOrientationChange,Portrait
1441912489352,MCOrientationChange,Portrait
1441912490893,MCOrientationChange,Portrait
1441912491958,MCOrientationChange,Portrait
1441912492254,MCOrientationChange,Portrait
1441912495187,MCOrientationChange,Portrait
1441912495531,MCOrientationChange,Portrait
1441912504715,MCOrientationChange,Portrait
1441912504884,MCOrientationChange,Portrait
1441912508080,MCOrientationChange,Portrait
1441912509990,MCOrientationChange,Portrait
1441912510515,MCOrientationChange,Portrait
1441912510756,MCOrientationChange,Portrait
1441912512191,MCOrientationChange,Portrait
1441912512610,MCOrientationChange,Portrait
1441912540183,MCCameraSwap,Front
1441912540766,MCOrientationChange,Portrait
1441912561548,MCTabToggle,StatusesView
1441912562772,TaskEnd,0
1441912978726,MCOrientationChange,Portrait
1441912979317,MCOrientationChange,Portrait
1441912979396,MCOrientationChange,Portrait
1441912979516,MCOrientationChange,Portrait
1441912980077,MCTabToggle,VideoChatView
1441912981370,MCOrientationChange,Portrait
1441912982307,MCOrientationChange,Portrait
1441912983747,MCOrientationChange,Portrait
1441912984555,MCOrientationChange,Portrait
1441912985947,MCOrientationChange,Portrait
1441912988385,MCOrientationChange,Portrait
1441912993943,MCCameraSwap,Front
1441913005893,Command,MoveUp
1441913006637,Command,MoveUp
1441913013773,Command,MoveUp
1441913014356,MCVideoChatSwapMainViews,Local
1441913015250,MCCameraSwap,Back
1441913019295,MCOrientationChange,Portrait
1441913031395,MCOrientationChange,Portrait
1441913038782,MCOrientationChange,Portrait
1441913055896,MCOrientationChange,Portrait
1441913065149,Command,MoveUp
1441913065977,MCOrientationChange,Portrait
1441913093660,TaskBegin,1
1441913096957,Command,MoveUp
1441913097693,Command,MoveUp
1441913104149,MCOrientationChange,Portrait
1441913104793,MCOrientationChange,Portrait
1441913107012,MCOrientationChange,Portrait
1441913107763,MCOrientationChange,Portrait
1441913107973,MCOrientationChange,Portrait
1441913108821,MCOrientationChange,Portrait
1441913109298,MCOrientationChange,Portrait
1441913109708,MCOrientationChange,Portrait
1441913109756,MCOrientationChange,Portrait
1441913109905,MCOrientationChange,Portrait
1441913116397,MCOrientationChange,Portrait
1441913117497,MCOrientationChange,Portrait
1441913118757,MCOrientationChange,Portrait
1441913121847,MCOrientationChange,Portrait
1441913123768,MCOrientationChange,Portrait
1441913126266,MCOrientationChange,Portrait
1441913127407,MCOrientationChange,Portrait
1441913128005,MCOrientationChange,Portrait
1441913132355,Command,CamDown
1441913132857,Command,CamDown
1441913133284,Command,CamDown
1441913133562,Command,CamDown
1441913135124,Command,CamDown
1441913135930,Command,CamDown
1441913136729,MCOrientationChange,Portrait
1441913136818,Command,CamDown
1441913137778,Command,CamDown
1441913139293,Command,CamDown
1441913139589,MCOrientationChange,Portrait
1441913142129,MCOrientationChange,Portrait
1441913143017,MCOrientationChange,Portrait
1441913143494,MCOrientationChange,Portrait
1441913144801,MCOrientationChange,Portrait
1441913146375,MCOrientationChange,Portrait
1441913150276,Command,CamUp
1441913150483,Command,CamUp
1441913151062,Command,CamUp
1441913161594,MCOrientationChange,Portrait
1441913195157,MCOrientationChange,Landscape
1441913200951,Command,CamDown
1441913201113,Command,CamDown
1441913201564,Command,CamDown
1441913202148,Command,CamDown
1441913204063,MCOrientationChange,Landscape
1441913244603,Command,CamDown
1441913269937,MCOrientationChange,Landscape
1441913272706,MCOrientationChange,Landscape
1441913313498,Command,CamUp
1441913313635,Command,CamUp
1441913313884,Command,CamUp
1441913314073,Command,CamUp
1441913317458,Command,CamDown
1441913318103,Command,CamDown
1441913321758,Command,MoveUp
1441913322633,Command,MoveUp
1441913324818,Command,CamLeft
1441913325014,Command,CamLeft
1441913325215,Command,CamLeft
1441913325563,Command,CamLeft
1441913326118,Command,CamLeft
1441913326373,Command,CamLeft
1441913327074,Command,CamLeft
1441913331994,Command,CamDown
1441913341058,MCOrientationChange,Landscape
1441913341707,MCOrientationChange,Landscape
1441913343507,MCOrientationChange,Landscape
1441913344382,MCOrientationChange,Landscape
1441913347320,MCOrientationChange,Landscape
1441913347958,MCOrientationChange,Landscape
1441913349793,MCOrientationChange,Landscape
1441913350274,MCOrientationChange,Landscape
1441913350552,MCOrientationChange,Landscape
1441913351347,MCOrientationChange,Landscape
1441913351789,MCOrientationChange,Landscape
1441913354035,MCOrientationChange,Landscape
1441913354115,Command,MoveUp
1441913354569,Command,MoveUp
1441913354613,MCOrientationChange,Landscape
1441913356190,Command,MoveUp
1441913356807,Command,MoveUp
1441913357002,Command,MoveUp
1441913358957,MCOrientationChange,Landscape
1441913360183,MCOrientationChange,Landscape
1441913362292,MCOrientationChange,Landscape
1441913362488,MCOrientationChange,Landscape
1441913363172,MCOrientationChange,Landscape
1441913363525,MCOrientationChange,Landscape
1441913363840,MCOrientationChange,Landscape
1441913363841,Command,CamRight
1441913364327,Command,CamRight
1441913364673,Command,CamRight
1441913365070,Command,CamRight
1441913365298,Command,CamRight
1441913365552,Command,CamRight
1441913366974,Command,CamRight
1441913368236,Command,CamRight
1441913368573,MCOrientationChange,Landscape
1441913371438,Command,CamRight
1441913374237,MCOrientationChange,Landscape
1441913375792,MCOrientationChange,Landscape
1441913376076,MCOrientationChange,Landscape
1441913376586,MCOrientationChange,Landscape
1441913394895,Command,MoveUp
1441913395221,Command,MoveUp
1441913395822,Command,MoveUp
1441913396090,Command,MoveUp
1441913396241,Command,MoveUp
1441913396413,Command,MoveUp
1441913396601,Command,MoveUp
1441913398641,Command,CamLeft
1441913398835,Command,CamLeft
1441913399044,Command,CamLeft
1441913399492,Command,CamLeft
1441913402270,MCOrientationChange,Landscape
1441913404502,MCOrientationChange,Landscape
1441913419501,Command,CamDown
1441913419721,Command,CamDown
1441913419985,Command,CamDown
1441913420115,Command,CamDown
1441913422865,Command,CamDown
1441913430027,Command,CamDown
1441913430371,Command,CamDown
1441913430536,Command,CamDown
1441913430728,Command,CamDown
1441913430922,Command,CamDown
1441913431164,Command,CamDown
1441913431412,Command,CamDown
1441913432800,Command,CamDown
1441913433086,Command,CamDown
1441913433923,Command,CamDown
1441913434233,Command,CamDown
1441913434559,Command,CamDown
1441913434830,Command,CamDown
1441913438479,Command,CamDown
1441913438737,Command,CamDown
1441913439009,Command,CamDown
1441913439293,Command,CamDown
1441913439561,Command,CamDown
1441913439694,Command,CamDown
1441913439876,Command,CamDown
1441913440064,Command,CamDown
1441913440267,Command,CamDown
1441913440540,Command,CamDown
1441913440661,Command,CamDown
1441913440856,Command,CamDown
1441913441078,Command,CamDown
1441913445949,Command,CamDown
1441913447847,Command,MoveUp
1441913448368,Command,MoveUp
1441913448591,Command,MoveUp
1441913449002,Command,MoveUp
1441913453950,Command,MoveDown
1441913454280,Command,MoveDown
1441913454799,Command,MoveDown
1441913455024,Command,MoveDown
1441913455303,Command,MoveDown
1441913455592,Command,MoveDown
1441913455910,Command,MoveDown
1441913456177,Command,MoveDown
1441913456452,Command,MoveDown
1441913456690,Command,MoveDown
1441913456943,Command,MoveDown
1441913457376,Command,MoveDown
1441913457694,Command,MoveDown
1441913457986,Command,MoveDown
1441913458255,Command,MoveDown
1441913459890,Command,MoveDown
1441913470582,Command,MoveUp
1441913470954,Command,MoveUp
1441913471404,Command,MoveUp
1441913474594,Command,MoveDown
1441913475088,Command,MoveDown
1441913475376,Command,MoveDown
1441913477044,Command,MoveDown
1441913497683,MCOrientationChange,Landscape
1441913498199,Command,MoveUp
1441913498389,Command,MoveUp
1441913498684,Command,MoveUp
1441913498997,MCOrientationChange,Landscape
1441913499012,Command,MoveUp
1441913499278,Command,MoveUp
1441913499551,Command,MoveUp
1441913522170,MCOrientationChange,Landscape
1441913524694,MCOrientationChange,Landscape
1441913531243,MCOrientationChange,Landscape
1441913543565,MCOrientationChange,Portrait
1441913544313,MCOrientationChange,Portrait
1441913545257,MCOrientationChange,Portrait
1441913545533,MCOrientationChange,Portrait
1441913545874,MCOrientationChange,Portrait
1441913546508,MCOrientationChange,Portrait
1441913550043,Command,MoveUp
1441913550202,Command,MoveUp
1441913550572,Command,MoveUp
1441913550895,Command,MoveUp
1441913551154,Command,MoveUp
1441913551413,Command,MoveUp
1441913594660,MCOrientationChange,Portrait
1441913596598,MCOrientationChange,Landscape
1441913598056,MCOrientationChange,Portrait
1441913601485,MCCameraSwap,Front
1441913627440,MCTabToggle,StatusesView
1441913628338,TaskEnd,1
1441914830921,MCOrientationChange,Portrait
1441914831953,MCTabToggle,Disconnected
1441914838280,MCTabToggle,VideoChatView
1441914842929,Command,MoveDown
1441914848617,MCOrientationChange,Portrait
1441914849441,MCOrientationChange,Portrait
1441914853096,MCOrientationChange,Portrait
1441914854477,MCVideoChatSwapMainViews,Local
1441914910185,TaskBegin,2
1441914925718,Command,MoveDown
1441914934602,MCOrientationChange,Landscape
1441914934602,MCOrientationChange,Landscape
1441914944382,MCOrientationChange,Landscape
1441914944700,MCOrientationChange,Landscape
1441914958438,Command,CamDown
1441914958898,Command,CamDown
1441914959500,Command,CamDown
1441914967268,Command,CamUp
1441914967958,Command,CamUp
1441914971349,Command,CamLeft
1441914984909,Command,CamLeft
1441914985331,Command,CamLeft
1441915012099,Command,CamUp
1441915012588,Command,CamUp
1441915014805,Command,CamDown
1441915015384,Command,CamDown
1441915025724,Command,MoveUp
1441915026014,Command,MoveUp
1441915026369,Command,MoveUp
1441915026906,Command,MoveUp
1441915027650,Command,MoveUp
1441915028370,Command,MoveUp
1441915029225,Command,MoveUp
1441915030587,Command,MoveUp
1441915055167,Command,CamDown
1441915055419,Command,CamDown
1441915055720,Command,CamDown
1441915055867,Command,CamDown
1441915056067,Command,CamDown
1441915056332,Command,CamDown
1441915056582,Command,CamDown
1441915056949,Command,CamDown
1441915057252,Command,CamDown
1441915058047,Command,CamDown
1441915058398,Command,CamDown
1441915058658,Command,CamDown
1441915058845,Command,CamDown
1441915059088,Command,CamDown
1441915059387,Command,CamDown
1441915059868,Command,CamDown
1441915060187,Command,CamDown
1441915060497,Command,CamDown
1441915060974,Command,CamDown
1441915061206,Command,CamDown
1441915061707,Command,CamDown
1441915070687,MCOrientationChange,Landscape
1441915071185,MCOrientationChange,Landscape
1441915086558,Command,CamDown
1441915087114,Command,CamDown
1441915090584,Command,CamRight
1441915091174,Command,CamRight
1441915091633,Command,CamRight
1441915098787,Command,CamRight
1441915099340,Command,CamRight
1441915114846,Command,CamDown
1441915115175,Command,CamDown
1441915115839,Command,CamDown
1441915116288,Command,CamDown
1441915117006,Command,CamDown
1441915118101,Command,CamDown
1441915128447,Command,CamLeft
1441915129758,Command,CamLeft
1441915130111,Command,CamLeft
1441915141109,Command,CamDown
1441915141593,Command,CamDown
1441915142153,Command,CamDown
1441915151454,Command,CamDown
1441915152089,Command,CamDown
1441915153821,Command,CamDown
1441915154592,Command,CamDown
1441915155324,Command,CamDown
1441915182182,Command,CamDown
1441915182501,Command,CamDown
1441915182904,Command,CamDown
1441915183528,Command,CamDown
1441915183884,Command,CamDown
1441915196059,Command,CamDown
1441915199661,Command,CamRight
1441915200075,Command,CamRight
1441915200399,Command,CamRight
1441915206935,Command,CamRight
1441915210538,Command,CamRight
1441915210713,Command,CamRight
1441915213008,Command,CamUp
1441915213323,Command,CamUp
1441915231171,Command,CamLeft
1441915231528,Command,CamLeft
1441915231652,Command,CamLeft
1441915231926,Command,CamLeft
1441915232486,Command,CamLeft
1441915235412,Command,CamDown
1441915235673,Command,CamDown
1441915236180,Command,CamDown
1441915237497,Command,CamDown
1441915240268,Command,CamDown
1441915240652,Command,CamDown
1441915240878,Command,CamDown
1441915241380,Command,CamDown
1441915241632,Command,CamDown
1441915242041,Command,CamDown
1441915242297,Command,CamDown
1441915242573,Command,CamDown
1441915242850,Command,CamDown
1441915243211,Command,CamDown
1441915244041,Command,CamDown
1441915244559,Command,CamDown
1441915244860,Command,CamDown
1441915245145,Command,CamDown
1441915245507,Command,CamDown
1441915246154,Command,CamDown
1441915246529,Command,CamDown
1441915246837,Command,CamDown
1441915247262,Command,CamDown
1441915249849,Command,CamDown
1441915255400,Command,CamDown
1441915256019,Command,CamDown
1441915256615,Command,CamDown
1441915257203,Command,CamDown
1441915258790,Command,CamRight
1441915258962,Command,CamRight
1441915259343,Command,CamRight
1441915259548,Command,CamRight
1441915259833,Command,CamRight
1441915260022,Command,CamRight
1441915260377,Command,CamRight
1441915260559,Command,CamRight
1441915260817,Command,CamRight
1441915261244,Command,CamRight
1441915261523,Command,CamRight
1441915261801,Command,CamRight
1441915262036,Command,CamRight
1441915262573,Command,CamRight
1441915262910,Command,CamRight
1441915263142,Command,CamRight
1441915263380,Command,CamRight
1441915263659,Command,CamRight
1441915264291,Command,CamRight
1441915264508,Command,CamRight
1441915265988,Command,CamDown
1441915266160,Command,CamDown
1441915266419,Command,CamDown
1441915266690,Command,CamDown
1441915266920,Command,CamDown
1441915267237,Command,CamDown
1441915267482,Command,CamDown
1441915267775,Command,CamDown
1441915267940,Command,CamDown
1441915268253,Command,CamDown
1441915276254,Command,CamRight
1441915276630,Command,CamRight
1441915276993,Command,CamRight
1441915278114,Command,CamRight
1441915279242,Command,CamRight
1441915302313,Command,CamLeft
1441915302606,Command,CamLeft
1441915302994,Command,CamLeft
1441915303380,Command,CamLeft
1441915304002,Command,CamLeft
1441915313123,Command,CamRight
1441915313360,MCOrientationChange,Portrait
1441915313384,MCOrientationChange,Portrait
1441915325954,Command,CamDown
1441915326249,Command,CamDown
1441915326482,Command,CamDown
1441915326732,Command,CamDown
1441915326966,Command,CamDown
1441915327244,Command,CamDown
1441915327440,Command,CamDown
1441915327632,Command,CamDown
1441915327810,Command,CamDown
1441915328038,Command,CamDown
1441915328222,Command,CamDown
1441915328399,Command,CamDown
1441915328593,Command,CamDown
1441915328766,Command,CamDown
1441915328991,Command,CamDown
1441915329737,Command,CamDown
1441915329978,Command,CamDown
1441915330506,Command,CamDown
1441915330800,Command,CamDown
1441915331086,Command,CamDown
1441915343181,Command,CamRight
1441915343378,Command,CamRight
1441915343612,Command,CamRight
1441915343833,Command,CamRight
1441915345073,Command,CamRight
1441915345405,Command,CamRight
1441915345714,Command,CamRight
1441915346182,Command,CamRight
1441915346592,Command,CamRight
1441915346896,Command,CamRight
1441915347312,Command,CamRight
1441915347672,Command,CamRight
1441915348745,Command,CamRight
1441915349160,Command,CamRight
1441915351148,Command,CamRight
1441915353126,Command,CamDown
1441915353470,Command,CamDown
1441915355692,MCOrientationChange,Landscape
1441915356108,MCOrientationChange,Landscape
1441915364736,Command,CamDown
1441915379943,Command,CamRight
1441915380205,Command,CamRight
1441915381168,Command,CamRight
1441915381552,Command,CamRight
1441915382846,Command,CamDown
1441915383083,Command,CamDown
1441915383406,Command,CamDown
1441915383662,Command,CamDown
1441915383887,Command,CamDown
1441915384306,Command,CamDown
1441915391319,Command,CamDown
1441915392103,Command,CamDown
1441915392717,Command,CamDown
1441915393056,Command,CamDown
1441915394461,Command,CamDown
1441915394766,Command,CamDown
1441915395078,Command,CamDown
1441915395396,Command,CamDown
1441915395668,Command,CamDown
1441915395790,Command,CamDown
1441915395905,Command,CamDown
1441915397268,Command,CamLeft
1441915397631,Command,CamLeft
1441915397986,Command,CamLeft
1441915398302,Command,CamLeft
1441915418341,MCOrientationChange,Portrait
1441915418421,MCOrientationChange,Portrait
1441915426410,Command,CamDown
1441915426622,Command,CamDown
1441915426833,Command,CamDown
1441915427241,Command,CamDown
1441915427449,Command,CamDown
1441915427615,Command,CamDown
1441915428141,Command,CamDown
1441915428700,Command,CamDown
1441915428980,Command,CamDown
1441915429153,Command,CamDown
1441915429453,Command,CamDown
1441915429673,Command,CamDown
1441915429915,Command,CamDown
1441915430142,Command,CamDown
1441915430538,Command,CamDown
1441915430837,Command,CamDown
1441915439089,Command,CamLeft
1441915439635,Command,CamLeft
1441915440092,Command,CamLeft
1441915440762,Command,CamLeft
1441915446173,Command,CamDown
1441915447392,Command,CamDown
1441915447393,Command,CamDown
1441915447393,Command,CamDown
1441915447393,Command,CamDown
1441915447997,Command,CamRight
1441915448208,Command,CamRight
1441915448395,Command,CamRight
1441915448904,Command,CamRight
1441915449903,Command,CamRight
1441915459085,Command,CamDown
1441915459783,Command,CamDown
1441915461894,Command,CamLeft
1441915462113,Command,CamLeft
1441915462444,Command,CamLeft
1441915465093,Command,MoveUp
1441915465378,Command,MoveUp
1441915465662,Command,MoveUp
1441915466372,Command,MoveUp
1441915467001,Command,MoveUp
1441915468086,Command,MoveUp
1441915468682,Command,MoveUp
1441915469116,Command,MoveUp
1441915469265,Command,MoveUp
1441915469452,Command,MoveUp
1441915469714,Command,MoveUp
1441915471863,Command,CamDown
1441915472105,Command,CamDown
1441915472472,Command,CamDown
1441915473323,Command,CamDown
1441915473585,Command,CamDown
1441915473850,Command,CamDown
1441915477026,Command,CamRight
1441915477384,Command,CamRight
1441915479597,Command,CamDown
1441915479855,Command,CamDown
1441915480018,Command,CamDown
1441915480276,Command,CamDown
1441915480435,Command,CamDown
1441915480589,Command,CamDown
1441915480915,Command,CamDown
1441915481037,Command,CamDown
1441915481570,Command,CamDown
1441915481770,Command,CamDown
1441915482101,Command,CamDown
1441915482478,Command,CamDown
1441915482807,Command,CamDown
1441915483018,Command,CamDown
1441915483269,Command,CamDown
1441915483609,Command,CamDown
1441915484130,Command,CamDown
1441915484645,Command,CamDown
1441915485025,Command,CamDown
1441915485362,Command,CamDown
1441915502967,Command,CamRight
1441915503464,Command,CamRight
1441915503658,Command,CamRight
1441915503918,Command,CamRight
1441915504133,Command,CamRight
1441915504438,Command,CamRight
1441915504716,Command,CamRight
1441915505008,Command,CamRight
1441915505683,Command,CamRight
1441915506183,Command,CamRight
1441915506454,Command,CamRight
1441915506732,Command,CamRight
1441915506972,Command,CamRight
1441915507118,Command,CamRight
1441915507338,Command,CamRight
1441915507566,Command,CamRight
1441915507738,Command,CamRight
1441915507938,Command,CamRight
1441915523528,Command,CamLeft
1441915523856,Command,CamLeft
1441915524158,Command,CamLeft
1441915524482,Command,CamLeft
1441915524797,Command,CamLeft
1441915525042,Command,CamLeft
1441915525453,Command,CamLeft
1441915526067,Command,CamLeft
1441915526899,Command,CamLeft
1441915527560,Command,CamLeft
1441915631234,Command,MoveDown
1441915631873,Command,MoveDown
1441915632074,Command,MoveDown
1441915632631,Command,MoveDown
1441915632906,Command,MoveDown
1441915633116,Command,MoveDown
1441915633434,Command,MoveDown
1441915633683,Command,MoveDown
1441915633981,Command,MoveDown
1441915634192,Command,MoveDown
1441915634367,Command,MoveDown
1441915634664,Command,MoveDown
1441915634947,Command,MoveDown
1441915636611,Command,MoveUp
1441915637159,Command,MoveUp
1441915637620,Command,MoveUp
1441915638879,MCOrientationChange,Portrait
1441915639862,MCCameraSwap,Front
1441915690778,MCTabToggle,StatusesView
1441915695642,TaskEnd,2
1441916002515,MCTabToggle,VideoChatView
1441916011344,MCCameraSwap,Front
1441916012882,MCOrientationChange,Portrait
1441916017360,MCOrientationChange,Portrait
1441916022187,MCOrientationChange,Portrait
1441916029892,MCOrientationChange,Portrait
1441916032234,MCOrientationChange,Portrait
1441916033102,MCOrientationChange,Portrait
1441916039295,MCOrientationChange,Landscape
1441916040152,MCOrientationChange,Portrait
1441916047880,MCOrientationChange,Portrait
1441916056095,MCOrientationChange,Landscape
1441916057254,MCOrientationChange,Landscape
1441916064391,MCOrientationChange,Landscape
1441916067450,MCOrientationChange,Landscape
1441916073579,MCOrientationChange,Landscape
1441916276459,MCOrientationChange,Landscape
1441916276645,MCOrientationChange,Landscape
1441916277639,MCOrientationChange,Landscape
1441916281754,MCOrientationChange,Landscape
1441916283282,MCOrientationChange,Landscape
1441916284480,MCOrientationChange,Landscape
1441916302573,MCOrientationChange,Landscape
1441916303410,MCOrientationChange,Landscape
1441916304385,MCOrientationChange,Landscape
1441916304760,MCOrientationChange,Landscape
1441916305033,MCOrientationChange,Landscape
1441916307474,MCOrientationChange,Landscape
1441916323452,MCOrientationChange,Landscape
1441916336194,MCOrientationChange,Landscape
1441916336694,MCOrientationChange,Landscape
1441916337765,MCOrientationChange,Landscape
1441916340464,MCOrientationChange,Landscape
1441916343398,MCOrientationChange,Landscape
1441916469287,MCOrientationChange,Landscape
1441916469474,MCOrientationChange,Landscape
1441916472151,MCOrientationChange,Landscape
1441916474991,MCOrientationChange,Landscape
1441916479644,MCOrientationChange,Landscape
1441916479804,MCOrientationChange,Landscape
1441916480264,MCOrientationChange,Landscape
1441916481604,MCOrientationChange,Landscape
1441916654843,MCOrientationChange,Landscape
1441916658094,MCOrientationChange,Landscape
1441916662514,MCOrientationChange,Landscape
1441916663527,MCOrientationChange,Landscape
1441916681527,MCOrientationChange,Landscape
1441916682860,MCOrientationChange,Landscape
1441916691589,MCOrientationChange,Landscape
1441916691770,MCOrientationChange,Landscape
1441916696304,MCOrientationChange,Landscape
1441916696784,MCOrientationChange,Landscape
1441916698707,MCOrientationChange,Landscape
1441916700300,MCOrientationChange,Landscape
1441916706028,MCOrientationChange,Landscape
1441916706695,MCOrientationChange,Landscape
1441916708814,MCOrientationChange,Landscape
1441916709034,MCOrientationChange,Landscape
1441916711522,MCOrientationChange,Landscape
1441916711813,MCOrientationChange,Landscape
1441916712195,MCOrientationChange,Landscape
1441916713935,MCOrientationChange,Landscape
1441916717723,MCTabToggle,StatusesView
1441916719560,MCTabToggle,Disconnected
