1441984492490,MCOrientationChange,Portrait
1441984493050,MCTabToggle,VideoChatView
1441984493170,MCOrientationChange,Portrait
1441984493550,MCOrientationChange,Portrait
1441984494450,MCOrientationChange,Portrait
1441984496571,MCOrientationChange,Portrait
1441984497151,MCOrientationChange,Portrait
1441984497747,MCOrientationChange,Portrait
1441984498112,MCOrientationChange,Portrait
1441984500990,MCOrientationChange,Portrait
1441984501930,MCOrientationChange,Portrait
1441984504386,MCCameraSwap,Front
1441984507390,MCOrientationChange,Landscape
1441984571367,MCTabToggle,DroneVideoView
1441984578990,MCTabToggle,VideoChatView
1441984582287,MCVideoChatSwapMainViews,Local
1441984583903,MCVideoChatSwapMainViews,Remote
1441984585912,MCCameraSwap,Back
1441984588297,MCCameraSwap,Front
1441984593549,MCOrientationChange,Landscape
1441984594123,MCOrientationChange,Landscape
1441984640172,MCTabToggle,DroneVideoView
1441984650276,MCTabToggle,VideoChatView
1441984669298,MCVideoChatSwapMainViews,Local
1441984671190,MCCameraSwap,Back
1441984733908,MCCameraSwap,Front
1441984740066,MCCameraSwap,Back
1441984741822,MCTabToggle,DroneVideoView
1441984742691,MCTabToggle,VideoChatView
1441984757250,MCCameraSwap,Front
1441984764970,MCTabToggle,DroneVideoView
1441984778729,Command,CamDown
1441984781920,Command,CamDown
1441984783009,Command,CamDown
1441984789381,Command,CamUp
1441984790052,Command,CamUp
1441984790971,Command,CamUp
1441984792286,Command,CamUp
1441984797332,MCTabToggle,StatusesView
1441984800098,MCTabToggle,DroneVideoView
1441984816207,MCTabToggle,StatusesView
1441984817946,MCTabToggle,DroneVideoView
1441984827926,MCOrientationChange,Landscape
1441984827986,MCOrientationChange,Landscape
1441984830450,MCOrientationChange,Landscape
1441984830921,MCOrientationChange,Landscape
1441984832558,MCTabToggle,VideoChatView
1441984834191,MCOrientationChange,Landscape
1441984834506,MCOrientationChange,Landscape
1441984836434,MCOrientationChange,Landscape
1441984837091,MCOrientationChange,Landscape
1441984838731,MCOrientationChange,Landscape
1441984839810,MCOrientationChange,Landscape
1441984840172,MCOrientationChange,Landscape
1441984840679,MCOrientationChange,Landscape
1441984840870,MCOrientationChange,Landscape
1441984841635,MCOrientationChange,Landscape
1441984846413,MCTabToggle,DroneVideoView
1441984847909,MCTabToggle,VideoChatView
1441984850018,MCCameraSwap,Front
1441984890980,MCTabToggle,DroneVideoView
1441984893119,MCTabToggle,VideoChatView
1441984924425,MCOrientationChange,Landscape
1441984924699,MCOrientationChange,Landscape
1441984925739,MCOrientationChange,Landscape
1441984927127,MCOrientationChange,Landscape
1441985030450,MCOrientationChange,Landscape
1441985031030,MCOrientationChange,Portrait
1441985032372,MCOrientationChange,Portrait
1441985032819,MCOrientationChange,Portrait
1441985036451,MCOrientationChange,Portrait
1441985036938,MCOrientationChange,Portrait
1441985040070,MCOrientationChange,Landscape
1441985041697,MCOrientationChange,Landscape
1441985042750,MCOrientationChange,Portrait
1441985043615,MCOrientationChange,Portrait
1441985044382,MCOrientationChange,Portrait
1441985045853,MCOrientationChange,Portrait
1441985046010,MCOrientationChange,Portrait
1441985046493,MCOrientationChange,Portrait
1441985047111,MCOrientationChange,Portrait
1441985051300,MCOrientationChange,Portrait
1441985051689,MCOrientationChange,Portrait
1441985054071,MCCameraSwap,Back
1441985075881,MCOrientationChange,Portrait
1441985077180,MCTabToggle,DroneVideoView
1441985078340,MCTabToggle,StatusesView
1441985078558,MCOrientationChange,Portrait
1441985078745,MCOrientationChange,Portrait
1441985080710,MCTabToggle,VideoChatView
1441985113430,MCOrientationChange,Portrait
1441985114668,MCOrientationChange,Portrait
1441985115278,MCOrientationChange,Portrait
1441985130312,MCOrientationChange,Portrait
1441985139994,MCOrientationChange,Landscape
1441985179301,MCTabToggle,DroneVideoView
1441985202167,MCOrientationChange,Landscape
1441985202279,MCOrientationChange,Landscape
1441985202698,MCTabToggle,VideoChatView
1441985205458,MCVideoChatSwapMainViews,Remote
1441985206350,MCVideoChatSwapMainViews,Local
1441985271116,MCTabToggle,StatusesView
1441985291870,MCTabToggle,VideoChatView
1441985291870,TaskBegin,0
1441985294426,Command,CamDown
1441985295519,Command,CamDown
1441985296377,Command,CamDown
1441985297208,Command,CamDown
1441985298234,MCOrientationChange,Landscape
1441985298299,Command,CamDown
1441985300866,MCOrientationChange,Landscape
1441985302487,Command,CamRight
1441985306037,Command,CamUp
1441985307913,Command,CamDown
1441985312201,Command,CamRight
1441985313208,Command,CamRight
1441985314875,Command,CamUp
1441985315893,Command,CamUp
1441985316384,Command,CamUp
1441985316467,Command,CamUp
1441985316575,Command,CamUp
1441985316987,Command,CamUp
1441985319499,Command,CamDown
1441985320064,Command,CamDown
1441985324989,Command,CamDown
1441985325336,Command,CamDown
1441985325748,Command,CamDown
1441985326302,Command,CamDown
1441985327067,Command,CamDown
1441985327078,MCOrientationChange,Landscape
1441985327359,MCOrientationChange,Landscape
1441985327718,MCOrientationChange,Landscape
1441985328159,Command,CamDown
1441985328218,MCOrientationChange,Landscape
1441985331971,MCOrientationChange,Landscape
1441985332471,MCTabToggle,DroneVideoView
1441985333231,MCOrientationChange,Landscape
1441985334168,Command,CamLeft
1441985334781,Command,CamLeft
1441985338380,Command,CamUp
1441985338849,Command,CamUp
1441985344711,Command,CamUp
1441985345654,Command,CamUp
1441985346615,Command,CamRight
1441985347658,MCOrientationChange,Landscape
1441985348467,MCOrientationChange,Landscape
1441985348848,Command,CamRight
1441985348937,MCOrientationChange,Landscape
1441985349774,Command,CamLeft
1441985350234,Command,CamDown
1441985350318,MCOrientationChange,Landscape
1441985351059,MCOrientationChange,Landscape
1441985352827,MCOrientationChange,Landscape
1441985353835,MCOrientationChange,Landscape
1441985355930,MCOrientationChange,Landscape
1441985356520,Command,CamUp
1441985357092,Command,CamUp
1441985357978,MCOrientationChange,Landscape
1441985358272,Command,CamUp
1441985359231,Command,CamDown
1441985359240,MCOrientationChange,Landscape
1441985359310,MCOrientationChange,Landscape
1441985359647,Command,CamDown
1441985360810,MCOrientationChange,Landscape
1441985360829,Command,CamDown
1441985363590,Command,CamDown
1441985363988,Command,CamDown
1441985364432,Command,CamDown
1441985365200,Command,CamUp
1441985366110,Command,CamUp
1441985367383,Command,CamUp
1441985371705,Command,CamDown
1441985372192,MCOrientationChange,Landscape
1441985376290,MCOrientationChange,Landscape
1441985377350,MCOrientationChange,Landscape
1441985384199,MCOrientationChange,Landscape
1441985388183,Command,CamRight
1441985388928,Command,CamRight
1441985390188,Command,CamLeft
1441985399537,MCOrientationChange,Landscape
1441985400619,Command,CamDown
1441985401380,Command,CamDown
1441985402159,Command,CamDown
1441985403302,Command,CamUp
1441985403853,Command,CamUp
1441985403915,Command,CamUp
1441985403970,Command,CamUp
1441985404097,Command,CamUp
1441985405663,Command,CamDown
1441985406427,MCOrientationChange,Portrait
1441985406871,MCOrientationChange,Portrait
1441985408486,Command,CamRight
1441985416600,Command,CamLeft
1441985417309,Command,CamLeft
1441985417923,Command,CamLeft
1441985418648,Command,CamUp
1441985419088,Command,CamDown
1441985419585,Command,CamDown
1441985419671,Command,CamDown
1441985419785,Command,CamDown
1441985419873,Command,CamDown
1441985420235,Command,CamDown
1441985421364,Command,CamUp
1441985422147,Command,CamUp
1441985423615,Command,CamDown
1441985425203,Command,CamUp
1441985426180,Command,CamUp
1441985430400,Command,CamDown
1441985431598,Command,CamDown
1441985435283,Command,CamDown
1441985435820,Command,CamDown
1441985437244,Command,CamDown
1441985438554,Command,CamUp
1441985439852,Command,CamUp
1441985441302,Command,CamDown
1441985441801,Command,CamDown
1441985442218,Command,CamDown
1441985443417,Command,CamUp
1441985444632,Command,CamDown
1441985469239,Command,CamUp
1441985469537,Command,CamUp
1441985470148,Command,CamUp
1441985471061,Command,CamDown
1441985471947,Command,CamLeft
1441985473098,Command,CamLeft
1441985480818,Command,CamUp
1441985482245,Command,CamDown
1441985486676,Command,CamRight
1441985487461,Command,CamRight
1441985488272,Command,CamRight
1441985489240,Command,CamRight
1441985490014,Command,CamRight
1441985490827,Command,CamLeft
1441985491441,Command,CamUp
1441985507681,Command,CamUp
1441985508690,Command,CamDown
1441985509274,Command,CamDown
1441985510228,Command,CamDown
1441985511126,Command,CamDown
1441985512060,Command,CamUp
1441985514451,MCOrientationChange,Landscape
1441985519810,MCOrientationChange,Landscape
1441985523100,Command,CamLeft
1441985523820,Command,CamLeft
1441985530920,Command,CamUp
1441985531672,Command,CamUp
1441985532354,MCOrientationChange,Landscape
1441985533410,MCOrientationChange,Landscape
1441985533726,MCOrientationChange,Landscape
1441985534191,MCTabToggle,VideoChatView
1441985535819,MCOrientationChange,Landscape
1441985536939,MCOrientationChange,Landscape
1441985538964,Command,CamDown
1441985539196,Command,CamDown
1441985540458,MCTabToggle,DroneVideoView
1441985541618,MCTabToggle,VideoChatView
1441985543388,Command,CamDown
1441985544100,Command,CamDown
1441985544334,MCVideoChatSwapMainViews,Remote
1441985545556,Command,CamDown
1441985545940,Command,CamDown
1441985546666,Command,CamDown
1441985547698,MCVideoChatSwapMainViews,Local
1441985550387,MCVideoChatSwapMainViews,Remote
1441985552255,MCTabToggle,DroneVideoView
1441985557110,MCTabToggle,VideoChatView
1441985568295,Command,CamUp
1441985570693,Command,CamUp
1441985571578,Command,CamDown
1441985572801,Command,CamRight
1441985573750,Command,CamRight
1441985579267,MCOrientationChange,Landscape
1441985579443,MCOrientationChange,Landscape
1441985582419,MCOrientationChange,Landscape
1441985582707,MCOrientationChange,Landscape
1441985597826,MCOrientationChange,Landscape
1441985598260,MCTabToggle,StatusesView
1441985602130,MCOrientationChange,Landscape
1441985604366,MCOrientationChange,Landscape
1441985606908,MCOrientationChange,Portrait
1441985608226,MCTabToggle,VideoChatView
1441985609218,MCOrientationChange,Portrait
1441985614638,MCCameraSwap,Front
1441985614918,MCOrientationChange,Portrait
1441985623678,MCTabToggle,StatusesView
1441985625194,MCTabToggle,VideoChatView
1441985625977,MCTabToggle,StatusesView
1441985628980,TaskEnd,0
1441985921498,MCTabToggle,Disconnected
1441986255952,MCOrientationChange,Portrait
1441986258372,MCOrientationChange,Portrait
1441986259797,MCTabToggle,Disconnected
1441986322589,MCTabToggle,Disconnected
1441986327557,MCOrientationChange,Portrait
1441986329236,MCOrientationChange,Portrait
1441986329836,MCOrientationChange,Portrait
1441986332496,MCOrientationChange,Portrait
1441986333176,MCTabToggle,VideoChatView
1441986337676,MCVideoChatSwapMainViews,Local
1441986338876,MCOrientationChange,Portrait
1441986340325,MCOrientationChange,Portrait
1441986340620,MCOrientationChange,Portrait
1441986341424,MCOrientationChange,Portrait
1441986347541,MCOrientationChange,Portrait
1441986358153,MCOrientationChange,Portrait
1441986369536,MCOrientationChange,Portrait
1441986374005,MCOrientationChange,Landscape
1441986381047,MCTabToggle,StatusesView
1441986389969,MCTabToggle,VideoChatView
1441986389969,TaskBegin,1
1441986393826,Command,CamUp
1441986394377,Command,CamUp
1441986395166,Command,CamDown
1441986395584,Command,CamDown
1441986396444,MCTabToggle,DroneVideoView
1441986398815,Command,CamUp
1441986399196,MCTabToggle,VideoChatView
1441986400236,Command,CamDown
1441986401829,Command,CamDown
1441986403723,Command,CamUp
1441986405162,Command,CamDown
1441986406790,Command,CamUp
1441986408264,Command,CamDown
1441986410689,Command,CamLeft
1441986412028,Command,CamLeft
1441986413055,Command,CamLeft
1441986413277,Command,CamLeft
1441986413620,Command,CamLeft
1441986414471,Command,CamLeft
1441986414760,Command,CamLeft
1441986416443,Command,CamUp
1441986416544,MCTabToggle,DroneVideoView
1441986417130,Command,CamUp
1441986417953,Command,CamLeft
1441986418453,Command,CamLeft
1441986418534,Command,CamLeft
1441986418926,Command,CamRight
1441986419444,Command,CamRight
1441986419826,Command,CamRight
1441986420331,Command,CamRight
1441986420858,Command,CamRight
1441986421655,Command,CamRight
1441986422652,Command,CamRight
1441986423425,Command,CamLeft
1441986425646,Command,CamLeft
1441986426324,Command,CamDown
1441986426875,Command,CamDown
1441986427626,Command,CamDown
1441986428099,Command,CamDown
1441986428730,Command,CamRight
1441986429625,Command,CamDown
1441986430305,Command,CamRight
1441986430854,Command,CamRight
1441986432439,Command,CamRight
1441986433399,Command,CamUp
1441986434324,Command,CamUp
1441986434655,MCTabToggle,VideoChatView
1441986436475,Command,CamDown
1441986437673,Command,CamUp
1441986438657,Command,CamRight
1441986439306,Command,CamRight
1441986442720,Command,CamRight
1441986443043,Command,CamRight
1441986443770,Command,CamLeft
1441986443973,Command,CamLeft
1441986444236,Command,CamLeft
1441986444501,Command,CamLeft
1441986445377,Command,CamLeft
1441986446098,Command,CamLeft
1441986471758,Command,CamRight
1441986471967,Command,CamRight
1441986472206,Command,CamRight
1441986473789,Command,CamRight
1441986474660,Command,CamRight
1441986474978,Command,CamRight
1441986475430,Command,CamRight
1441986476121,Command,CamRight
1441986476479,Command,CamRight
1441986477907,Command,CamLeft
1441986478191,Command,CamLeft
1441986478455,Command,CamLeft
1441986478742,Command,CamLeft
1441986479056,Command,CamLeft
1441986502760,Command,CamUp
1441986503249,Command,CamUp
1441986533686,Command,CamDown
1441986533960,Command,CamDown
1441986534309,Command,CamDown
1441986536134,Command,CamUp
1441986536551,Command,CamUp
1441986539142,Command,CamRight
1441986540320,Command,CamRight
1441986542674,Command,CamRight
1441986543249,Command,CamRight
1441986543663,Command,CamRight
1441986543867,Command,CamRight
1441986544196,Command,CamRight
1441986544517,Command,CamRight
1441986544828,Command,CamRight
1441986546088,Command,CamUp
1441986546341,Command,CamUp
1441986547029,Command,CamDown
1441986547225,Command,CamDown
1441986547461,Command,CamDown
1441986547784,Command,CamDown
1441986548233,Command,CamDown
1441986549498,Command,CamUp
1441986549895,Command,CamUp
1441986549984,MCTabToggle,DroneVideoView
1441986553944,Command,CamLeft
1441986554180,Command,CamLeft
1441986556909,Command,CamRight
1441986558242,Command,CamDown
1441986569398,Command,CamLeft
1441986569795,Command,CamLeft
1441986570660,Command,CamLeft
1441986571838,Command,CamLeft
1441986573234,Command,CamLeft
1441986573936,Command,CamUp
1441986575030,Command,CamUp
1441986577304,Command,CamDown
1441986585610,Command,MoveUp
1441986588653,Command,CamDown
1441986589043,Command,CamDown
1441986589640,Command,CamDown
1441986591365,Command,CamUp
1441986591957,Command,CamUp
1441986592872,Command,CamUp
1441986593932,Command,CamRight
1441986594603,Command,CamRight
1441986595788,Command,CamRight
1441986596772,Command,CamDown
1441986597252,Command,CamDown
1441986598606,Command,CamDown
1441986599350,Command,CamDown
1441986600163,Command,CamDown
1441986601043,Command,CamDown
1441986602352,Command,CamDown
1441986604062,Command,CamUp
1441986604364,Command,CamUp
1441986604525,Command,CamUp
1441986604805,Command,CamUp
1441986605958,Command,CamDown
1441986607183,Command,CamRight
1441986607564,Command,CamRight
1441986608442,Command,CamRight
1441986609552,Command,CamRight
1441986610220,Command,CamRight
1441986611080,Command,CamRight
1441986626741,Command,CamDown
1441986631894,Command,MoveDown
1441986633548,Command,CamLeft
1441986634034,Command,CamLeft
1441986634450,Command,CamLeft
1441986634765,Command,CamLeft
1441986635163,Command,CamLeft
1441986636109,Command,CamDown
1441986636462,Command,CamDown
1441986637103,Command,CamDown
1441986641469,Command,CamUp
1441986642997,Command,CamRight
1441986643234,Command,CamRight
1441986643617,Command,CamRight
1441986643979,Command,CamRight
1441986644304,Command,CamRight
1441986645047,Command,CamRight
1441986645627,Command,CamRight
1441986666369,Command,CamLeft
1441986666617,Command,CamLeft
1441986666880,Command,CamLeft
1441986667356,Command,CamLeft
1441986667666,Command,CamLeft
1441986668498,Command,CamLeft
1441986671540,MCOrientationChange,Landscape
1441986678940,MCOrientationChange,Landscape
1441986704773,MCOrientationChange,Landscape
1441986708934,MCOrientationChange,Landscape
1441986709577,MCOrientationChange,Landscape
1441986713310,MCOrientationChange,Landscape
1441986715184,MCOrientationChange,Landscape
1441986718415,MCOrientationChange,Landscape
1441986718643,MCOrientationChange,Landscape
1441986718864,MCOrientationChange,Landscape
1441986719257,MCOrientationChange,Landscape
1441986719307,MCOrientationChange,Landscape
1441986720026,MCOrientationChange,Landscape
1441986721345,MCOrientationChange,Landscape
1441986724273,MCOrientationChange,Landscape
1441986731649,MCOrientationChange,Portrait
1441986733204,MCOrientationChange,Portrait
1441986738736,MCOrientationChange,Landscape
1441986742576,MCOrientationChange,Landscape
1441986743224,MCOrientationChange,Landscape
1441986744794,MCOrientationChange,Landscape
1441986745687,MCOrientationChange,Portrait
1441986746816,MCOrientationChange,Portrait
1441986758176,MCOrientationChange,Landscape
1441986770772,MCOrientationChange,Landscape
1441986771036,MCOrientationChange,Landscape
1441986773173,MCOrientationChange,Landscape
1441986777277,MCOrientationChange,Portrait
1441986778216,MCOrientationChange,Portrait
1441986778296,Command,CamDown
1441986779242,Command,CamDown
1441986780489,MCOrientationChange,Landscape
1441986783896,MCTabToggle,VideoChatView
1441986783952,Command,CamRight
1441986784746,Command,CamRight
1441986785331,Command,CamRight
1441986786021,Command,CamRight
1441986786539,Command,CamRight
1441986786606,Command,CamRight
1441986787158,Command,CamRight
1441986787964,Command,CamRight
1441986788431,Command,CamRight
1441986788520,Command,CamRight
1441986788600,Command,CamRight
1441986788681,Command,CamRight
1441986788780,Command,CamRight
1441986788860,Command,CamRight
1441986788927,Command,CamRight
1441986790176,Command,CamLeft
1441986790499,Command,CamLeft
1441986807837,Command,CamRight
1441986808026,Command,CamRight
1441986809045,Command,CamRight
1441986809553,Command,CamRight
1441986809635,Command,CamRight
1441986809679,Command,CamRight
1441986809797,Command,CamRight
1441986824341,Command,CamRight
1441986824713,Command,CamRight
1441986826781,Command,CamRight
1441986827128,Command,CamRight
1441986832726,Command,CamUp
1441986832993,Command,CamUp
1441986833265,Command,CamUp
1441986858976,MCOrientationChange,Portrait
1441986862033,MCOrientationChange,Landscape
1441986863474,MCOrientationChange,Landscape
1441986864713,MCOrientationChange,Portrait
1441986865892,MCOrientationChange,Portrait
1441986871933,MCOrientationChange,Portrait
1441986879189,MCOrientationChange,Landscape
1441986929692,Command,CamDown
1441986929978,Command,CamDown
1441986930589,Command,CamDown
1441986931566,Command,CamUp
1441986933868,Command,CamUp
1441986942865,Command,CamRight
1441986943271,Command,CamRight
1441986945116,Command,CamRight
1441986946519,Command,CamRight
1441986947079,Command,CamRight
1441986951580,Command,CamUp
1441986954882,Command,CamUp
1441986956100,Command,CamDown
1441986964812,MCTabToggle,StatusesView
1441987006194,MCOrientationChange,Landscape
1441987006616,MCOrientationChange,Landscape
1441987006743,MCOrientationChange,Landscape
1441987006936,MCOrientationChange,Landscape
1441987011632,MCOrientationChange,Landscape
1441987014612,MCOrientationChange,Landscape
1441987016392,MCOrientationChange,Landscape
1441987016856,MCOrientationChange,Landscape
1441987017344,MCOrientationChange,Landscape
1441987018816,MCTabToggle,VideoChatView
1441987019344,MCOrientationChange,Landscape
1441987033326,MCTabToggle,StatusesView
1441987039393,MCOrientationChange,Landscape
1441987041712,MCTabToggle,DroneVideoView
1441987041836,MCOrientationChange,Landscape
1441987044604,MCOrientationChange,Landscape
1441987044809,MCTabToggle,VideoChatView
1441987046645,MCOrientationChange,Portrait
1441987046645,MCOrientationChange,Portrait
1441987046645,MCOrientationChange,Portrait
1441987048614,MCTabToggle,StatusesView
1441987051714,MCTabToggle,VideoChatView
1441987056344,MCOrientationChange,Portrait
1441987057025,MCOrientationChange,Portrait
1441987098285,MCOrientationChange,Portrait
1441987099924,MCOrientationChange,Landscape
1441987100916,MCOrientationChange,Landscape
1441987102252,MCOrientationChange,Landscape
1441987104896,MCOrientationChange,Portrait
1441987200624,MCOrientationChange,Landscape
1441987203116,MCOrientationChange,Portrait
1441987215874,MCOrientationChange,Portrait
1441987217616,MCOrientationChange,Portrait
1441987244786,MCOrientationChange,Portrait
1441987245356,MCOrientationChange,Portrait
1441987247016,MCCameraSwap,Front
1441987266566,MCTabToggle,StatusesView
1441987267895,TaskEnd,1
1441987673643,MCTabToggle,VideoChatView
1441987680002,MCOrientationChange,Portrait
1441987684668,MCTabToggle,StatusesView
1441987684925,MCOrientationChange,Portrait
1441987685663,MCTabToggle,VideoChatView
1441987685951,MCOrientationChange,Portrait
1441987687510,MCOrientationChange,Portrait
1441987687850,MCOrientationChange,Portrait
1441987688582,MCOrientationChange,Portrait
1441987688662,MCOrientationChange,Portrait
1441987692362,MCOrientationChange,Portrait
1441987693865,MCOrientationChange,Landscape
1441987693865,MCOrientationChange,Landscape
1441987694331,MCOrientationChange,Landscape
1441987694829,MCOrientationChange,Landscape
1441987696740,MCTabToggle,DroneVideoView
1441987702298,MCOrientationChange,Portrait
1441987702942,MCOrientationChange,Portrait
1441987703358,MCTabToggle,StatusesView
1441987707616,MCTabToggle,Disconnected
1441987931183,MCOrientationChange,Portrait
1441987932046,MCOrientationChange,Landscape
1441987933830,MCOrientationChange,Landscape
1441987934972,MCOrientationChange,Portrait
1441987935632,MCOrientationChange,Portrait
1441987936406,MCTabToggle,VideoChatView
1441987936524,MCOrientationChange,Portrait
1441987945050,MCOrientationChange,Portrait
1441987969095,MCOrientationChange,Landscape
1441987969095,MCOrientationChange,Landscape
1441987969240,MCOrientationChange,Landscape
1441987980966,MCTabToggle,Disconnected
1441987998332,MCOrientationChange,Portrait
1441987999192,MCOrientationChange,Landscape
1441988001135,MCTabToggle,VideoChatView
1441988015905,MCVideoChatSwapMainViews,Local
1441988018633,MCTabToggle,StatusesView
1441988026972,MCTabToggle,DroneVideoView
1441988026972,TaskBegin,2
1441988034411,MCTabToggle,VideoChatView
1441988121790,Command,CamDown
1441988121986,Command,CamDown
1441988122682,Command,CamDown
1441988129677,MCOrientationChange,Landscape
1441988133435,MCOrientationChange,Landscape
1441988161133,Command,CamDown
1441988163497,Command,CamDown
1441988167759,Command,MoveUp
1441988169124,Command,MoveUp
1441988177575,Command,MoveForward
1441988178080,Command,MoveForward
1441988276542,Command,MoveDown
1441988276799,Command,MoveDown
1441988283105,MCOrientationChange,Landscape
1441988284564,MCOrientationChange,Landscape
1441988306725,Command,MoveForward
1441988307102,Command,MoveForward
1441988318858,Command,CamLeft
1441988319295,Command,CamLeft
1441988319916,Command,CamLeft
1441988320301,Command,CamLeft
1441988321449,Command,CamRight
1441988322177,Command,CamUp
1441988322802,Command,CamUp
1441988323412,Command,CamRight
1441988323932,Command,CamRight
1441988324493,Command,CamRight
1441988333467,Command,CamRight
1441988333710,Command,CamRight
1441988334002,Command,CamRight
1441988337587,Command,CamRight
1441988338877,Command,CamUp
1441988340747,Command,CamDown
1441988341265,Command,CamLeft
1441988342094,Command,CamLeft
1441988356934,Command,CamDown
1441988357130,Command,CamDown
1441988357371,Command,CamDown
1441988358145,Command,CamDown
1441988358471,Command,CamDown
1441988359884,Command,CamDown
1441988360821,Command,CamRight
1441988361286,Command,CamRight
1441988363122,Command,CamDown
1441988366331,Command,CamRight
1441988366867,Command,CamRight
1441988370624,Command,CamRight
1441988370934,Command,CamRight
1441988371288,Command,CamRight
1441988380535,Command,MoveUp
1441988381199,Command,MoveUp
1441988385532,Command,CamRight
1441988410407,Command,CamLeft
1441988410976,Command,CamLeft
1441988411520,Command,CamLeft
1441988412016,Command,CamLeft
1441988412687,Command,CamLeft
1441988413999,Command,CamLeft
1441988415196,Command,CamUp
1441988415989,Command,CamUp
1441988417740,Command,CamDown
1441988420019,Command,CamUp
1441988429703,Command,CamUp
1441988430484,Command,CamRight
1441988431085,Command,CamRight
1441988432020,Command,CamDown
1441988464145,Command,CamRight
1441988508599,Command,CamDown
1441988508811,Command,CamDown
1441988509086,Command,CamDown
1441988520242,Command,CamUp
1441988536338,Command,CamLeft
1441988536880,Command,CamLeft
1441988537672,Command,CamLeft
1441988538883,Command,CamLeft
1441988540293,Command,CamLeft
1441988541091,Command,CamLeft
1441988541417,Command,CamLeft
1441988542572,Command,CamRight
1441988543799,Command,CamRight
1441988544527,Command,CamRight
1441988545071,Command,CamRight
1441988546382,Command,CamRight
1441988557474,Command,MoveBack
1441988557957,Command,MoveBack
1441988576153,Command,CamLeft
1441988576696,Command,CamLeft
1441988581131,Command,CamUp
1441988582570,Command,CamDown
1441988584698,Command,CamUp
1441988589115,Command,CamDown
1441988589960,Command,CamUp
1441988600057,Command,CamRight
1441988601075,Command,CamLeft
1441988625746,Command,CamDown
1441988626045,Command,CamDown
1441988626309,Command,CamDown
1441988626938,Command,CamDown
1441988628043,Command,CamLeft
1441988628456,Command,CamLeft
1441988629197,Command,CamLeft
1441988629736,Command,CamLeft
1441988630855,Command,CamLeft
1441988631388,Command,CamRight
1441988631804,Command,CamRight
1441988632235,Command,CamRight
1441988632994,Command,CamRight
1441988633458,Command,CamRight
1441988635372,Command,CamRight
1441988635818,Command,CamRight
1441988636446,Command,CamRight
1441988641786,Command,CamLeft
1441988642040,Command,CamLeft
1441988646284,Command,CamUp
1441988647297,Command,CamUp
1441988650028,Command,CamRight
1441988650379,Command,CamRight
1441988651460,Command,CamRight
1441988657922,Command,CamDown
1441988658197,Command,CamDown
1441988658311,Command,CamDown
1441988671654,Command,CamLeft
1441988671985,Command,CamLeft
1441988673024,Command,CamLeft
1441988673481,Command,CamLeft
1441988673983,Command,CamLeft
1441988674605,Command,CamLeft
1441988675479,Command,CamUp
1441988675866,Command,CamUp
1441988678324,Command,CamLeft
1441988680413,Command,CamLeft
1441988681451,Command,CamLeft
1441988684327,Command,CamUp
1441988685587,Command,CamDown
1441988725404,MCOrientationChange,Landscape
1441988726649,MCOrientationChange,Landscape
1441988755929,MCOrientationChange,Landscape
1441988759312,MCOrientationChange,Landscape
1441988761561,MCOrientationChange,Landscape
1441988764695,MCOrientationChange,Landscape
1441988767316,MCOrientationChange,Landscape
1441988772121,MCOrientationChange,Landscape
1441988773595,MCOrientationChange,Landscape
1441988775405,MCOrientationChange,Landscape
1441988775804,MCCameraSwap,Front
1441988778401,MCOrientationChange,Landscape
1441988780445,MCOrientationChange,Landscape
1441988791609,MCOrientationChange,Landscape
1441988792184,MCOrientationChange,Landscape
1441988797570,MCTabToggle,StatusesView
1441988798804,MCTabToggle,VideoChatView
1441988800285,MCOrientationChange,Landscape
1441988800781,MCOrientationChange,Landscape
1441988809143,MCOrientationChange,Landscape
1441988811943,MCOrientationChange,Landscape
1441988834583,MCTabToggle,StatusesView
1441988837357,TaskEnd,2
1441989417648,MCOrientationChange,Landscape
1441989424496,MCOrientationChange,Landscape
1441989425127,MCOrientationChange,Portrait
1441989426247,MCTabToggle,VideoChatView
1441989427724,MCCameraSwap,Front
1441989432195,MCOrientationChange,Landscape
1441989435803,MCOrientationChange,Landscape
1441989436187,MCTabToggle,StatusesView
1441989438704,MCOrientationChange,Portrait
1441989439387,MCOrientationChange,Portrait
1441989442295,MCOrientationChange,Portrait
1441989443267,MCOrientationChange,Portrait
1441989474188,MCTabToggle,VideoChatView
1441989474606,MCOrientationChange,Portrait
1441989476808,MCOrientationChange,Landscape
1441989477572,MCTabToggle,StatusesView
1441989477638,MCOrientationChange,Landscape
1441989479436,MCTabToggle,VideoChatView
1441989491368,MCOrientationChange,Landscape
1441989492039,MCOrientationChange,Landscape
1441989495705,MCOrientationChange,Landscape
1441989498395,MCOrientationChange,Landscape
1441989501865,MCOrientationChange,Landscape
1441989502447,MCOrientationChange,Landscape
1441989503993,MCOrientationChange,Landscape
1441989504499,MCOrientationChange,Landscape
1441989505067,MCOrientationChange,Landscape
1441989506691,MCOrientationChange,Landscape
1441989506887,MCOrientationChange,Landscape
1441989507580,MCOrientationChange,Landscape
1441989508047,MCOrientationChange,Landscape
1441989511508,MCOrientationChange,Landscape
1441989511697,MCOrientationChange,Landscape
1441989513340,MCOrientationChange,Landscape
1441989517768,MCOrientationChange,Landscape
1441989612841,MCOrientationChange,Landscape
1441989613405,MCOrientationChange,Landscape
1441989623808,MCOrientationChange,Landscape
1441989624480,MCOrientationChange,Landscape
1441989625560,MCOrientationChange,Landscape
1441989625942,MCOrientationChange,Landscape
1441989637318,MCOrientationChange,Landscape
1441989637887,MCOrientationChange,Landscape
1441989691095,MCOrientationChange,Landscape
1441989692045,MCOrientationChange,Landscape
1441989692847,MCOrientationChange,Landscape
1441989700712,MCOrientationChange,Landscape
1441989731427,MCOrientationChange,Landscape
1441989735659,MCOrientationChange,Landscape
1441989785988,MCOrientationChange,Landscape
1441989786449,MCOrientationChange,Landscape
1441989788949,MCOrientationChange,Landscape
1441989790983,MCOrientationChange,Landscape
1441989791748,MCOrientationChange,Landscape
1441989794164,MCOrientationChange,Landscape
1441989794529,MCOrientationChange,Landscape
1441989814067,MCOrientationChange,Landscape
1441989834752,MCOrientationChange,Landscape
1441989836007,MCOrientationChange,Landscape
1441989836507,MCOrientationChange,Landscape
1441989846988,MCOrientationChange,Landscape
1441989856112,MCOrientationChange,Landscape
1441989856806,MCOrientationChange,Landscape
1441989857659,MCOrientationChange,Landscape
1441989859305,MCOrientationChange,Landscape
1441989865445,MCOrientationChange,Landscape
1441989875488,MCOrientationChange,Landscape
1441989950789,MCOrientationChange,Landscape
1441989952041,MCOrientationChange,Landscape
1441989971607,MCOrientationChange,Landscape
1441989975544,MCOrientationChange,Landscape
1441989980849,MCOrientationChange,Landscape
1441989981031,MCOrientationChange,Landscape
1441989982280,MCOrientationChange,Landscape
1441989985468,MCOrientationChange,Landscape
1441989999747,MCTabToggle,StatusesView
1441990002380,MCTabToggle,Disconnected
