1441999534493,MCTabToggle,VideoChatView
1441999536044,MCOrientationChange,Portrait
1441999544654,MCCameraSwap,Front
1441999566006,MCOrientationChange,Landscape
1441999619546,MCTabToggle,DroneVideoView
1441999628341,MCTabToggle,VideoChatView
1441999633144,MCVideoChatSwapMainViews,Local
1441999638880,MCCameraSwap,Back
1441999644701,MCCameraSwap,Front
1441999647554,MCCameraSwap,Back
1441999650530,MCCameraSwap,Front
1441999650952,MCOrientationChange,Landscape
1441999651544,MCOrientationChange,Landscape
1441999653518,MCTabToggle,DroneVideoView
1441999654615,MCTabToggle,VideoChatView
1441999656062,MCTabToggle,StatusesView
1441999669633,MCOrientationChange,Landscape
1441999675733,MCOrientationChange,Landscape
1441999693887,MCTabToggle,VideoChatView
1441999695643,MCOrientationChange,Landscape
1441999699123,MCOrientationChange,Landscape
1441999699397,MCOrientationChange,Landscape
1441999702163,MCOrientationChange,Landscape
1441999706324,MCVideoChatSwapMainViews,Remote
1441999728767,MCTabToggle,DroneVideoView
1441999738093,MCTabToggle,VideoChatView
1441999741368,MCOrientationChange,Landscape
1441999741468,MCOrientationChange,Landscape
1441999743241,MCTabToggle,DroneVideoView
1441999753666,Command,CamUp
1441999755170,Command,CamUp
1441999755421,Command,CamUp
1441999755554,Command,CamUp
1441999756532,Command,CamUp
1441999758834,Command,CamRight
1441999759202,Command,CamRight
1441999759368,Command,CamRight
1441999759570,Command,CamRight
1441999759738,Command,CamRight
1441999759901,Command,CamRight
1441999760074,Command,CamRight
1441999760242,Command,CamRight
1441999760558,Command,CamRight
1441999760728,Command,CamRight
1441999762521,Command,CamDown
1441999762684,Command,CamDown
1441999762849,Command,CamDown
1441999763366,Command,CamUp
1441999763772,Command,CamLeft
1441999764205,Command,CamUp
1441999764539,Command,CamRight
1441999764867,Command,CamDown
1441999765217,Command,CamUp
1441999765560,Command,CamRight
1441999765927,Command,CamLeft
1441999766357,Command,CamDown
1441999766820,Command,CamDown
1441999766907,Command,CamDown
1441999766992,Command,CamDown
1441999767075,Command,CamDown
1441999767165,Command,CamDown
1441999767339,Command,CamDown
1441999767522,Command,CamDown
1441999767693,Command,CamDown
1441999767739,Command,CamDown
1441999767941,Command,CamDown
1441999768265,Command,CamLeft
1441999768450,Command,CamLeft
1441999768633,Command,CamLeft
1441999768961,Command,CamUp
1441999769515,Command,CamUp
1441999769662,Command,CamUp
1441999769797,Command,CamUp
1441999769943,Command,CamUp
1441999770114,Command,CamUp
1441999770266,Command,CamUp
1441999770401,Command,CamUp
1441999770609,Command,CamUp
1441999770738,Command,CamUp
1441999771065,Command,CamUp
1441999771714,Command,CamRight
1441999813202,MCOrientationChange,Landscape
1441999815093,MCOrientationChange,Landscape
1441999815430,MCOrientationChange,Landscape
1441999820795,MCOrientationChange,Landscape
1441999824242,MCOrientationChange,Landscape
1441999826273,MCOrientationChange,Landscape
1441999828955,MCOrientationChange,Landscape
1441999832753,MCOrientationChange,Landscape
1441999833439,MCTabToggle,VideoChatView
1441999839314,MCTabToggle,StatusesView
1441999840834,MCTabToggle,VideoChatView
1441999861838,Command,CamDown
1441999862612,Command,CamDown
1441999863003,Command,CamDown
1441999863186,Command,CamDown
1441999863422,Command,CamDown
1441999863785,Command,CamDown
1441999866132,Command,CamLeft
1441999866315,Command,CamLeft
1441999869318,Command,CamUp
1441999869765,Command,CamUp
1441999872002,MCOrientationChange,Landscape
1441999872833,Command,CamRight
1441999876541,MCOrientationChange,Portrait
1441999878749,MCOrientationChange,Portrait
1441999879604,MCOrientationChange,Landscape
1441999919353,MCOrientationChange,Portrait
1441999920713,MCVideoChatSwapMainViews,Local
1441999922054,MCCameraSwap,Back
1441999925625,MCOrientationChange,Landscape
1441999941543,MCOrientationChange,Landscape
1441999942524,MCOrientationChange,Landscape
1441999944886,MCCameraSwap,Front
1441999946529,MCOrientationChange,Landscape
1441999966743,MCOrientationChange,Landscape
1441999968983,MCOrientationChange,Landscape
1441999990616,MCOrientationChange,Landscape
1441999992180,MCOrientationChange,Landscape
1441999993125,MCOrientationChange,Landscape
1441999994233,MCOrientationChange,Landscape
1441999994932,MCOrientationChange,Landscape
1441999995221,MCVideoChatSwapMainViews,Remote
1441999995677,MCOrientationChange,Landscape
1442000010433,MCOrientationChange,Landscape
1442000010692,MCCameraSwap,Back
1442000017668,MCTabToggle,StatusesView
1442000020240,MCTabToggle,VideoChatView
1442000021358,MCTabToggle,StatusesView
1442000022520,MCTabToggle,VideoChatView
1442000025297,MCTabToggle,StatusesView
1442000026555,MCTabToggle,Disconnected
1442000036406,MCTabToggle,VideoChatView
1442000038499,MCOrientationChange,Landscape
1442000043339,MCVideoChatSwapMainViews,Local
1442000045583,TaskBegin,0
1442000046732,MCOrientationChange,Landscape
1442000048741,MCOrientationChange,Landscape
1442000057728,Command,CamDown
1442000057900,Command,CamDown
1442000058087,Command,CamDown
1442000058267,Command,CamDown
1442000058414,Command,CamDown
1442000058665,Command,CamDown
1442000058854,Command,CamDown
1442000058985,Command,CamDown
1442000060557,Command,CamLeft
1442000061040,Command,CamLeft
1442000061470,Command,CamLeft
1442000062086,Command,CamLeft
1442000066104,MCOrientationChange,Landscape
1442000069804,Command,CamLeft
1442000071330,Command,CamLeft
1442000077931,MCOrientationChange,Landscape
1442000078481,MCCameraSwap,Front
1442000078553,MCOrientationChange,Landscape
1442000079423,Command,MoveForward
1442000080083,MCOrientationChange,Landscape
1442000082952,MCOrientationChange,Landscape
1442000083747,Command,MoveForward
1442000088592,Command,CamUp
1442000092061,MCOrientationChange,Landscape
1442000092273,MCOrientationChange,Landscape
1442000092400,MCTabToggle,DroneVideoView
1442000092791,Command,CamRight
1442000093132,MCOrientationChange,Landscape
1442000093366,Command,CamRight
1442000093641,Command,CamRight
1442000093850,Command,CamRight
1442000094017,Command,CamRight
1442000094159,Command,CamRight
1442000094438,Command,CamUp
1442000094764,Command,CamUp
1442000094985,Command,CamUp
1442000095208,Command,CamUp
1442000095436,Command,CamRight
1442000095813,Command,CamDown
1442000096367,Command,CamDown
1442000096480,Command,CamDown
1442000096524,Command,CamDown
1442000096572,Command,CamDown
1442000096660,Command,CamDown
1442000096755,Command,CamDown
1442000096897,Command,CamDown
1442000096961,Command,CamDown
1442000097093,Command,CamDown
1442000097744,Command,CamDown
1442000097982,Command,CamUp
1442000098414,Command,CamDown
1442000098617,Command,CamLeft
1442000099087,Command,CamLeft
1442000099274,Command,CamLeft
1442000099544,Command,CamLeft
1442000099828,Command,CamLeft
1442000102359,MCOrientationChange,Landscape
1442000102875,MCOrientationChange,Landscape
1442000102923,MCOrientationChange,Landscape
1442000103083,Command,CamDown
1442000103491,Command,CamDown
1442000103580,Command,CamDown
1442000103663,Command,CamDown
1442000103744,Command,CamDown
1442000103830,Command,CamDown
1442000103912,Command,CamDown
1442000104004,Command,CamDown
1442000104077,MCOrientationChange,Landscape
1442000104177,Command,CamDown
1442000104358,Command,CamDown
1442000104528,Command,CamDown
1442000104667,Command,CamDown
1442000104829,Command,CamDown
1442000105394,MCOrientationChange,Landscape
1442000105546,Command,CamDown
1442000105860,Command,CamDown
1442000106146,Command,CamDown
1442000106584,Command,CamDown
1442000106824,Command,CamDown
1442000107098,Command,CamDown
1442000107348,Command,CamDown
1442000107504,Command,CamDown
1442000107704,Command,CamDown
1442000107954,Command,CamDown
1442000108307,Command,CamDown
1442000108691,Command,CamDown
1442000109577,Command,CamDown
1442000110074,Command,CamDown
1442000110158,Command,CamDown
1442000110240,Command,CamDown
1442000110329,Command,CamDown
1442000110413,Command,CamDown
1442000110499,Command,CamDown
1442000110617,Command,CamDown
1442000110670,Command,CamDown
1442000111861,Command,CamUp
1442000112481,Command,CamUp
1442000112604,Command,MoveUp
1442000112882,Command,CamLeft
1442000113390,Command,CamLeft
1442000113497,Command,CamLeft
1442000113552,Command,CamLeft
1442000113639,Command,CamLeft
1442000113715,Command,CamLeft
1442000114124,Command,CamLeft
1442000114948,Command,CamDown
1442000115645,Command,CamDown
1442000116013,Command,CamRight
1442000116514,Command,CamRight
1442000116822,MCOrientationChange,Landscape
1442000117160,Command,CamUp
1442000117817,Command,CamDown
1442000118014,MCOrientationChange,Landscape
1442000118113,MCOrientationChange,Landscape
1442000118264,Command,CamUp
1442000118471,Command,CamUp
1442000118640,Command,CamUp
1442000118860,Command,CamUp
1442000118990,MCOrientationChange,Landscape
1442000119428,Command,CamLeft
1442000119867,Command,CamLeft
1442000120186,Command,CamLeft
1442000120678,Command,CamRight
1442000121189,Command,CamRight
1442000121289,Command,CamRight
1442000121540,Command,CamRight
1442000121734,Command,CamRight
1442000122813,Command,CamLeft
1442000124882,MCOrientationChange,Landscape
1442000125337,Command,CamUp
1442000126495,Command,CamDown
1442000128813,MCOrientationChange,Landscape
1442000128911,Command,CamDown
1442000129373,Command,CamDown
1442000129467,Command,CamDown
1442000129537,Command,CamDown
1442000129702,Command,CamDown
1442000129742,Command,CamDown
1442000129795,Command,CamDown
1442000130268,Command,CamDown
1442000130303,Command,CamDown
1442000130338,Command,CamDown
1442000130383,Command,CamDown
1442000130464,Command,CamDown
1442000130571,Command,CamDown
1442000130630,Command,CamDown
1442000130716,Command,CamDown
1442000130834,Command,CamDown
1442000130899,Command,CamDown
1442000130962,Command,CamDown
1442000131186,Command,CamLeft
1442000131742,Command,CamLeft
1442000131758,Command,CamLeft
1442000131832,Command,CamLeft
1442000131917,Command,CamLeft
1442000132017,Command,CamLeft
1442000132087,Command,CamLeft
1442000132174,Command,CamLeft
1442000132273,Command,CamLeft
1442000132333,Command,CamUp
1442000132844,Command,CamUp
1442000132919,Command,CamUp
1442000133006,Command,CamUp
1442000133090,Command,CamUp
1442000133177,Command,CamUp
1442000133267,Command,CamUp
1442000133340,Command,CamUp
1442000133610,Command,CamRight
1442000134108,Command,CamRight
1442000134191,Command,CamRight
1442000134282,Command,CamRight
1442000134822,MCOrientationChange,Landscape
1442000135021,Command,CamUp
1442000135484,Command,CamUp
1442000135883,Command,CamUp
1442000135914,MCOrientationChange,Landscape
1442000136167,Command,CamUp
1442000136193,MCOrientationChange,Landscape
1442000136401,Command,CamUp
1442000136614,Command,CamUp
1442000136936,Command,CamDown
1442000137118,Command,CamDown
1442000137333,Command,CamDown
1442000137384,MCOrientationChange,Landscape
1442000137548,Command,CamDown
1442000139234,MCOrientationChange,Landscape
1442000140139,Command,CamDown
1442000140404,Command,CamDown
1442000140780,Command,CamDown
1442000141190,Command,CamDown
1442000141992,Command,CamDown
1442000142172,Command,CamDown
1442000142431,Command,CamDown
1442000142640,Command,CamDown
1442000143045,Command,CamUp
1442000143508,MCOrientationChange,Landscape
1442000143617,Command,CamUp
1442000144275,Command,CamUp
1442000144703,MCOrientationChange,Landscape
1442000144970,Command,CamDown
1442000145390,Command,CamDown
1442000145753,Command,CamDown
1442000145921,Command,CamDown
1442000146131,Command,CamDown
1442000146309,Command,CamDown
1442000146600,Command,CamDown
1442000146772,Command,CamDown
1442000147110,Command,CamLeft
1442000147364,Command,CamLeft
1442000147648,Command,CamLeft
1442000147902,Command,CamLeft
1442000148228,Command,CamLeft
1442000148491,Command,CamLeft
1442000148748,Command,CamLeft
1442000149007,Command,CamLeft
1442000149213,Command,CamLeft
1442000149437,Command,CamLeft
1442000149823,Command,CamLeft
1442000150163,Command,CamLeft
1442000150248,Command,CamLeft
1442000150347,Command,CamLeft
1442000150421,Command,CamLeft
1442000150498,Command,CamLeft
1442000150585,Command,CamLeft
1442000150678,Command,CamLeft
1442000150754,Command,CamLeft
1442000150863,Command,CamLeft
1442000150978,Command,CamLeft
1442000151202,Command,CamLeft
1442000151385,Command,CamLeft
1442000151577,Command,CamLeft
1442000151821,Command,CamLeft
1442000152053,Command,CamLeft
1442000152119,MCTabToggle,VideoChatView
1442000152343,Command,CamRight
1442000152646,Command,CamRight
1442000152934,Command,CamRight
1442000153319,Command,CamRight
1442000153723,Command,CamRight
1442000154393,Command,CamUp
1442000154836,Command,CamUp
1442000156299,MCTabToggle,DroneVideoView
1442000157245,Command,CamUp
1442000157548,Command,CamRight
1442000158044,Command,CamRight
1442000158151,Command,CamRight
1442000158390,Command,CamRight
1442000158895,Command,CamRight
1442000158997,Command,CamRight
1442000159057,Command,CamRight
1442000159272,Command,CamDown
1442000159637,Command,CamLeft
1442000159971,Command,CamDown
1442000160636,Command,CamDown
1442000161262,Command,CamLeft
1442000161771,Command,CamLeft
1442000161873,Command,CamLeft
1442000161932,Command,CamLeft
1442000162064,Command,CamLeft
1442000162113,Command,CamLeft
1442000162425,Command,CamLeft
1442000162923,Command,CamLeft
1442000163047,Command,CamLeft
1442000163127,Command,CamLeft
1442000163176,Command,CamLeft
1442000163258,Command,CamLeft
1442000163339,Command,CamLeft
1442000163422,Command,CamLeft
1442000163508,Command,CamLeft
1442000163589,Command,CamLeft
1442000163652,Command,CamUp
1442000164148,Command,CamUp
1442000164228,Command,CamUp
1442000164312,Command,CamUp
1442000164394,Command,CamUp
1442000164521,Command,CamUp
1442000164708,Command,CamUp
1442000164772,Command,CamUp
1442000164802,Command,CamUp
1442000164817,Command,CamUp
1442000164900,Command,CamUp
1442000164987,Command,CamUp
1442000165072,Command,CamUp
1442000165151,Command,CamUp
1442000165239,Command,CamUp
1442000165534,Command,CamDown
1442000166133,Command,CamDown
1442000166184,Command,CamDown
1442000166233,Command,CamDown
1442000166351,Command,CamDown
1442000166459,Command,CamDown
1442000166476,Command,CamDown
1442000166560,Command,CamDown
1442000166657,Command,CamDown
1442000166707,Command,CamDown
1442000166798,Command,CamDown
1442000166896,Command,CamDown
1442000166975,Command,CamDown
1442000167161,Command,CamDown
1442000167303,Command,CamDown
1442000167413,Command,CamDown
1442000167413,Command,CamDown
1442000167472,Command,CamDown
1442000167483,Command,CamDown
1442000167587,Command,CamDown
1442000167688,Command,CamDown
1442000167746,Command,CamDown
1442000167869,Command,CamDown
1442000167913,Command,CamDown
1442000168020,Command,CamDown
1442000168227,Command,CamDown
1442000168755,Command,CamDown
1442000176930,MCTabToggle,VideoChatView
1442000177861,MCCameraSwap,Back
1442000185309,MCOrientationChange,Landscape
1442000186181,MCOrientationChange,Landscape
1442000196210,MCOrientationChange,Landscape
1442000199336,Command,CamUp
1442000199544,Command,CamUp
1442000199800,Command,CamUp
1442000200192,Command,CamRight
1442000200911,Command,CamDown
1442000201054,Command,CamDown
1442000201339,Command,CamDown
1442000202092,Command,CamUp
1442000202252,Command,CamUp
1442000202748,Command,CamUp
1442000203302,Command,CamUp
1442000203714,MCOrientationChange,Landscape
1442000203820,Command,CamLeft
1442000204243,Command,CamLeft
1442000204621,MCOrientationChange,Landscape
1442000204654,Command,CamRight
1442000204678,MCOrientationChange,Landscape
1442000204772,MCOrientationChange,Landscape
1442000204896,Command,CamRight
1442000204914,MCOrientationChange,Landscape
1442000205072,Command,CamRight
1442000205235,Command,CamRight
1442000205957,MCOrientationChange,Landscape
1442000206125,Command,CamLeft
1442000206806,Command,CamRight
1442000212783,MCOrientationChange,Landscape
1442000213630,MCOrientationChange,Landscape
1442000215041,MCOrientationChange,Landscape
1442000215584,MCOrientationChange,Landscape
1442000216514,MCOrientationChange,Landscape
1442000217570,MCOrientationChange,Landscape
1442000218249,MCOrientationChange,Landscape
1442000219413,MCOrientationChange,Landscape
1442000221933,MCOrientationChange,Landscape
1442000222813,MCTabToggle,StatusesView
1442000230200,MCTabToggle,VideoChatView
1442000232521,MCOrientationChange,Landscape
1442000235989,MCOrientationChange,Landscape
1442000236477,MCOrientationChange,Landscape
1442000248694,MCCameraSwap,Front
1442000248694,MCOrientationChange,Landscape
1442000249460,MCOrientationChange,Landscape
1442000264161,Command,CamLeft
1442000264409,Command,CamLeft
1442000264618,Command,CamLeft
1442000264811,Command,CamLeft
1442000265351,Command,CamLeft
1442000266471,Command,CamDown
1442000267633,Command,CamDown
1442000268372,Command,CamLeft
1442000269011,Command,CamUp
1442000269724,Command,CamLeft
1442000272244,Command,CamRight
1442000272795,Command,CamRight
1442000272854,Command,CamRight
1442000272926,Command,CamRight
1442000273037,Command,CamRight
1442000273112,Command,CamRight
1442000273221,Command,CamRight
1442000273259,Command,CamRight
1442000273371,Command,CamRight
1442000273423,Command,CamRight
1442000273529,Command,CamRight
1442000273583,Command,CamRight
1442000273736,Command,CamRight
1442000274089,Command,CamDown
1442000274601,Command,CamDown
1442000274807,Command,CamDown
1442000275301,Command,CamDown
1442000275560,Command,CamDown
1442000275868,MCTabToggle,DroneVideoView
1442000276561,MCOrientationChange,Landscape
1442000276966,Command,CamLeft
1442000278502,MCOrientationChange,Landscape
1442000279247,Command,CamUp
1442000285690,Command,CamLeft
1442000285863,MCOrientationChange,Landscape
1442000285919,MCOrientationChange,Landscape
1442000286139,Command,CamLeft
1442000286484,Command,CamLeft
1442000286548,MCOrientationChange,Landscape
1442000286548,MCOrientationChange,Landscape
1442000287044,Command,CamUp
1442000287705,MCTabToggle,StatusesView
1442000288055,Command,CamUp
1442000289426,Command,CamDown
1442000289569,MCTabToggle,DroneVideoView
1442000289789,Command,CamDown
1442000290094,Command,CamDown
1442000290658,Command,CamDown
1442000291271,Command,CamRight
1442000292355,Command,CamUp
1442000294002,Command,CamRight
1442000295863,Command,CamUp
1442000296283,Command,CamRight
1442000296558,Command,CamRight
1442000296831,Command,CamRight
1442000297046,Command,CamRight
1442000297486,Command,CamRight
1442000303507,Command,CamUp
1442000303765,Command,CamUp
1442000304147,Command,CamUp
1442000304396,Command,CamUp
1442000304614,Command,CamUp
1442000305227,Command,CamUp
1442000305496,Command,CamUp
1442000307071,Command,CamDown
1442000307617,Command,CamDown
1442000307658,Command,CamDown
1442000307769,Command,CamDown
1442000307840,Command,CamDown
1442000307972,Command,CamDown
1442000308050,Command,CamDown
1442000308089,Command,CamDown
1442000308164,Command,CamDown
1442000308581,Command,CamDown
1442000308655,Command,CamDown
1442000308655,Command,CamDown
1442000308655,Command,CamDown
1442000308830,Command,CamDown
1442000309192,Command,CamDown
1442000309639,Command,CamUp
1442000309824,Command,CamUp
1442000310014,Command,CamUp
1442000310366,Command,CamUp
1442000311631,Command,CamLeft
1442000313726,Command,CamUp
1442000325753,MCOrientationChange,Landscape
1442000326687,MCOrientationChange,Landscape
1442000327833,MCOrientationChange,Landscape
1442000328517,Command,CamDown
1442000330757,Command,CamLeft
1442000330905,MCOrientationChange,Landscape
1442000332133,Command,CamRight
1442000333311,Command,CamLeft
1442000333422,Command,CamLeft
1442000334508,Command,CamLeft
1442000335976,Command,CamRight
1442000336468,Command,CamRight
1442000336550,Command,CamRight
1442000336641,Command,CamRight
1442000336724,Command,CamRight
1442000336855,Command,CamRight
1442000336883,Command,CamRight
1442000337106,Command,CamRight
1442000337114,Command,CamRight
1442000337138,Command,CamRight
1442000337534,Command,CamRight
1442000338510,MCOrientationChange,Landscape
1442000339528,Command,CamDown
1442000340994,MCOrientationChange,Landscape
1442000342830,Command,CamRight
1442000343350,Command,CamRight
1442000343486,Command,CamRight
1442000343621,Command,CamRight
1442000343697,Command,CamRight
1442000343718,Command,CamRight
1442000343882,Command,CamRight
1442000343882,Command,CamRight
1442000343969,Command,CamRight
1442000344165,Command,CamRight
1442000344465,Command,CamRight
1442000344673,Command,CamRight
1442000346120,Command,CamLeft
1442000346309,Command,CamLeft
1442000346517,Command,CamLeft
1442000346719,Command,CamLeft
1442000347550,Command,CamRight
1442000349358,Command,CamLeft
1442000351175,MCOrientationChange,Landscape
1442000352439,MCTabToggle,VideoChatView
1442000353283,MCCameraSwap,Back
1442000354440,Command,CamDown
1442000354825,Command,CamDown
1442000355031,Command,CamDown
1442000355242,Command,CamDown
1442000355484,Command,CamDown
1442000358775,Command,MoveUp
1442000360894,MCOrientationChange,Landscape
1442000361273,MCOrientationChange,Landscape
1442000362456,Command,CamDown
1442000362723,Command,CamDown
1442000362897,Command,CamDown
1442000363070,Command,CamDown
1442000363269,Command,CamDown
1442000363453,Command,CamDown
1442000363897,Command,CamUp
1442000364063,Command,CamUp
1442000364255,Command,CamUp
1442000364440,Command,CamUp
1442000364616,Command,CamUp
1442000364832,Command,CamUp
1442000365005,Command,CamUp
1442000365773,Command,CamDown
1442000366011,Command,CamDown
1442000366174,MCOrientationChange,Landscape
1442000366213,Command,CamDown
1442000366386,Command,CamDown
1442000366580,Command,CamDown
1442000366751,Command,CamDown
1442000366944,Command,CamDown
1442000367194,Command,CamDown
1442000367343,Command,CamDown
1442000367624,Command,CamDown
1442000368374,Command,CamLeft
1442000368511,MCOrientationChange,Landscape
1442000368610,Command,CamLeft
1442000368733,MCCameraSwap,Front
1442000368807,Command,CamLeft
1442000369012,Command,CamLeft
1442000369228,Command,CamLeft
1442000370196,Command,CamLeft
1442000370619,Command,CamLeft
1442000372753,MCOrientationChange,Landscape
1442000373141,Command,CamRight
1442000373356,Command,CamRight
1442000375152,Command,CamRight
1442000375842,Command,CamDown
1442000376838,MCOrientationChange,Landscape
1442000376916,Command,CamDown
1442000377558,MCCameraSwap,Back
1442000377837,Command,CamUp
1442000378268,Command,CamUp
1442000378793,Command,CamDown
1442000379412,Command,CamDown
1442000379542,MCCameraSwap,Front
1442000379924,Command,CamDown
1442000380394,MCOrientationChange,Landscape
1442000381647,Command,CamUp
1442000381903,Command,CamDown
1442000382410,Command,CamDown
1442000382496,Command,CamDown
1442000382875,Command,CamDown
1442000383302,Command,CamDown
1442000383552,Command,CamDown
1442000383806,Command,CamDown
1442000383972,Command,CamDown
1442000384500,Command,CamUp
1442000386252,Command,CamRight
1442000386790,Command,CamRight
1442000386836,Command,CamRight
1442000386950,Command,CamRight
1442000387002,Command,CamRight
1442000387087,Command,CamRight
1442000387231,Command,CamRight
1442000387339,Command,CamRight
1442000387377,Command,CamRight
1442000387448,Command,CamRight
1442000387505,Command,CamRight
1442000388176,Command,CamDown
1442000388645,Command,CamDown
1442000388741,Command,CamDown
1442000389076,Command,CamDown
1442000390622,Command,CamDown
1442000390875,Command,CamDown
1442000391608,Command,CamUp
1442000393931,Command,CamUp
1442000401273,MCOrientationChange,Landscape
1442000406618,Command,MoveForward
1442000407198,Command,MoveForward
1442000409299,Command,CamLeft
1442000409702,MCOrientationChange,Landscape
1442000410766,Command,CamLeft
1442000411813,Command,CamLeft
1442000412505,Command,CamDown
1442000413442,Command,CamUp
1442000414260,Command,CamLeft
1442000418082,MCOrientationChange,Landscape
1442000419419,MCOrientationChange,Landscape
1442000421261,MCOrientationChange,Portrait
1442000423579,MCOrientationChange,Portrait
1442000428753,MCOrientationChange,Landscape
1442000444350,MCTabToggle,StatusesView
1442000446378,TaskEnd,0
1442000808900,MCOrientationChange,Portrait
1442000817304,MCOrientationChange,Portrait
1442000819099,MCOrientationChange,Portrait
1442000820421,MCTabToggle,VideoChatView
1442000822501,MCOrientationChange,Portrait
1442000823429,MCVideoChatSwapMainViews,Local
1442000824317,MCOrientationChange,Portrait
1442000831357,MCOrientationChange,Portrait
1442000832829,MCOrientationChange,Landscape
1442000832829,MCOrientationChange,Landscape
1442000833224,MCOrientationChange,Landscape
1442000833593,MCOrientationChange,Landscape
1442000833840,MCOrientationChange,Landscape
1442000834240,MCCameraSwap,Front
1442000834668,MCOrientationChange,Landscape
1442000864468,MCOrientationChange,Landscape
1442000865468,MCOrientationChange,Landscape
1442000880393,TaskBegin,1
1442000892664,Command,CamDown
1442000892868,MCOrientationChange,Landscape
1442000893172,Command,CamDown
1442000893669,Command,CamUp
1442000893820,Command,CamUp
1442000894015,Command,CamUp
1442000894261,Command,CamUp
1442000894857,Command,CamRight
1442000895092,Command,CamRight
1442000895185,MCOrientationChange,Landscape
1442000895274,Command,CamRight
1442000895434,Command,CamRight
1442000895468,MCOrientationChange,Landscape
1442000895586,Command,CamRight
1442000896058,MCOrientationChange,Landscape
1442000896430,MCOrientationChange,Landscape
1442000896603,Command,CamDown
1442000896776,MCVideoChatSwapMainViews,Remote
1442000897096,Command,CamDown
1442000897328,Command,CamUp
1442000897693,MCOrientationChange,Landscape
1442000897728,Command,CamDown
1442000897838,Command,CamDown
1442000898367,Command,CamUp
1442000898690,Command,CamUp
1442000899294,Command,CamDown
1442000899486,Command,CamDown
1442000899690,Command,CamDown
1442000900275,Command,CamDown
1442000905358,Command,CamUp
1442000908889,Command,CamUp
1442000910771,Command,CamLeft
1442000911528,Command,CamLeft
1442000911871,Command,CamLeft
1442000912212,Command,CamLeft
1442000912410,Command,CamLeft
1442000912637,Command,CamLeft
1442000912889,Command,CamLeft
1442000913136,Command,CamLeft
1442000913368,Command,CamLeft
1442000913704,Command,CamLeft
1442000914034,Command,CamLeft
1442000914235,Command,CamLeft
1442000914464,Command,CamLeft
1442000914699,Command,CamLeft
1442000915033,Command,CamLeft
1442000915469,Command,CamUp
1442000916244,Command,CamDown
1442000917096,Command,CamDown
1442000917594,Command,CamDown
1442000918083,Command,CamDown
1442000918502,Command,CamDown
1442000918616,Command,CamDown
1442000918887,Command,CamDown
1442000919198,Command,CamDown
1442000919431,Command,CamDown
1442000919830,Command,CamDown
1442000920499,MCOrientationChange,Landscape
1442000920621,MCOrientationChange,Landscape
1442000925728,Command,CamUp
1442000926127,Command,CamUp
1442000928648,Command,MoveBack
1442000929012,Command,MoveBack
1442000929424,Command,MoveBack
1442000929843,Command,MoveBack
1442000930015,Command,MoveBack
1442000930747,Command,CamUp
1442000930976,Command,CamUp
1442000930980,MCOrientationChange,Landscape
1442000931181,MCOrientationChange,Landscape
1442000931183,Command,CamUp
1442000931465,Command,CamUp
1442000932065,Command,CamDown
1442000932326,Command,CamDown
1442000932507,Command,CamDown
1442000932643,Command,CamDown
1442000933298,Command,CamUp
1442000933724,Command,CamUp
1442000934045,Command,CamUp
1442000934326,Command,CamRight
1442000934488,Command,CamRight
1442000934721,Command,CamRight
1442000934877,Command,CamRight
1442000935120,Command,CamRight
1442000935286,Command,CamRight
1442000935473,Command,CamRight
1442000935749,Command,CamRight
1442000935954,Command,CamRight
1442000936093,Command,CamRight
1442000936180,MCOrientationChange,Landscape
1442000936243,Command,CamRight
1442000936381,Command,CamRight
1442000936577,Command,CamRight
1442000936777,Command,CamRight
1442000937008,Command,CamRight
1442000937135,Command,CamRight
1442000937301,Command,CamRight
1442000937718,MCOrientationChange,Landscape
1442000938131,MCOrientationChange,Landscape
1442000938880,Command,CamUp
1442000939373,Command,CamLeft
1442000939949,MCOrientationChange,Landscape
1442000939994,Command,CamDown
1442000940232,Command,CamDown
1442000940628,Command,CamDown
1442000942202,Command,CamLeft
1442000942662,Command,CamLeft
1442000942979,Command,CamLeft
1442000943633,Command,CamLeft
1442000945518,Command,CamLeft
1442000945729,Command,CamLeft
1442000945988,Command,CamLeft
1442000946206,Command,CamLeft
1442000946395,Command,CamLeft
1442000946623,Command,CamLeft
1442000946816,Command,CamLeft
1442000948616,Command,CamUp
1442000950412,MCOrientationChange,Landscape
1442000950621,MCTabToggle,DroneVideoView
1442000951668,MCOrientationChange,Landscape
1442000951777,Command,CamRight
1442000952177,Command,CamUp
1442000952429,MCOrientationChange,Landscape
1442000952664,MCOrientationChange,Landscape
1442000953014,Command,CamDown
1442000953032,MCOrientationChange,Landscape
1442000953260,Command,CamDown
1442000953757,Command,CamUp
1442000954029,Command,CamDown
1442000954266,Command,CamDown
1442000955144,Command,CamDown
1442000955391,Command,CamDown
1442000955530,MCOrientationChange,Landscape
1442000956508,MCOrientationChange,Landscape
1442000956523,Command,CamUp
1442000956782,Command,CamUp
1442000957147,Command,CamUp
1442000957539,Command,CamUp
1442000957757,MCTabToggle,VideoChatView
1442000958210,Command,CamLeft
1442000959489,MCOrientationChange,Landscape
1442000966182,Command,CamLeft
1442000967641,Command,CamDown
1442000967877,Command,CamDown
1442000968039,Command,CamDown
1442000968258,Command,CamDown
1442000968459,Command,CamDown
1442000968568,Command,CamDown
1442000968749,Command,CamDown
1442000969809,Command,CamUp
1442000973627,Command,CamUp
1442000974963,Command,CamUp
1442000978944,Command,CamUp
1442000989017,Command,CamRight
1442000989346,Command,CamDown
1442000989802,Command,CamDown
1442000991798,MCOrientationChange,Landscape
1442000992189,MCOrientationChange,Landscape
1442000993333,Command,MoveUp
1442000995317,Command,MoveUp
1442001007013,Command,MoveForward
1442001015379,Command,CamUp
1442001015976,Command,CamDown
1442001016279,Command,CamDown
1442001017310,Command,CamUp
1442001018217,Command,CamRight
1442001018553,Command,CamRight
1442001018777,MCOrientationChange,Landscape
1442001019450,MCOrientationChange,Landscape
1442001022416,Command,CamLeft
1442001048832,Command,CamRight
1442001049387,Command,CamRight
1442001049446,Command,CamRight
1442001049525,Command,CamRight
1442001049578,Command,CamRight
1442001049666,Command,CamRight
1442001049807,Command,CamRight
1442001049881,Command,CamRight
1442001049942,Command,CamRight
1442001050310,Command,CamUp
1442001050591,Command,CamUp
1442001050888,Command,CamUp
1442001051583,Command,CamRight
1442001051773,Command,CamRight
1442001051943,Command,CamRight
1442001052119,Command,CamRight
1442001052331,Command,CamDown
1442001052530,Command,CamDown
1442001052744,Command,CamDown
1442001053339,Command,CamDown
1442001053677,Command,CamLeft
1442001053921,Command,CamLeft
1442001054146,Command,CamLeft
1442001054474,Command,CamUp
1442001054970,Command,CamUp
1442001055062,Command,CamUp
1442001055216,Command,CamUp
1442001055253,Command,CamUp
1442001055295,Command,CamLeft
1442001056108,Command,CamDown
1442001056308,Command,CamDown
1442001056503,Command,CamDown
1442001056660,Command,CamDown
1442001056790,Command,CamDown
1442001057087,Command,CamDown
1442001057167,Command,CamDown
1442001057599,Command,CamLeft
1442001057849,Command,CamLeft
1442001058054,Command,CamLeft
1442001058248,Command,CamLeft
1442001058393,Command,CamLeft
1442001058570,Command,CamLeft
1442001058762,Command,CamLeft
1442001058998,Command,CamLeft
1442001059293,Command,CamLeft
1442001059469,Command,CamLeft
1442001059673,Command,CamLeft
1442001060604,Command,CamUp
1442001061205,Command,CamRight
1442001071355,Command,CamLeft
1442001071517,Command,CamLeft
1442001071790,Command,CamLeft
1442001071947,Command,CamLeft
1442001072318,Command,CamLeft
1442001080899,Command,CamLeft
1442001081352,Command,CamLeft
1442001081517,Command,CamLeft
1442001081699,Command,CamLeft
1442001081909,Command,CamLeft
1442001082133,Command,CamLeft
1442001082309,Command,CamLeft
1442001082618,Command,CamLeft
1442001082795,Command,CamLeft
1442001082982,Command,CamLeft
1442001083194,Command,CamLeft
1442001087981,MCOrientationChange,Landscape
1442001088398,MCOrientationChange,Landscape
1442001114297,MCOrientationChange,Landscape
1442001114358,MCOrientationChange,Landscape
1442001117613,MCOrientationChange,Landscape
1442001118049,MCCameraSwap,Back
1442001118109,MCTabToggle,DroneVideoView
1442001119350,MCOrientationChange,Landscape
1442001120728,MCTabToggle,VideoChatView
1442001124520,MCOrientationChange,Landscape
1442001124604,MCOrientationChange,Landscape
1442001143333,Command,CamLeft
1442001147446,Command,CamLeft
1442001147683,Command,CamLeft
1442001147830,Command,CamLeft
1442001148352,Command,CamUp
1442001148580,Command,CamUp
1442001148761,Command,CamUp
1442001148981,Command,CamUp
1442001149300,MCOrientationChange,Landscape
1442001149352,MCCameraSwap,Front
1442001149460,Command,CamLeft
1442001149663,Command,CamLeft
1442001149711,MCOrientationChange,Landscape
1442001150174,Command,CamDown
1442001150455,Command,CamDown
1442001175022,MCTabToggle,DroneVideoView
1442001176016,MCOrientationChange,Landscape
1442001177489,MCOrientationChange,Landscape
1442001181513,Command,CamLeft
1442001182581,MCOrientationChange,Landscape
1442001182597,MCOrientationChange,Landscape
1442001191518,MCOrientationChange,Landscape
1442001193260,MCOrientationChange,Landscape
1442001194176,Command,CamRight
1442001195348,MCOrientationChange,Landscape
1442001195448,MCOrientationChange,Landscape
1442001196528,MCOrientationChange,Landscape
1442001196660,MCOrientationChange,Landscape
1442001196908,MCOrientationChange,Landscape
1442001198258,MCOrientationChange,Landscape
1442001198636,MCOrientationChange,Landscape
1442001200158,MCOrientationChange,Landscape
1442001200711,MCOrientationChange,Landscape
1442001200718,MCOrientationChange,Landscape
1442001200988,MCOrientationChange,Landscape
1442001201991,Command,CamRight
1442001202150,MCOrientationChange,Landscape
1442001202271,Command,CamRight
1442001202392,Command,CamRight
1442001203489,Command,CamDown
1442001204256,Command,CamLeft
1442001204618,Command,CamLeft
1442001204871,Command,CamLeft
1442001205742,Command,CamUp
1442001206362,Command,CamRight
1442001206481,Command,CamRight
1442001206691,Command,CamRight
1442001206821,Command,CamRight
1442001206986,Command,CamRight
1442001207138,Command,CamRight
1442001207274,MCOrientationChange,Landscape
1442001207446,Command,CamRight
1442001207571,Command,CamRight
1442001207651,Command,CamRight
1442001208685,Command,CamDown
1442001209017,Command,CamDown
1442001209234,Command,CamDown
1442001209419,Command,CamDown
1442001209625,Command,CamDown
1442001209777,Command,CamDown
1442001209930,Command,CamDown
1442001210159,Command,CamUp
1442001210306,Command,CamUp
1442001210465,Command,CamUp
1442001210768,Command,CamUp
1442001210821,Command,CamUp
1442001210927,Command,CamUp
1442001211075,Command,CamUp
1442001211423,Command,CamLeft
1442001211674,Command,CamLeft
1442001211825,Command,CamLeft
1442001213339,Command,CamLeft
1442001213584,Command,CamDown
1442001213948,Command,CamDown
1442001215812,Command,CamLeft
1442001216152,Command,CamDown
1442001216385,Command,CamDown
1442001216759,Command,CamDown
1442001216927,Command,CamDown
1442001217120,Command,CamDown
1442001217351,Command,CamDown
1442001217909,Command,CamDown
1442001224261,MCOrientationChange,Landscape
1442001226136,Command,CamUp
1442001244987,Command,CamRight
1442001245222,Command,CamRight
1442001245758,Command,CamDown
1442001245987,Command,CamDown
1442001246239,Command,CamDown
1442001246446,Command,CamDown
1442001246622,Command,CamDown
1442001246879,Command,CamDown
1442001247094,Command,CamDown
1442001247614,Command,CamRight
1442001247928,Command,CamRight
1442001248333,Command,CamRight
1442001250623,Command,CamLeft
1442001250898,Command,CamLeft
1442001251126,Command,CamLeft
1442001251404,Command,CamLeft
1442001266639,Command,CamUp
1442001266870,Command,CamUp
1442001267072,Command,CamUp
1442001267250,Command,CamUp
1442001267369,Command,CamUp
1442001268956,Command,CamDown
1442001269209,Command,CamDown
1442001269469,Command,CamDown
1442001269821,Command,CamUp
1442001270042,Command,CamUp
1442001271430,Command,CamUp
1442001272148,Command,CamUp
1442001272917,Command,CamDown
1442001273142,Command,CamDown
1442001273415,MCOrientationChange,Landscape
1442001273435,Command,CamDown
1442001273500,MCOrientationChange,Landscape
1442001273666,Command,CamDown
1442001274161,Command,CamDown
1442001274500,Command,CamDown
1442001274826,Command,CamDown
1442001275158,Command,CamDown
1442001275494,Command,CamDown
1442001275731,Command,CamDown
1442001318221,MCOrientationChange,Landscape
1442001319710,MCOrientationChange,Landscape
1442001322386,MCOrientationChange,Landscape
1442001340135,Command,CamUp
1442001340336,Command,CamUp
1442001340503,Command,CamUp
1442001340675,Command,CamUp
1442001340787,Command,CamUp
1442001340983,Command,CamUp
1442001341063,Command,CamUp
1442001341228,Command,CamUp
1442001342242,Command,CamDown
1442001342609,MCOrientationChange,Landscape
1442001342669,Command,CamUp
1442001344380,Command,CamDown
1442001344611,Command,CamDown
1442001344813,Command,CamDown
1442001344945,Command,CamDown
1442001345490,Command,CamDown
1442001345750,Command,CamDown
1442001345976,Command,CamDown
1442001346453,Command,CamDown
1442001349958,MCOrientationChange,Landscape
1442001365898,MCOrientationChange,Landscape
1442001366429,MCOrientationChange,Landscape
1442001377356,MCTabToggle,VideoChatView
1442001379026,MCOrientationChange,Landscape
1442001380151,MCOrientationChange,Landscape
1442001383228,MCOrientationChange,Landscape
1442001383530,MCOrientationChange,Landscape
1442001383796,MCOrientationChange,Landscape
1442001386409,MCOrientationChange,Landscape
1442001387989,MCOrientationChange,Landscape
1442001391489,MCOrientationChange,Landscape
1442001391884,MCOrientationChange,Landscape
1442001420840,MCTabToggle,StatusesView
1442001421832,TaskEnd,1
1442002028471,MCOrientationChange,Landscape
1442002028918,MCOrientationChange,Landscape
1442002031992,MCTabToggle,VideoChatView
1442002031996,Command,CamUp
1442002032264,Command,CamUp
1442002032444,MCOrientationChange,Landscape
1442002032544,Command,CamUp
1442002033897,MCVideoChatSwapMainViews,Local
1442002034108,Command,CamDown
1442002034325,Command,CamDown
1442002035310,Command,CamDown
1442002040980,MCOrientationChange,Landscape
1442002046480,MCOrientationChange,Landscape
1442002048480,MCOrientationChange,Landscape
1442002050100,MCOrientationChange,Landscape
1442002054537,MCOrientationChange,Landscape
1442002055039,MCOrientationChange,Landscape
1442002056271,MCOrientationChange,Landscape
1442002057595,MCOrientationChange,Landscape
1442002059015,MCOrientationChange,Landscape
1442002063409,MCTabToggle,DroneVideoView
1442002082953,TaskBegin,2
1442002086185,MCTabToggle,VideoChatView
1442002087690,MCOrientationChange,Landscape
1442002088638,MCOrientationChange,Landscape
1442002088687,MCOrientationChange,Landscape
1442002088767,MCOrientationChange,Landscape
1442002104360,MCOrientationChange,Landscape
1442002104738,MCOrientationChange,Landscape
1442002141675,Command,MoveUp
1442002143667,Command,CamDown
1442002143914,Command,CamDown
1442002144099,Command,CamDown
1442002144453,Command,CamDown
1442002144950,Command,CamUp
1442002144974,MCOrientationChange,Landscape
1442002145094,MCTabToggle,DroneVideoView
1442002145254,Command,MoveUp
1442002145609,Command,CamUp
1442002146719,MCOrientationChange,Landscape
1442002148384,MCOrientationChange,Landscape
1442002148737,MCOrientationChange,Landscape
1442002149044,Command,MoveBack
1442002149244,Command,MoveBack
1442002149377,Command,MoveBack
1442002149542,Command,MoveBack
1442002149722,Command,MoveBack
1442002149881,Command,MoveBack
1442002150042,Command,MoveBack
1442002150913,Command,CamDown
1442002151069,Command,CamDown
1442002151237,Command,CamDown
1442002151403,Command,CamDown
1442002151544,Command,CamDown
1442002151952,Command,CamDown
1442002152425,Command,CamDown
1442002153405,Command,CamDown
1442002154283,Command,CamDown
1442002154535,Command,CamDown
1442002154725,Command,CamDown
1442002154803,MCOrientationChange,Landscape
1442002154968,Command,CamDown
1442002155305,Command,CamUp
1442002155480,MCOrientationChange,Landscape
1442002155493,Command,CamUp
1442002155648,Command,CamUp
1442002155862,Command,CamUp
1442002156057,Command,CamUp
1442002157683,Command,CamLeft
1442002158902,Command,CamUp
1442002160254,Command,CamDown
1442002160790,Command,CamDown
1442002161067,Command,CamDown
1442002162933,MCOrientationChange,Landscape
1442002163132,MCOrientationChange,Landscape
1442002172694,MCOrientationChange,Landscape
1442002172694,MCOrientationChange,Landscape
1442002187127,Command,CamDown
1442002187334,Command,CamDown
1442002187503,Command,CamDown
1442002187709,Command,CamDown
1442002187999,Command,CamDown
1442002188751,Command,CamDown
1442002189246,Command,CamUp
1442002194184,Command,CamUp
1442002194516,Command,CamUp
1442002194772,Command,CamUp
1442002195309,Command,CamLeft
1442002195589,Command,CamLeft
1442002195878,Command,CamLeft
1442002196286,Command,CamDown
1442002196497,Command,CamDown
1442002197120,Command,CamDown
1442002197651,Command,CamDown
1442002198087,Command,CamDown
1442002198590,Command,CamDown
1442002198953,Command,CamDown
1442002199253,Command,CamDown
1442002203404,Command,CamDown
1442002203798,Command,CamDown
1442002204095,Command,CamDown
1442002209246,Command,CamUp
1442002209574,Command,CamUp
1442002209829,Command,CamUp
1442002216103,Command,CamRight
1442002216655,Command,CamUp
1442002218143,Command,CamRight
1442002222064,MCOrientationChange,Landscape
1442002222862,MCTabToggle,VideoChatView
1442002224444,MCOrientationChange,Landscape
1442002224647,Command,CamLeft
1442002224818,MCOrientationChange,Landscape
1442002225111,Command,CamUp
1442002225183,MCCameraSwap,Front
1442002225597,Command,CamUp
1442002225868,Command,CamUp
1442002226062,Command,CamUp
1442002226424,MCOrientationChange,Landscape
1442002226705,MCOrientationChange,Landscape
1442002226741,Command,CamRight
1442002227023,MCOrientationChange,Landscape
1442002227103,MCOrientationChange,Landscape
1442002227158,Command,CamRight
1442002227749,Command,CamUp
1442002227904,MCOrientationChange,Landscape
1442002228154,MCOrientationChange,Landscape
1442002228263,MCVideoChatSwapMainViews,Remote
1442002231041,MCOrientationChange,Landscape
1442002232481,MCOrientationChange,Landscape
1442002232869,MCOrientationChange,Landscape
1442002233361,MCOrientationChange,Landscape
1442002233541,MCOrientationChange,Landscape
1442002248870,MCOrientationChange,Landscape
1442002250003,MCOrientationChange,Landscape
1442002251753,MCOrientationChange,Landscape
1442002251862,MCOrientationChange,Landscape
1442002257471,MCOrientationChange,Landscape
1442002258763,MCOrientationChange,Landscape
1442002265035,MCOrientationChange,Landscape
1442002266734,MCCameraSwap,Back
1442002269006,MCOrientationChange,Landscape
1442002269285,MCOrientationChange,Landscape
1442002270359,MCOrientationChange,Landscape
1442002277558,MCOrientationChange,Landscape
1442002279584,MCOrientationChange,Landscape
1442002280835,MCOrientationChange,Landscape
1442002281226,MCOrientationChange,Landscape
1442002283144,MCOrientationChange,Landscape
1442002284004,MCOrientationChange,Landscape
1442002284767,MCOrientationChange,Landscape
1442002285342,MCOrientationChange,Landscape
1442002286216,MCOrientationChange,Landscape
1442002289002,MCOrientationChange,Landscape
1442002290843,MCOrientationChange,Landscape
1442002291709,MCOrientationChange,Landscape
1442002294959,MCOrientationChange,Landscape
1442002295383,MCOrientationChange,Landscape
1442002306354,MCOrientationChange,Landscape
1442002307680,MCCameraSwap,Front
1442002319543,MCTabToggle,StatusesView
1442002320818,MCTabToggle,Disconnected
1442002376907,MCTabToggle,VideoChatView
1442002377766,MCOrientationChange,Landscape
1442002379666,MCOrientationChange,Landscape
1442002380335,MCOrientationChange,Portrait
1442002386018,MCVideoChatSwapMainViews,Local
1442002389455,MCOrientationChange,Landscape
1442002393770,MCOrientationChange,Portrait
1442002395996,MCOrientationChange,Portrait
1442002396939,MCOrientationChange,Landscape
1442002399851,MCOrientationChange,Landscape
1442002413643,Command,MoveForward
1442002414938,Command,MoveBack
1442002415134,Command,MoveBack
1442002415360,Command,MoveBack
1442002415522,Command,MoveBack
1442002416062,Command,MoveBack
1442002417356,MCCameraSwap,Front
1442002417356,MCOrientationChange,Landscape
1442002417883,MCOrientationChange,Landscape
1442002418748,MCOrientationChange,Landscape
1442002419411,MCCameraSwap,Back
1442002419947,MCOrientationChange,Landscape
1442002424382,MCOrientationChange,Landscape
1442002425816,MCOrientationChange,Landscape
1442002426796,MCOrientationChange,Landscape
1442002427395,MCVideoChatSwapMainViews,Remote
1442002427815,MCOrientationChange,Landscape
1442002428951,Command,MoveBack
1442002430639,Command,CamDown
1442002430789,Command,CamDown
1442002431237,Command,CamDown
1442002431537,MCOrientationChange,Landscape
1442002431714,Command,CamUp
1442002432317,Command,CamUp
1442002432503,Command,MoveUp
1442002432641,Command,CamRight
1442002432840,Command,CamRight
1442002433327,Command,CamUp
1442002434095,Command,CamLeft
1442002434235,MCOrientationChange,Landscape
1442002434465,Command,CamLeft
1442002435491,Command,CamDown
1442002435745,Command,MoveUp
1442002438751,Command,CamLeft
1442002439904,Command,MoveUp
1442002444376,MCOrientationChange,Landscape
1442002444423,MCOrientationChange,Landscape
1442002446559,Command,CamDown
1442002446755,MCOrientationChange,Landscape
1442002446763,Command,CamDown
1442002446940,Command,CamDown
1442002447389,Command,CamDown
1442002447469,Command,CamDown
1442002447570,Command,CamDown
1442002447630,MCOrientationChange,Landscape
1442002448364,Command,CamUp
1442002448925,Command,CamUp
1442002449722,Command,CamRight
1442002450111,Command,CamRight
1442002450475,MCOrientationChange,Landscape
1442002450806,MCOrientationChange,Landscape
1442002450885,Command,CamRight
1442002451235,Command,CamRight
1442002451426,Command,CamRight
1442002451652,Command,CamRight
1442002451858,Command,CamRight
1442002452103,Command,CamRight
1442002452513,Command,CamRight
1442002452710,MCOrientationChange,Landscape
1442002452815,MCOrientationChange,Landscape
1442002452914,Command,CamRight
1442002459801,Command,CamRight
1442002459806,MCOrientationChange,Landscape
1442002460010,Command,CamRight
1442002460174,Command,CamRight
1442002460380,Command,CamRight
1442002460501,Command,CamRight
1442002460784,Command,CamRight
1442002461648,Command,CamRight
1442002462033,MCOrientationChange,Landscape
1442002463483,Command,CamRight
1442002463852,Command,CamRight
1442002464047,Command,CamRight
1442002466541,Command,CamRight
1442002466771,Command,CamRight
1442002466947,Command,CamRight
1442002467378,Command,CamUp
1442002467602,Command,CamUp
1442002467752,Command,CamUp
1442002467893,Command,CamUp
1442002468076,Command,CamUp
1442002470445,Command,MoveBack
1442002470658,Command,MoveBack
1442002470791,Command,MoveBack
1442002470969,Command,MoveBack
1442002471804,Command,CamDown
1442002471902,Command,CamDown
1442002472078,Command,CamDown
1442002472219,Command,CamDown
1442002472453,Command,CamDown
1442002472576,Command,CamDown
1442002473583,Command,CamUp
1442002474171,Command,CamUp
1442002474667,Command,CamUp
1442002476547,MCOrientationChange,Landscape
1442002477444,MCOrientationChange,Landscape
1442002477824,MCOrientationChange,Landscape
1442002477909,MCOrientationChange,Landscape
1442002481462,Command,CamDown
1442002481706,Command,CamDown
1442002481910,Command,CamDown
1442002482118,Command,CamDown
1442002482328,Command,CamDown
1442002482569,Command,CamDown
1442002482737,Command,CamDown
1442002482988,Command,CamLeft
1442002483228,Command,CamLeft
1442002483459,Command,CamLeft
1442002484454,MCOrientationChange,Landscape
1442002484507,Command,CamLeft
1442002484549,MCOrientationChange,Landscape
1442002484988,Command,CamUp
1442002485650,MCOrientationChange,Landscape
1442002485727,MCOrientationChange,Landscape
1442002494485,Command,MoveUp
1442002495527,MCOrientationChange,Portrait
1442002497463,MCOrientationChange,Portrait
1442002498724,MCOrientationChange,Landscape
1442002506305,Command,CamUp
1442002507052,Command,CamLeft
1442002507573,Command,CamLeft
1442002508126,Command,CamLeft
1442002508601,Command,CamLeft
1442002509261,Command,CamLeft
1442002510904,Command,CamLeft
1442002511962,Command,CamLeft
1442002512636,Command,CamUp
1442002513415,Command,CamLeft
1442002514025,Command,CamLeft
1442002519568,Command,CamUp
1442002520696,Command,CamUp
1442002522450,Command,CamDown
1442002522660,Command,CamDown
1442002526540,Command,MoveForward
1442002526778,Command,MoveForward
1442002527298,Command,MoveForward
1442002528290,Command,MoveForward
1442002528831,Command,MoveForward
1442002529048,Command,MoveForward
1442002531474,MCOrientationChange,Landscape
1442002531869,MCOrientationChange,Landscape
1442002532222,Command,CamRight
1442002532296,MCOrientationChange,Landscape
1442002532443,Command,CamRight
1442002532587,MCOrientationChange,Landscape
1442002532759,Command,CamRight
1442002532984,MCOrientationChange,Landscape
1442002533186,MCCameraSwap,Front
1442002533187,MCOrientationChange,Landscape
1442002533453,MCOrientationChange,Landscape
1442002536065,MCOrientationChange,Landscape
1442002536527,MCOrientationChange,Landscape
1442002538296,MCOrientationChange,Landscape
1442002539910,MCOrientationChange,Landscape
1442002540413,Command,CamLeft
1442002540451,MCOrientationChange,Landscape
1442002540596,Command,CamLeft
1442002540766,Command,CamLeft
1442002540985,Command,CamLeft
1442002542107,MCOrientationChange,Landscape
1442002542577,Command,CamUp
1442002543205,Command,CamRight
1442002543474,Command,CamRight
1442002544216,MCOrientationChange,Landscape
1442002544499,Command,CamUp
1442002545662,Command,CamLeft
1442002545957,Command,CamDown
1442002546256,Command,CamDown
1442002549315,Command,CamLeft
1442002552887,Command,CamRight
1442002553439,Command,CamRight
1442002553614,Command,CamRight
1442002553934,Command,CamRight
1442002554118,Command,CamRight
1442002555418,Command,CamUp
1442002555861,Command,CamUp
1442002556349,Command,CamDown
1442002556568,Command,CamDown
1442002556828,Command,CamDown
1442002557039,Command,CamDown
1442002557341,Command,CamDown
1442002558430,Command,CamDown
1442002559127,Command,CamUp
1442002559315,Command,CamUp
1442002559676,Command,CamUp
1442002560643,Command,CamLeft
1442002562370,Command,CamLeft
1442002562627,Command,CamLeft
1442002564476,Command,CamLeft
1442002565084,Command,CamLeft
1442002565321,Command,CamLeft
1442002565708,Command,CamLeft
1442002565956,Command,CamLeft
1442002566303,Command,CamDown
1442002566513,Command,CamDown
1442002566737,Command,CamDown
1442002566879,Command,CamDown
1442002567123,Command,CamDown
1442002567448,Command,CamLeft
1442002567994,Command,CamLeft
1442002568723,Command,CamUp
1442002568885,Command,CamUp
1442002569442,Command,CamUp
1442002569684,Command,CamUp
1442002569927,Command,CamRight
1442002570099,Command,CamRight
1442002570263,Command,CamRight
1442002570434,Command,CamRight
1442002570849,Command,CamRight
1442002572336,Command,CamLeft
1442002573342,Command,CamDown
1442002573540,Command,CamDown
1442002573833,Command,CamDown
1442002574451,Command,CamDown
1442002576251,Command,CamDown
1442002576600,Command,CamDown
1442002576817,Command,CamDown
1442002577050,Command,CamDown
1442002577279,Command,CamDown
1442002577600,Command,CamLeft
1442002577866,Command,CamLeft
1442002578238,Command,CamLeft
1442002578816,Command,CamLeft
1442002579219,Command,CamLeft
1442002579658,Command,CamDown
1442002579946,Command,CamDown
1442002580178,Command,CamDown
1442002580428,Command,CamDown
1442002580842,Command,CamDown
1442002581051,Command,CamDown
1442002581377,Command,CamDown
1442002582139,Command,CamDown
1442002582493,Command,CamDown
1442002582657,Command,CamDown
1442002583038,Command,CamDown
1442002583194,Command,CamDown
1442002583429,Command,CamDown
1442002583710,Command,CamDown
1442002584368,Command,CamUp
1442002587010,Command,CamLeft
1442002587226,Command,CamLeft
1442002587439,Command,CamLeft
1442002587671,Command,CamLeft
1442002587776,MCOrientationChange,Landscape
1442002587911,Command,CamLeft
1442002588998,MCOrientationChange,Landscape
1442002591237,Command,CamLeft
1442002591729,Command,CamLeft
1442002591736,MCTabToggle,DroneVideoView
1442002592201,Command,CamLeft
1442002592379,Command,CamLeft
1442002592494,Command,CamLeft
1442002592495,Command,CamLeft
1442002592497,Command,CamLeft
1442002592497,Command,CamLeft
1442002592497,Command,CamLeft
1442002592498,Command,CamLeft
1442002592586,Command,CamLeft
1442002592617,Command,CamLeft
1442002592830,Command,CamLeft
1442002593166,MCOrientationChange,Landscape
1442002593331,Command,CamLeft
1442002593575,MCOrientationChange,Landscape
1442002593678,Command,CamLeft
1442002593876,Command,CamLeft
1442002593907,MCOrientationChange,Landscape
1442002594117,Command,CamLeft
1442002594366,Command,CamLeft
1442002594646,Command,CamLeft
1442002595124,Command,CamLeft
1442002595466,Command,CamLeft
1442002595718,Command,CamLeft
1442002595923,Command,CamLeft
1442002596224,Command,CamLeft
1442002596807,Command,CamDown
1442002597077,Command,CamDown
1442002597603,Command,CamUp
1442002597938,Command,CamUp
1442002601429,Command,CamLeft
1442002601744,Command,CamUp
1442002602215,Command,CamLeft
1442002602505,Command,CamLeft
1442002602766,Command,CamLeft
1442002602855,Command,CamLeft
1442002603168,Command,CamRight
1442002604385,Command,CamRight
1442002604592,Command,CamRight
1442002604963,Command,CamLeft
1442002605107,Command,CamLeft
1442002605311,Command,CamLeft
1442002605498,Command,CamLeft
1442002606997,MCOrientationChange,Landscape
1442002607336,Command,CamLeft
1442002608380,Command,CamDown
1442002608565,Command,CamDown
1442002608720,Command,CamDown
1442002608876,Command,CamDown
1442002609328,Command,CamLeft
1442002609479,Command,CamLeft
1442002609672,Command,CamLeft
1442002609963,Command,CamLeft
1442002610256,Command,CamLeft
1442002610369,Command,CamLeft
1442002610557,Command,CamLeft
1442002612944,Command,MoveBack
1442002613178,Command,MoveBack
1442002613316,Command,MoveBack
1442002613499,Command,MoveBack
1442002615039,Command,MoveBack
1442002616911,Command,MoveForward
1442002617263,Command,MoveForward
1442002617440,Command,MoveForward
1442002617507,MCOrientationChange,Landscape
1442002617696,MCOrientationChange,Landscape
1442002618634,Command,MoveForward
1442002618829,Command,MoveForward
1442002619867,MCOrientationChange,Landscape
1442002621449,Command,MoveUp
1442002621867,Command,MoveUp
1442002622292,MCOrientationChange,Landscape
1442002622295,MCOrientationChange,Landscape
1442002625680,MCOrientationChange,Landscape
1442002625902,Command,CamLeft
1442002626976,Command,CamLeft
1442002627160,Command,CamLeft
1442002627295,Command,CamLeft
1442002627455,Command,CamLeft
1442002629110,Command,MoveForward
1442002629240,Command,MoveForward
1442002630084,Command,MoveUp
1442002631071,MCOrientationChange,Landscape
1442002631512,MCOrientationChange,Landscape
1442002631818,Command,CamLeft
1442002632200,MCOrientationChange,Landscape
1442002643896,MCOrientationChange,Landscape
1442002646169,Command,CamRight
1442002646656,MCOrientationChange,Landscape
1442002646663,Command,CamRight
1442002646929,Command,CamDown
1442002647174,Command,CamDown
1442002647332,Command,CamDown
1442002647533,Command,CamDown
1442002647866,Command,CamDown
1442002647959,Command,CamDown
1442002648300,Command,CamRight
1442002648487,Command,CamRight
1442002648639,Command,CamRight
1442002648805,Command,CamRight
1442002648962,Command,CamRight
1442002649104,Command,CamRight
1442002650540,Command,CamRight
1442002650739,Command,CamRight
1442002651303,Command,CamRight
1442002652628,MCOrientationChange,Landscape
1442002654092,Command,CamRight
1442002656070,Command,MoveUp
1442002657146,MCOrientationChange,Landscape
1442002657627,MCOrientationChange,Landscape
1442002659504,Command,MoveUp
1442002660687,MCTabToggle,VideoChatView
1442002662747,Command,CamDown
1442002663101,Command,CamDown
1442002663371,Command,CamDown
1442002663425,MCOrientationChange,Landscape
1442002663647,Command,CamDown
1442002664763,MCOrientationChange,Landscape
1442002667187,Command,CamDown
1442002667403,Command,CamDown
1442002667624,Command,CamDown
1442002667842,Command,CamDown
1442002668024,Command,CamDown
1442002669167,Command,MoveUp
1442002669561,Command,MoveUp
1442002670062,Command,MoveUp
1442002670761,Command,MoveUp
1442002673240,Command,CamDown
1442002673855,Command,CamDown
1442002674365,Command,CamDown
1442002674591,Command,CamDown
1442002674925,Command,CamLeft
1442002675069,Command,CamLeft
1442002675265,Command,CamLeft
1442002675464,Command,CamLeft
1442002675737,Command,CamLeft
1442002675822,Command,CamLeft
1442002675994,Command,CamLeft
1442002676165,Command,CamLeft
1442002677227,Command,CamRight
1442002677415,Command,CamRight
1442002677730,Command,CamRight
1442002678766,Command,CamLeft
1442002679399,Command,CamLeft
1442002682116,Command,CamLeft
1442002683445,MCOrientationChange,Landscape
1442002684467,MCOrientationChange,Landscape
1442002690159,Command,CamDown
1442002690348,Command,CamDown
1442002690653,Command,CamDown
1442002690832,MCOrientationChange,Landscape
1442002695705,Command,CamDown
1442002695967,Command,CamDown
1442002696705,Command,CamUp
1442002696935,Command,CamUp
1442002697096,Command,CamUp
1442002697280,Command,CamUp
1442002697477,Command,CamUp
1442002697645,Command,CamUp
1442002698051,Command,CamDown
1442002698221,Command,CamDown
1442002698524,Command,CamDown
1442002698625,Command,CamDown
1442002698715,Command,CamDown
1442002698871,Command,CamDown
1442002699059,Command,CamDown
1442002699213,Command,CamDown
1442002699375,Command,CamDown
1442002699716,Command,CamDown
1442002699976,Command,CamDown
1442002700181,Command,CamDown
1442002700341,Command,CamDown
1442002700579,Command,CamDown
1442002700838,Command,CamDown
1442002700952,Command,CamDown
1442002702083,Command,CamRight
1442002702360,Command,CamRight
1442002702863,Command,CamRight
1442002703118,Command,CamRight
1442002703697,Command,CamRight
1442002705909,Command,CamDown
1442002706846,Command,CamDown
1442002707341,Command,CamDown
1442002707596,Command,CamDown
1442002707903,Command,CamDown
1442002708883,Command,CamDown
1442002709227,Command,CamDown
1442002709436,Command,CamDown
1442002709825,Command,CamDown
1442002710066,Command,CamDown
1442002710337,Command,CamDown
1442002710613,Command,CamDown
1442002711026,Command,CamDown
1442002712275,Command,CamDown
1442002712389,MCOrientationChange,Landscape
1442002712645,Command,CamDown
1442002712860,Command,CamDown
1442002712979,Command,CamDown
1442002713212,Command,CamDown
1442002713500,Command,CamDown
1442002713906,Command,CamDown
1442002714161,Command,CamDown
1442002714433,Command,CamDown
1442002714580,Command,CamDown
1442002715448,Command,CamUp
1442002715991,Command,CamUp
1442002716963,Command,CamDown
1442002717085,Command,CamDown
1442002717270,Command,CamDown
1442002717450,Command,CamDown
1442002717590,Command,CamDown
1442002717804,Command,CamDown
1442002718287,Command,CamDown
1442002719187,Command,MoveUp
1442002719398,Command,MoveUp
1442002719810,Command,MoveUp
1442002719978,MCOrientationChange,Landscape
1442002720176,MCTabToggle,DroneVideoView
1442002720977,MCOrientationChange,Landscape
1442002721396,Command,CamDown
1442002721536,Command,CamDown
1442002721778,Command,CamDown
1442002721919,Command,CamDown
1442002722234,Command,CamDown
1442002722720,Command,CamDown
1442002723107,Command,CamDown
1442002724446,MCOrientationChange,Landscape
1442002724806,MCOrientationChange,Landscape
1442002725718,Command,CamDown
1442002727860,Command,CamDown
1442002731275,MCOrientationChange,Landscape
1442002735924,MCOrientationChange,Landscape
1442002743833,Command,CamRight
1442002744298,Command,CamRight
1442002744336,MCOrientationChange,Landscape
1442002744700,Command,CamRight
1442002747533,Command,CamRight
1442002748386,MCOrientationChange,Landscape
1442002749914,MCOrientationChange,Landscape
1442002758873,Command,CamLeft
1442002760597,MCOrientationChange,Landscape
1442002761536,MCOrientationChange,Landscape
1442002770086,MCOrientationChange,Landscape
1442002770561,Command,CamDown
1442002771175,Command,CamDown
1442002771204,Command,CamDown
1442002771205,Command,CamLeft
1442002771802,Command,CamDown
1442002772147,Command,CamDown
1442002772509,Command,CamDown
1442002773010,Command,CamDown
1442002773279,Command,CamDown
1442002773577,Command,CamUp
1442002773651,Command,CamUp
1442002773794,Command,CamUp
1442002773964,Command,CamUp
1442002774118,Command,CamUp
1442002774979,Command,CamDown
1442002775231,Command,CamDown
1442002775324,Command,CamDown
1442002775500,Command,CamDown
1442002775675,Command,CamDown
1442002775904,Command,CamDown
1442002776036,Command,CamDown
1442002776249,Command,CamDown
1442002777045,Command,CamDown
1442002777844,Command,CamDown
1442002779158,Command,CamDown
1442002779873,Command,CamLeft
1442002780301,Command,CamLeft
1442002780612,Command,CamLeft
1442002780817,Command,CamLeft
1442002781660,Command,CamLeft
1442002781917,Command,CamLeft
1442002782331,Command,CamLeft
1442002782446,Command,CamLeft
1442002782831,MCOrientationChange,Landscape
1442002785587,Command,CamLeft
1442002786365,Command,CamLeft
1442002786432,MCOrientationChange,Landscape
1442002786898,Command,CamLeft
1442002787238,Command,CamLeft
1442002787514,Command,CamLeft
1442002787652,Command,CamLeft
1442002787936,Command,CamLeft
1442002790884,Command,CamLeft
1442002791194,Command,CamLeft
1442002791506,Command,CamLeft
1442002791718,Command,CamLeft
1442002792235,Command,CamLeft
1442002792760,Command,CamDown
1442002792782,MCOrientationChange,Landscape
1442002792951,Command,CamDown
1442002792986,MCOrientationChange,Landscape
1442002793169,Command,CamDown
1442002793311,Command,CamDown
1442002793495,Command,CamDown
1442002793802,Command,CamDown
1442002793966,Command,CamDown
1442002794216,Command,CamDown
1442002794440,Command,CamDown
1442002794681,Command,CamLeft
1442002794959,Command,CamLeft
1442002795057,Command,CamLeft
1442002795260,Command,CamLeft
1442002795544,Command,CamLeft
1442002796087,Command,CamLeft
1442002796615,MCOrientationChange,Landscape
1442002798264,Command,CamLeft
1442002798982,Command,CamLeft
1442002799473,MCOrientationChange,Landscape
1442002799847,MCOrientationChange,Landscape
1442002800359,Command,CamLeft
1442002800656,MCOrientationChange,Landscape
1442002802342,MCOrientationChange,Landscape
1442002808000,Command,CamRight
1442002808278,MCOrientationChange,Landscape
1442002808740,MCOrientationChange,Landscape
1442002811864,Command,CamRight
1442002812242,Command,CamRight
1442002813413,Command,CamLeft
1442002813684,Command,CamLeft
1442002814357,Command,CamLeft
1442002820296,MCOrientationChange,Landscape
1442002821107,MCOrientationChange,Landscape
1442002836227,MCOrientationChange,Landscape
1442002837164,MCOrientationChange,Landscape
1442002860383,Command,CamDown
1442002860436,MCTabToggle,StatusesView
1442002860882,Command,CamDown
1442002860986,Command,CamDown
1442002861216,Command,CamDown
1442002861327,Command,CamDown
1442002861436,MCTabToggle,DroneVideoView
1442002861547,Command,CamDown
1442002861711,Command,CamDown
1442002861996,Command,CamDown
1442002862211,Command,CamDown
1442002862353,Command,CamDown
1442002863915,Command,MoveUp
1442002864347,Command,MoveUp
1442002865025,Command,MoveUp
1442002866344,Command,CamDown
1442002866635,Command,CamDown
1442002866758,Command,CamDown
1442002866764,MCOrientationChange,Landscape
1442002867032,Command,CamDown
1442002867124,MCOrientationChange,Landscape
1442002867256,Command,CamDown
1442002867570,Command,CamDown
1442002867836,Command,CamDown
1442002868175,Command,CamDown
1442002868954,Command,CamDown
1442002869219,Command,CamDown
1442002869407,Command,CamDown
1442002869630,Command,CamDown
1442002869967,Command,CamUp
1442002870190,Command,CamUp
1442002870379,Command,CamUp
1442002870582,Command,CamUp
1442002870703,Command,CamUp
1442002871639,Command,CamDown
1442002871798,Command,CamDown
1442002871969,Command,CamDown
1442002872127,Command,CamDown
1442002872281,Command,CamDown
1442002872479,Command,CamDown
1442002872651,Command,CamDown
1442002872798,Command,CamDown
1442002873059,Command,CamDown
1442002873127,Command,CamDown
1442002873372,Command,CamDown
1442002873639,Command,CamDown
1442002873896,Command,CamDown
1442002874305,MCOrientationChange,Landscape
1442002874335,Command,CamDown
1442002874603,Command,CamDown
1442002875067,MCOrientationChange,Landscape
1442002876420,Command,CamDown
1442002876877,Command,CamDown
1442002879310,Command,CamDown
1442002880812,Command,CamDown
1442002881292,Command,CamDown
1442002881920,Command,CamDown
1442002886177,MCOrientationChange,Landscape
1442002886256,MCOrientationChange,Landscape
1442002894582,Command,CamDown
1442002894850,Command,CamDown
1442002895099,Command,CamDown
1442002895287,Command,CamDown
1442002895477,Command,CamDown
1442002895772,Command,CamDown
1442002895872,Command,CamDown
1442002896354,Command,CamDown
1442002896680,Command,CamDown
1442002896922,Command,CamDown
1442002897118,Command,CamDown
1442002897343,Command,CamDown
1442002897519,Command,CamDown
1442002898081,Command,CamLeft
1442002898243,Command,CamLeft
1442002898398,Command,CamLeft
1442002898575,Command,CamLeft
1442002898752,Command,CamLeft
1442002898962,Command,CamLeft
1442002899413,Command,CamLeft
1442002900189,MCOrientationChange,Landscape
1442002900234,Command,CamLeft
1442002900461,Command,CamLeft
1442002900767,Command,CamLeft
1442002900866,MCOrientationChange,Landscape
1442002901229,MCOrientationChange,Landscape
1442002901295,Command,CamLeft
1442002901526,Command,CamLeft
1442002901751,MCOrientationChange,Landscape
1442002901751,Command,CamLeft
1442002902147,Command,CamUp
1442002902374,Command,CamUp
1442002902805,Command,CamLeft
1442002903112,Command,CamLeft
1442002903976,MCOrientationChange,Landscape
1442002904744,MCOrientationChange,Landscape
1442002906630,MCTabToggle,StatusesView
1442002933728,MCOrientationChange,Landscape
1442002934308,MCOrientationChange,Landscape
1442002934406,MCOrientationChange,Landscape
1442002934787,MCOrientationChange,Landscape
1442002945584,MCTabToggle,VideoChatView
1442002953665,MCOrientationChange,Landscape
1442002956438,MCVideoChatSwapMainViews,Local
1442002957737,MCCameraSwap,Front
1442002963013,MCOrientationChange,Landscape
1442002967491,MCOrientationChange,Landscape
1442002977436,MCOrientationChange,Landscape
1442002977757,MCOrientationChange,Landscape
1442002994901,MCTabToggle,StatusesView
1442002997260,TaskEnd,2
1442003325210,MCOrientationChange,Landscape
1442003326219,MCOrientationChange,Landscape
1442003326430,MCTabToggle,VideoChatView
1442003326510,MCOrientationChange,Landscape
1442003326779,MCOrientationChange,Landscape
1442003331218,MCOrientationChange,Landscape
1442003332310,MCOrientationChange,Landscape
1442003333380,MCOrientationChange,Landscape
1442003335490,MCOrientationChange,Landscape
1442003335554,MCOrientationChange,Landscape
1442003336523,MCOrientationChange,Landscape
1442003337867,MCVideoChatSwapMainViews,Local
1442003338546,MCOrientationChange,Landscape
1442003339750,MCCameraSwap,Front
1442003341472,MCOrientationChange,Landscape
1442003347839,MCOrientationChange,Landscape
1442003348808,MCOrientationChange,Landscape
1442003349440,MCOrientationChange,Landscape
1442003364612,MCCameraSwap,Back
1442003365992,MCCameraSwap,Front
1442003367670,MCVideoChatSwapMainViews,Remote
1442003369335,MCOrientationChange,Landscape
1442003369567,MCOrientationChange,Landscape
1442003370030,MCOrientationChange,Landscape
1442003370311,MCOrientationChange,Landscape
1442003414707,MCOrientationChange,Landscape
1442003415569,MCOrientationChange,Landscape
1442003415873,MCOrientationChange,Landscape
1442003416167,MCOrientationChange,Landscape
1442003479710,MCOrientationChange,Landscape
1442003493481,MCOrientationChange,Landscape
1442003531310,MCOrientationChange,Landscape
1442003548640,MCOrientationChange,Landscape
1442003551810,MCOrientationChange,Landscape
1442003558824,MCOrientationChange,Landscape
1442003659721,MCOrientationChange,Landscape
1442003668209,MCOrientationChange,Landscape
1442003668858,MCOrientationChange,Landscape
1442003668989,MCOrientationChange,Landscape
1442003680229,MCOrientationChange,Landscape
1442003680433,MCOrientationChange,Landscape
1442003681482,MCOrientationChange,Landscape
1442003684567,MCOrientationChange,Landscape
1442003686700,MCOrientationChange,Landscape
1442003689268,MCOrientationChange,Landscape
1442003691010,MCOrientationChange,Landscape
1442003691610,MCOrientationChange,Landscape
1442003694092,MCOrientationChange,Landscape
1442003697858,MCOrientationChange,Landscape
1442003698816,MCOrientationChange,Landscape
1442003699687,MCOrientationChange,Landscape
1442003699891,MCOrientationChange,Landscape
1442003700350,MCOrientationChange,Landscape
1442003706991,MCOrientationChange,Landscape
1442003721144,MCOrientationChange,Landscape
1442003722695,MCOrientationChange,Landscape
1442003724537,MCTabToggle,StatusesView
1442003730216,MCTabToggle,Disconnected
