1442515227397,MCOrientationChange,Portrait
1442515229404,MCTabToggle,VideoChatView
1442515230365,MCOrientationChange,Portrait
1442515230869,MCOrientationChange,Portrait
1442515231762,MCOrientationChange,Portrait
1442515232868,MCOrientationChange,Portrait
1442515236369,MCOrientationChange,Landscape
1442515239040,MCOrientationChange,Landscape
1442515239704,MCOrientationChange,Landscape
1442515244944,MCVideoChatSwapMainViews,Local
1442515251060,MCCameraSwap,Front
1442515257336,MCTabToggle,StatusesView
1442515258020,MCTabToggle,VideoChatView
1442515303841,MCTabToggle,DroneVideoView
1442515304436,MCTabToggle,StatusesView
1442515306743,MCTabToggle,DroneVideoView
1442515307852,MCTabToggle,VideoChatView
1442515323395,MCTabToggle,DroneVideoView
1442515326269,MCTabToggle,VideoChatView
1442515345884,MCTabToggle,DroneVideoView
1442515355737,MCTabToggle,VideoChatView
1442515359610,MCTabToggle,DroneVideoView
1442515409184,Command,CamUp
1442515410800,Command,CamUp
1442515412649,Command,CamUp
1442515413448,Command,CamUp
1442515414514,Command,CamUp
1442515414821,Command,CamUp
1442515415994,Command,CamUp
1442515418764,Command,CamDown
1442515419715,Command,CamDown
1442515421050,Command,CamDown
1442515424108,Command,CamRight
1442515425078,Command,CamUp
1442515425415,Command,CamUp
1442515425934,Command,CamRight
1442515426608,Command,CamRight
1442515426997,Command,CamRight
1442515427264,Command,CamRight
1442515427524,Command,CamRight
1442515428010,Command,CamRight
1442515428104,Command,CamRight
1442515428177,Command,CamRight
1442515428260,Command,CamRight
1442515428559,Command,CamRight
1442515429862,Command,CamLeft
1442515430230,Command,CamLeft
1442515430556,Command,CamLeft
1442515431048,Command,CamLeft
1442515431637,Command,CamLeft
1442515432761,Command,CamDown
1442515443624,Command,CamUp
1442515445240,Command,CamDown
1442515445957,Command,CamDown
1442515446544,Command,CamDown
1442515447626,Command,CamDown
1442515448159,Command,CamDown
1442515448920,Command,CamUp
1442515449212,Command,CamUp
1442515450092,Command,CamUp
1442515453974,MCTabToggle,VideoChatView
1442515467543,MCTabToggle,DroneVideoView
1442515467940,Command,CamUp
1442515468700,Command,CamUp
1442515468958,Command,CamUp
1442515469229,Command,CamUp
1442515469653,Command,CamUp
1442515469996,Command,CamUp
1442515470714,Command,CamUp
1442515470925,Command,CamUp
1442515471445,Command,CamUp
1442515471517,Command,CamUp
1442515471723,Command,CamUp
1442515471995,Command,CamUp
1442515472221,Command,CamUp
1442515472437,Command,CamUp
1442515473139,Command,CamDown
1442515473641,Command,CamDown
1442515473735,Command,CamDown
1442515473809,Command,CamDown
1442515473928,Command,CamDown
1442515474074,Command,CamDown
1442515475110,Command,CamLeft
1442515475863,Command,CamUp
1442515476219,Command,CamUp
1442515477098,Command,CamUp
1442515477651,Command,CamUp
1442515478595,Command,CamLeft
1442515479247,Command,CamLeft
1442515480050,Command,CamLeft
1442515480795,Command,CamLeft
1442515481572,Command,CamLeft
1442515482043,Command,CamLeft
1442515482517,Command,CamLeft
1442515483556,Command,CamRight
1442515484330,Command,CamRight
1442515484795,MCTabToggle,VideoChatView
1442515484817,Command,CamRight
1442515485307,Command,CamRight
1442515485592,Command,CamRight
1442515485952,Command,CamRight
1442515486276,Command,CamRight
1442515486799,Command,CamRight
1442515487361,Command,CamRight
1442515487770,Command,CamRight
1442515488189,Command,CamRight
1442515488675,Command,CamRight
1442515646023,MCOrientationChange,Landscape
1442515648851,MCOrientationChange,Landscape
1442515656036,MCOrientationChange,Landscape
1442515659984,MCOrientationChange,Landscape
1442515663567,MCOrientationChange,Portrait
1442515668168,MCCameraSwap,Back
1442515669881,MCTabToggle,StatusesView
1442515673660,MCTabToggle,DroneVideoView
1442515674658,MCTabToggle,VideoChatView
1442515696456,MCCameraSwap,Front
1442515705937,Command,CamLeft
1442515706659,MCCameraSwap,Back
1442515707569,Command,CamUp
1442515709334,Command,CamDown
1442515709963,Command,CamDown
1442515710635,Command,CamUp
1442515716178,TaskBegin,0
1442515722680,Command,CamDown
1442515722927,Command,CamDown
1442515723271,Command,CamDown
1442515723474,MCTabToggle,DroneVideoView
1442515724135,Command,CamUp
1442515728064,Command,CamLeft
1442515728881,Command,CamLeft
1442515729904,Command,CamLeft
1442515730691,Command,CamLeft
1442515731810,Command,CamDown
1442515734708,Command,CamLeft
1442515735508,Command,CamRight
1442515735789,MCTabToggle,VideoChatView
1442515739253,Command,CamDown
1442515740136,MCTabToggle,DroneVideoView
1442515740211,Command,CamLeft
1442515740591,Command,CamLeft
1442515741207,Command,CamLeft
1442515741784,Command,CamLeft
1442515743570,Command,CamLeft
1442515744834,Command,CamLeft
1442515745812,Command,CamLeft
1442515748652,Command,CamLeft
1442515748918,Command,CamLeft
1442515749140,Command,CamLeft
1442515749365,Command,CamLeft
1442515750010,Command,CamLeft
1442515750618,Command,CamLeft
1442515751932,Command,CamLeft
1442515752282,Command,CamLeft
1442515753505,Command,CamLeft
1442515754238,Command,CamLeft
1442515755135,Command,CamLeft
1442515755672,Command,CamLeft
1442515755996,Command,CamLeft
1442515756382,Command,CamLeft
1442515763866,Command,CamUp
1442515765723,MCTabToggle,VideoChatView
1442515767297,MCCameraSwap,Front
1442515768752,Command,CamDown
1442515770561,Command,CamLeft
1442515771293,Command,CamLeft
1442515771552,Command,CamLeft
1442515772154,MCTabToggle,DroneVideoView
1442515772290,Command,CamLeft
1442515772761,Command,CamLeft
1442515772895,Command,CamLeft
1442515773012,Command,CamLeft
1442515773534,Command,CamLeft
1442515773924,Command,CamLeft
1442515775514,Command,CamLeft
1442515777133,Command,CamLeft
1442515777506,Command,CamLeft
1442515778954,Command,CamLeft
1442515779675,Command,CamLeft
1442515780309,Command,CamLeft
1442515781277,Command,CamRight
1442515782235,Command,CamLeft
1442515782541,Command,CamLeft
1442515788100,Command,CamLeft
1442515788319,Command,CamLeft
1442515788748,Command,CamLeft
1442515789249,Command,CamLeft
1442515789376,Command,CamLeft
1442515789639,Command,CamLeft
1442515790172,Command,CamLeft
1442515790277,Command,CamLeft
1442515790305,Command,CamLeft
1442515790395,Command,CamLeft
1442515790534,Command,CamLeft
1442515790836,Command,CamLeft
1442515791657,Command,CamLeft
1442515792430,Command,CamLeft
1442515796563,Command,CamRight
1442515800953,Command,CamRight
1442515801248,MCTabToggle,VideoChatView
1442515801348,Command,CamRight
1442515801680,Command,CamRight
1442515803006,Command,CamUp
1442515806367,Command,CamRight
1442515808393,Command,CamRight
1442515811177,Command,CamUp
1442515812651,Command,CamDown
1442515813956,Command,CamUp
1442515815409,MCTabToggle,DroneVideoView
1442515818541,MCTabToggle,VideoChatView
1442515819483,MCTabToggle,DroneVideoView
1442515822005,Command,CamDown
1442515822555,Command,CamDown
1442515823420,Command,CamRight
1442515823896,Command,CamRight
1442515824542,Command,CamRight
1442515825093,Command,CamRight
1442515825660,Command,CamRight
1442515826410,Command,CamRight
1442515826839,Command,CamRight
1442515827222,Command,CamRight
1442515827701,Command,CamRight
1442515828132,Command,CamRight
1442515829045,Command,CamRight
1442515829350,Command,CamRight
1442515829858,Command,CamRight
1442515829999,Command,CamRight
1442515830087,Command,CamRight
1442515830277,Command,CamRight
1442515830767,Command,CamRight
1442515830848,Command,CamRight
1442515831043,Command,CamRight
1442515831291,Command,CamRight
1442515832106,Command,CamUp
1442515832648,Command,CamUp
1442515832842,Command,CamUp
1442515834105,Command,CamDown
1442515835689,Command,CamLeft
1442515836859,Command,CamLeft
1442515840152,Command,CamLeft
1442515840693,Command,CamLeft
1442515841330,Command,CamDown
1442515847654,Command,CamLeft
1442515848076,Command,CamLeft
1442515848511,Command,CamLeft
1442515848904,Command,CamDown
1442515849229,Command,CamDown
1442515849951,Command,CamDown
1442515850723,Command,CamDown
1442515851273,Command,CamDown
1442515851800,Command,CamDown
1442515851830,Command,CamDown
1442515851979,Command,CamDown
1442515852066,Command,CamDown
1442515852146,Command,CamDown
1442515853827,Command,CamDown
1442515854961,Command,CamUp
1442515855144,Command,CamUp
1442515855438,Command,CamUp
1442515855950,Command,CamUp
1442515856185,Command,CamUp
1442515856513,Command,CamUp
1442515857372,Command,CamRight
1442515857768,Command,CamDown
1442515859063,Command,CamUp
1442515860345,Command,CamRight
1442515860920,Command,CamRight
1442515861514,Command,CamRight
1442515862534,Command,CamRight
1442515863290,Command,CamRight
1442515863741,Command,CamRight
1442515864361,Command,CamRight
1442515864984,Command,CamRight
1442515865732,Command,CamRight
1442515866211,Command,CamRight
1442515866783,Command,CamLeft
1442515867185,Command,CamLeft
1442515867548,Command,CamLeft
1442515867865,Command,CamLeft
1442515868133,Command,CamLeft
1442515868500,Command,CamLeft
1442515868766,MCTabToggle,VideoChatView
1442515868873,Command,CamLeft
1442515869165,Command,CamLeft
1442515869889,Command,CamLeft
1442515870201,Command,CamLeft
1442515870512,Command,CamLeft
1442515871041,Command,CamLeft
1442515871093,Command,CamLeft
1442515871249,Command,CamLeft
1442515871625,Command,CamLeft
1442515871967,Command,CamLeft
1442515872343,Command,CamLeft
1442515872961,Command,CamLeft
1442515873378,Command,CamDown
1442515873784,MCTabToggle,DroneVideoView
1442515873913,Command,CamDown
1442515874001,Command,CamDown
1442515874072,Command,CamDown
1442515874478,Command,CamDown
1442515875045,Command,CamLeft
1442515875638,Command,CamLeft
1442515876027,Command,CamUp
1442515876599,Command,CamUp
1442515876854,Command,CamUp
1442515877468,Command,CamLeft
1442515877981,Command,CamLeft
1442515878007,Command,CamLeft
1442515878094,Command,CamLeft
1442515878220,Command,CamLeft
1442515878294,Command,CamLeft
1442515878375,Command,CamLeft
1442515878434,Command,CamLeft
1442515878553,Command,CamLeft
1442515878922,Command,CamLeft
1442515879426,Command,CamLeft
1442515879504,Command,CamLeft
1442515879595,Command,CamLeft
1442515879704,Command,CamLeft
1442515879918,Command,CamRight
1442515880423,Command,CamRight
1442515880916,Command,CamRight
1442515881078,Command,CamRight
1442515881124,Command,CamRight
1442515881193,Command,CamRight
1442515881252,Command,CamRight
1442515881371,Command,CamRight
1442515881449,Command,CamRight
1442515881599,Command,CamRight
1442515881661,Command,CamRight
1442515881721,Command,CamRight
1442515881759,Command,CamRight
1442515881883,Command,CamRight
1442515882568,Command,CamDown
1442515883103,Command,CamDown
1442515884295,Command,CamUp
1442515884974,Command,CamDown
1442515885463,Command,CamDown
1442515888503,Command,CamUp
1442515889216,Command,CamUp
1442515889816,Command,CamDown
1442515890245,Command,CamDown
1442515894930,Command,CamRight
1442515897884,Command,CamRight
1442515898678,Command,CamUp
1442515900738,Command,CamUp
1442515901713,Command,CamDown
1442515904298,Command,CamRight
1442515904480,MCTabToggle,VideoChatView
1442515905027,MCCameraSwap,Back
1442515905220,Command,CamRight
1442515906245,Command,CamLeft
1442515906903,Command,CamUp
1442515907501,Command,CamRight
1442515907822,MCCameraSwap,Front
1442515908684,Command,CamUp
1442515909559,Command,CamDown
1442515912444,MCTabToggle,DroneVideoView
1442515912484,Command,CamDown
1442515914894,Command,CamUp
1442515916085,Command,CamDown
1442515917098,Command,CamUp
1442515921555,Command,CamDown
1442515922809,Command,CamUp
1442515923893,Command,CamDown
1442515925106,Command,CamRight
1442515928830,Command,CamUp
1442515931089,Command,CamLeft
1442515941044,Command,CamLeft
1442515942204,Command,CamUp
1442515944099,Command,CamLeft
1442515948725,Command,CamDown
1442515952539,Command,CamLeft
1442515953021,Command,CamDown
1442515954146,Command,CamDown
1442515955377,Command,CamRight
1442515956478,Command,CamUp
1442515957293,Command,CamUp
1442515966561,Command,CamRight
1442515967030,Command,CamRight
1442515967815,Command,CamDown
1442515974106,Command,CamUp
1442515978891,Command,CamLeft
1442515979668,Command,CamRight
1442515980718,Command,CamDown
1442515981892,Command,CamUp
1442515986755,Command,CamLeft
1442515992451,Command,CamUp
1442515993774,Command,CamLeft
1442515997079,Command,CamDown
1442515999428,Command,CamDown
1442516001925,Command,CamLeft
1442516003113,Command,CamDown
1442516012612,Command,CamLeft
1442516013671,Command,CamLeft
1442516014530,Command,CamUp
1442516015520,Command,CamRight
1442516017497,Command,CamLeft
1442516020753,Command,CamDown
1442516021989,Command,CamUp
1442516023310,Command,CamUp
1442516025048,Command,CamDown
1442516026990,Command,CamRight
1442516028624,Command,CamLeft
1442516029772,Command,CamLeft
1442516029833,MCTabToggle,VideoChatView
1442516034048,MCCameraSwap,Back
1442516035538,Command,CamDown
1442516036032,MCTabToggle,DroneVideoView
1442516036358,Command,CamUp
1442516037647,Command,CamUp
1442516041413,Command,CamLeft
1442516042043,Command,CamLeft
1442516042583,Command,CamLeft
1442516044066,Command,CamLeft
1442516046445,Command,CamRight
1442516047594,Command,CamRight
1442516053678,MCTabToggle,VideoChatView
1442516075968,MCOrientationChange,Portrait
1442516076370,MCOrientationChange,Portrait
1442516076804,MCCameraSwap,Front
1442516093046,MCTabToggle,StatusesView
1442516094312,TaskEnd,0
1442516392138,MCOrientationChange,Portrait
1442516392779,MCTabToggle,VideoChatView
1442516393498,MCOrientationChange,Portrait
1442516402032,MCCameraSwap,Front
1442516403287,MCOrientationChange,Portrait
1442516405221,MCVideoChatSwapMainViews,Local
1442516408307,MCCameraSwap,Back
1442516422769,MCCameraSwap,Front
1442516445277,TaskBegin,1a
1442516470907,MCTabToggle,DroneVideoView
1442516491199,Command,CamDown
1442516491614,Command,CamDown
1442516492077,Command,CamDown
1442516494426,Command,CamRight
1442516495304,Command,CamRight
1442516495719,Command,CamRight
1442516496163,Command,CamLeft
1442516496457,Command,CamLeft
1442516496958,Command,CamLeft
1442516497042,Command,CamLeft
1442516497139,Command,CamLeft
1442516497249,Command,CamLeft
1442516497317,Command,CamLeft
1442516497469,Command,CamLeft
1442516497576,Command,CamLeft
1442516497667,Command,CamLeft
1442516497700,Command,CamLeft
1442516497716,Command,CamLeft
1442516497807,Command,CamLeft
1442516497938,Command,CamLeft
1442516498106,Command,CamLeft
1442516498396,Command,CamLeft
1442516498674,Command,CamLeft
1442516498932,Command,CamLeft
1442516499208,Command,CamLeft
1442516499445,Command,CamLeft
1442516499996,Command,CamDown
1442516500179,Command,CamDown
1442516500845,Command,CamDown
1442516501135,Command,CamDown
1442516501416,Command,CamDown
1442516501963,Command,CamDown
1442516502225,Command,CamDown
1442516507513,Command,CamUp
1442516512840,Command,CamUp
1442516514062,Command,CamUp
1442516514569,Command,CamUp
1442516515394,Command,CamUp
1442516516151,Command,CamUp
1442516527388,Command,CamDown
1442516527986,Command,CamDown
1442516528291,Command,CamDown
1442516528562,Command,CamDown
1442516528733,Command,CamDown
1442516529272,Command,CamDown
1442516529412,Command,CamDown
1442516529442,Command,CamDown
1442516529484,Command,CamDown
1442516529562,Command,CamDown
1442516529987,Command,CamDown
1442516530285,Command,CamDown
1442516530591,Command,CamDown
1442516531017,Command,CamDown
1442516531403,Command,CamDown
1442516531877,Command,CamDown
1442516532374,Command,CamDown
1442516532983,Command,CamDown
1442516533361,Command,CamDown
1442516533668,Command,CamDown
1442516533940,Command,CamDown
1442516534508,Command,CamDown
1442516534746,Command,CamDown
1442516536991,Command,CamDown
1442516537279,Command,CamDown
1442516537495,Command,CamDown
1442516537990,Command,CamDown
1442516538390,Command,CamDown
1442516539038,Command,CamDown
1442516539519,Command,CamDown
1442516539620,Command,CamDown
1442516539873,Command,CamDown
1442516540229,Command,CamDown
1442516540765,Command,CamDown
1442516540789,Command,CamDown
1442516540854,Command,CamDown
1442516540941,Command,CamDown
1442516541204,Command,CamDown
1442516542224,Command,CamDown
1442516542525,Command,CamDown
1442516542877,Command,CamDown
1442516543119,Command,CamDown
1442516543549,Command,CamDown
1442516543979,Command,CamDown
1442516544113,Command,CamDown
1442516544276,Command,CamDown
1442516544555,Command,CamDown
1442516546175,Command,CamDown
1442516546516,Command,CamDown
1442516546854,Command,CamDown
1442516547056,Command,CamDown
1442516547551,Command,CamDown
1442516548104,Command,CamDown
1442516548198,Command,CamDown
1442516548240,Command,CamDown
1442516548729,Command,CamDown
1442516549639,Command,CamDown
1442516550058,Command,CamDown
1442516554040,Command,CamLeft
1442516554604,Command,CamLeft
1442516554624,Command,CamLeft
1442516554710,Command,CamLeft
1442516554798,Command,CamLeft
1442516554874,Command,CamLeft
1442516555209,Command,CamUp
1442516556100,Command,CamUp
1442516556776,Command,CamUp
1442516557107,Command,CamUp
1442516557336,Command,CamUp
1442516557599,Command,CamUp
1442516558283,Command,CamLeft
1442516558787,Command,CamLeft
1442516558886,Command,CamLeft
1442516562884,Command,CamUp
1442516563298,Command,CamUp
1442516563674,Command,CamUp
1442516564208,Command,CamLeft
1442516564771,Command,CamLeft
1442516564859,Command,CamLeft
1442516564866,Command,CamLeft
1442516564928,Command,CamLeft
1442516565143,Command,CamLeft
1442516565366,Command,CamLeft
1442516565958,Command,CamLeft
1442516567849,Command,CamUp
1442516568410,Command,CamUp
1442516568956,Command,CamUp
1442516571136,Command,CamUp
1442516571626,Command,CamUp
1442516573270,Command,CamRight
1442516573853,Command,CamRight
1442516574354,Command,CamRight
1442516575156,MCTabToggle,VideoChatView
1442516575698,MCCameraSwap,Back
1442516579144,Command,CamDown
1442516584451,Command,CamDown
1442516584960,Command,CamDown
1442516585033,Command,CamDown
1442516585134,Command,CamDown
1442516585209,Command,CamDown
1442516585281,Command,CamDown
1442516585432,Command,CamDown
1442516585680,Command,CamDown
1442516585898,Command,CamDown
1442516586102,Command,CamDown
1442516586366,Command,CamDown
1442516592343,Command,CamLeft
1442516592605,Command,CamLeft
1442516592951,Command,CamLeft
1442516595707,Command,CamLeft
1442516609232,Command,CamUp
1442516609608,Command,CamUp
1442516609941,Command,CamUp
1442516610257,Command,CamUp
1442516610509,Command,CamUp
1442516610806,Command,CamUp
1442516612171,Command,CamUp
1442516614238,Command,CamUp
1442516614534,Command,CamUp
1442516614835,Command,CamUp
1442516615074,Command,CamUp
1442516615299,Command,CamUp
1442516615523,Command,CamUp
1442516615754,Command,CamUp
1442516616074,Command,CamUp
1442516616736,Command,CamUp
1442516617263,Command,CamUp
1442516617697,Command,CamUp
1442516618187,Command,CamRight
1442516618737,Command,CamRight
1442516618931,Command,CamRight
1442516619288,Command,CamRight
1442516619907,Command,CamRight
1442516620166,Command,CamRight
1442516620472,Command,CamRight
1442516620935,Command,CamRight
1442516621200,Command,CamRight
1442516622531,Command,CamRight
1442516622852,Command,CamUp
1442516623194,Command,CamUp
1442516623493,Command,CamUp
1442516623997,Command,CamUp
1442516624078,Command,CamUp
1442516624159,Command,CamUp
1442516624349,Command,CamUp
1442516624858,Command,CamUp
1442516625003,Command,CamUp
1442516625030,Command,CamUp
1442516625117,Command,CamUp
1442516625201,Command,CamUp
1442516625310,Command,CamUp
1442516626537,MCTabToggle,DroneVideoView
1442516626811,Command,CamUp
1442516627850,MCTabToggle,VideoChatView
1442516629059,Command,CamUp
1442516629560,Command,CamUp
1442516630830,Command,CamUp
1442516631378,Command,CamUp
1442516631887,Command,CamUp
1442516631970,Command,CamUp
1442516632107,Command,CamUp
1442516632250,Command,CamUp
1442516632587,Command,CamUp
1442516632899,Command,CamUp
1442516633148,Command,CamUp
1442516633406,Command,CamUp
1442516633800,Command,CamUp
1442516634112,Command,CamUp
1442516634411,Command,CamUp
1442516634984,Command,CamUp
1442516635310,Command,CamUp
1442516635610,Command,CamUp
1442516635915,Command,CamUp
1442516636175,Command,CamUp
1442516636524,Command,CamUp
1442516636917,Command,CamUp
1442516637235,Command,CamUp
1442516637645,Command,CamUp
1442516637901,Command,CamUp
1442516638994,Command,CamUp
1442516639407,Command,CamUp
1442516641826,Command,CamUp
1442516644143,Command,CamLeft
1442516644392,Command,CamDown
1442516644754,Command,CamDown
1442516645062,Command,CamDown
1442516645766,Command,CamDown
1442516646107,Command,CamDown
1442516646868,Command,CamDown
1442516647194,Command,CamDown
1442516647562,Command,CamDown
1442516647875,Command,CamDown
1442516648306,Command,CamDown
1442516648869,Command,CamDown
1442516649613,Command,CamDown
1442516651226,Command,CamDown
1442516651258,MCOrientationChange,Landscape
1442516651838,Command,CamDown
1442516652383,Command,CamDown
1442516652773,Command,CamDown
1442516653523,Command,CamDown
1442516655053,Command,CamDown
1442516657161,MCOrientationChange,Portrait
1442516657200,Command,CamDown
1442516657621,Command,CamDown
1442516657987,Command,CamDown
1442516658208,Command,CamDown
1442516658838,Command,CamDown
1442516659304,Command,CamDown
1442516659707,Command,CamDown
1442516662149,Command,CamDown
1442516662544,Command,CamDown
1442516662847,Command,CamDown
1442516663227,Command,CamDown
1442516663666,Command,CamDown
1442516663969,Command,CamDown
1442516666723,Command,CamDown
1442516667362,Command,CamDown
1442516667992,Command,CamDown
1442516668324,Command,CamDown
1442516668643,Command,CamDown
1442516669285,Command,CamDown
1442516669819,Command,CamDown
1442516672114,Command,CamDown
1442516672429,Command,CamDown
1442516673499,Command,CamDown
1442516673815,Command,CamDown
1442516675142,Command,CamDown
1442516675542,Command,CamDown
1442516676029,Command,CamDown
1442516676419,Command,CamDown
1442516676987,Command,CamDown
1442516678675,Command,CamDown
1442516679368,Command,CamDown
1442516679907,Command,CamDown
1442516680337,Command,CamDown
1442516684912,Command,CamDown
1442516685336,Command,CamDown
1442516686431,Command,CamDown
1442516688997,Command,CamDown
1442516692900,Command,CamUp
1442516697187,Command,CamUp
1442516704696,MCTabToggle,DroneVideoView
1442516708197,MCTabToggle,VideoChatView
1442516718930,MCTabToggle,DroneVideoView
1442516726448,Command,CamUp
1442516726687,Command,CamUp
1442516726951,Command,CamUp
1442516727216,Command,CamUp
1442516727616,Command,CamUp
1442516727950,Command,CamUp
1442516728448,Command,CamUp
1442516728539,Command,CamUp
1442516728763,Command,CamUp
1442516729145,Command,CamUp
1442516729408,Command,CamUp
1442516729677,Command,CamUp
1442516730264,Command,CamUp
1442516730625,Command,CamUp
1442516731539,Command,CamUp
1442516731862,Command,CamUp
1442516732123,Command,CamUp
1442516732831,Command,CamUp
1442516733226,Command,CamUp
1442516733646,Command,CamUp
1442516733728,Command,CamUp
1442516733854,Command,CamUp
1442516733898,Command,CamUp
1442516734001,Command,CamUp
1442516734108,Command,CamUp
1442516734216,Command,CamUp
1442516734240,Command,CamUp
1442516734475,Command,CamUp
1442516734641,Command,CamUp
1442516734868,Command,CamUp
1442516735105,Command,CamUp
1442516735736,Command,CamUp
1442516736015,Command,CamUp
1442516736272,Command,CamUp
1442516737569,Command,CamDown
1442516737837,Command,CamDown
1442516738897,Command,CamUp
1442516739461,Command,CamUp
1442516739839,Command,CamUp
1442516749057,Command,CamDown
1442516759799,MCTabToggle,VideoChatView
1442516766000,Command,CamUp
1442516766754,Command,CamDown
1442516773169,Command,CamDown
1442516774351,Command,CamDown
1442516774696,Command,CamDown
1442516775590,Command,CamDown
1442516775944,Command,CamDown
1442516776715,Command,CamDown
1442516777050,Command,CamDown
1442516778227,Command,CamDown
1442516779015,Command,CamDown
1442516779506,Command,CamDown
1442516780021,Command,CamDown
1442516780070,MCTabToggle,DroneVideoView
1442516780815,Command,CamDown
1442516784610,Command,CamDown
1442516784951,Command,CamDown
1442516785882,Command,CamDown
1442516786199,Command,CamDown
1442516786529,Command,CamDown
1442516787559,Command,CamDown
1442516787840,Command,CamDown
1442516788160,Command,CamDown
1442516789132,Command,CamDown
1442516789536,Command,CamDown
1442516789768,Command,CamDown
1442516790013,Command,CamDown
1442516791497,Command,CamDown
1442516791958,Command,CamDown
1442516792056,Command,CamDown
1442516792413,Command,CamDown
1442516792880,Command,CamDown
1442516793486,Command,CamDown
1442516793992,Command,CamDown
1442516794619,Command,CamDown
1442516796112,Command,CamDown
1442516796815,Command,CamDown
1442516797541,Command,CamDown
1442516798463,Command,CamDown
1442516799263,Command,CamDown
1442516799910,Command,CamDown
1442516800117,MCTabToggle,VideoChatView
1442516806474,Command,CamDown
1442516814603,Command,CamUp
1442516815255,Command,CamDown
1442516815617,Command,CamDown
1442516816032,Command,CamDown
1442516823430,Command,CamDown
1442516824158,Command,CamDown
1442516825117,MCCameraSwap,Front
1442516825986,Command,CamDown
1442516826481,Command,CamDown
1442516826654,Command,CamDown
1442516827463,Command,CamDown
1442516827961,Command,CamDown
1442516828298,MCTabToggle,DroneVideoView
1442516828477,Command,CamRight
1442516829763,Command,CamRight
1442516830002,MCTabToggle,VideoChatView
1442516830304,Command,CamRight
1442516830490,MCCameraSwap,Back
1442516830727,Command,CamRight
1442516830809,Command,CamRight
1442516831094,Command,CamRight
1442516831581,Command,CamRight
1442516831757,Command,CamRight
1442516832119,Command,CamRight
1442516832721,Command,CamRight
1442516833238,Command,CamDown
1442516833973,Command,CamLeft
1442516834573,Command,CamLeft
1442516835224,Command,CamUp
1442516835862,Command,CamRight
1442516836361,MCCameraSwap,Front
1442516839111,MCTabToggle,DroneVideoView
1442516839355,Command,CamRight
1442516841577,Command,CamDown
1442516843388,Command,CamLeft
1442516845083,Command,CamLeft
1442516846095,Command,CamRight
1442516847689,Command,CamLeft
1442516851909,Command,CamLeft
1442516852410,Command,CamLeft
1442516852656,Command,CamLeft
1442516853029,Command,CamLeft
1442516853383,Command,CamLeft
1442516855751,Command,CamLeft
1442516861699,Command,CamRight
1442516862788,Command,CamRight
1442516865245,Command,CamRight
1442516866557,Command,CamRight
1442516872761,Command,CamRight
1442516873939,MCTabToggle,VideoChatView
1442516876818,MCCameraSwap,Back
1442516884198,Command,CamRight
1442516884998,Command,CamRight
1442516885683,Command,CamUp
1442516885875,Command,CamUp
1442516891761,Command,CamRight
1442516892835,Command,CamUp
1442516893222,Command,CamUp
1442516893541,Command,CamUp
1442516895511,Command,CamUp
1442516900173,Command,CamRight
1442516900988,Command,CamLeft
1442516901284,Command,CamLeft
1442516901782,Command,CamUp
1442516902094,Command,CamUp
1442516902338,Command,CamUp
1442516902563,Command,CamUp
1442516902749,Command,CamUp
1442516903160,Command,CamUp
1442516903596,Command,CamUp
1442516904027,Command,CamUp
1442516904508,Command,CamUp
1442516905435,Command,CamDown
1442516905970,Command,CamDown
1442516906431,Command,CamLeft
1442516906930,Command,CamRight
1442516907486,Command,CamUp
1442516908078,Command,CamDown
1442516911383,Command,CamUp
1442516911704,Command,CamUp
1442516912579,Command,CamUp
1442516913672,Command,CamLeft
1442516914249,Command,CamRight
1442516915340,MCTabToggle,DroneVideoView
1442516915523,Command,CamUp
1442516915949,Command,CamUp
1442516918092,Command,CamDown
1442516918695,Command,CamRight
1442516919160,Command,CamUp
1442516919986,Command,CamRight
1442516920877,Command,CamRight
1442516921866,Command,CamLeft
1442516922545,Command,CamLeft
1442516923760,Command,CamLeft
1442516925123,Command,CamLeft
1442516926012,Command,CamLeft
1442516929063,Command,CamUp
1442516931115,Command,CamUp
1442516931708,Command,CamLeft
1442516932149,Command,CamLeft
1442516932311,Command,CamLeft
1442516942283,Command,CamUp
1442516942616,Command,CamUp
1442516942934,Command,CamUp
1442516943353,Command,CamUp
1442516944040,Command,CamUp
1442516949978,Command,CamUp
1442516950335,Command,CamUp
1442516950647,Command,CamUp
1442516951574,Command,CamRight
1442516952718,Command,CamRight
1442516953656,Command,CamRight
1442516954160,Command,CamRight
1442516955161,Command,CamRight
1442516960152,Command,CamUp
1442516960564,Command,CamUp
1442516960957,Command,CamUp
1442516961654,Command,CamUp
1442516962167,Command,CamUp
1442516963123,Command,CamUp
1442516979647,Command,CamUp
1442516979995,MCTabToggle,VideoChatView
1442516980248,Command,CamUp
1442516980379,MCCameraSwap,Front
1442516980408,Command,CamUp
1442516981129,Command,CamUp
1442516981561,Command,CamUp
1442516981966,MCCameraSwap,Back
1442516984330,Command,CamUp
1442516985478,Command,CamUp
1442516985850,Command,CamUp
1442516986182,Command,CamUp
1442516986748,Command,CamUp
1442516987436,Command,CamUp
1442516987823,Command,CamUp
1442516988630,MCTabToggle,DroneVideoView
1442516991790,Command,CamUp
1442516992127,Command,CamUp
1442516992394,Command,CamUp
1442516992659,Command,CamUp
1442516993100,Command,CamLeft
1442516993580,Command,CamLeft
1442516993663,Command,CamLeft
1442516993748,Command,CamLeft
1442516993843,Command,CamLeft
1442516994004,Command,CamLeft
1442516994503,Command,CamLeft
1442516995026,Command,CamLeft
1442516995609,Command,CamRight
1442516997151,Command,CamRight
1442516998078,Command,CamRight
1442517009381,Command,CamDown
1442517009762,Command,CamDown
1442517010075,Command,CamDown
1442517010219,Command,CamDown
1442517010442,Command,CamDown
1442517011878,Command,CamDown
1442517012166,Command,CamDown
1442517013155,Command,CamDown
1442517014786,Command,CamDown
1442517015786,Command,CamDown
1442517016173,Command,CamDown
1442517016508,Command,CamDown
1442517017826,Command,CamDown
1442517018338,Command,CamDown
1442517018626,Command,CamDown
1442517018882,Command,CamDown
1442517019302,Command,CamDown
1442517019558,Command,CamDown
1442517019922,Command,CamDown
1442517020261,Command,CamDown
1442517020781,Command,CamDown
1442517021377,Command,CamDown
1442517021686,Command,CamDown
1442517022298,Command,CamDown
1442517023114,Command,CamDown
1442517023894,Command,CamDown
1442517024493,Command,CamDown
1442517025106,Command,CamDown
1442517025742,Command,CamDown
1442517026121,Command,CamDown
1442517026563,Command,CamDown
1442517026756,Command,MoveBack
1442517027040,Command,CamDown
1442517027581,Command,CamDown
1442517028128,Command,CamDown
1442517028721,Command,CamDown
1442517029355,Command,CamDown
1442517029587,Command,MoveBack
1442517030381,Command,CamDown
1442517030837,Command,CamDown
1442517031222,Command,CamDown
1442517031555,Command,CamDown
1442517031817,Command,CamDown
1442517032337,Command,CamDown
1442517033487,Command,CamDown
1442517033750,Command,CamDown
1442517034223,Command,CamDown
1442517035026,Command,CamDown
1442517035542,Command,CamDown
1442517036019,Command,CamDown
1442517036567,Command,CamDown
1442517037112,Command,CamDown
1442517037455,Command,MoveForward
1442517037594,Command,CamDown
1442517037972,Command,CamDown
1442517038327,Command,CamDown
1442517038737,Command,MoveBack
1442517039429,Command,CamDown
1442517039820,Command,CamDown
1442517039853,Command,MoveUp
1442517040343,Command,CamDown
1442517040620,Command,MoveDown
1442517041062,Command,CamDown
1442517041607,Command,CamDown
1442517042231,Command,CamDown
1442517043136,Command,CamDown
1442517043638,Command,CamDown
1442517043977,Command,CamDown
1442517044491,Command,CamDown
1442517044740,Command,CamDown
1442517045397,Command,CamDown
1442517046405,Command,CamDown
1442517047191,Command,CamDown
1442517048214,Command,CamDown
1442517048713,Command,CamDown
1442517049166,Command,CamDown
1442517050882,Command,CamDown
1442517051387,Command,CamDown
1442517052768,Command,CamDown
1442517053270,Command,CamDown
1442517053902,Command,CamDown
1442517054427,Command,CamDown
1442517055207,Command,CamDown
1442517055757,Command,CamDown
1442517056027,Command,CamDown
1442517056282,Command,CamDown
1442517062312,Command,CamDown
1442517062911,Command,CamDown
1442517063220,Command,CamDown
1442517063442,Command,CamDown
1442517063645,Command,CamDown
1442517068688,Command,MoveForward
1442517069336,Command,MoveForward
1442517069904,Command,MoveForward
1442517069924,Command,CamDown
1442517070340,Command,CamDown
1442517070420,Command,MoveBack
1442517071253,Command,CamDown
1442517072754,Command,MoveBack
1442517073149,Command,CamDown
1442517073280,Command,MoveBack
1442517073652,Command,CamDown
1442517073755,Command,CamDown
1442517073912,Command,CamDown
1442517075861,Command,CamDown
1442517076485,Command,CamDown
1442517076954,Command,CamDown
1442517077323,Command,CamDown
1442517088643,Command,MoveBack
1442517114927,Command,CamDown
1442517115189,Command,CamDown
1442517115422,Command,CamDown
1442517115672,Command,CamDown
1442517115935,Command,CamDown
1442517116191,Command,CamDown
1442517117292,Command,CamDown
1442517117569,Command,CamDown
1442517118028,Command,CamDown
1442517118231,Command,CamDown
1442517118407,Command,CamDown
1442517119309,Command,CamDown
1442517119594,Command,CamDown
1442517119933,Command,CamDown
1442517123818,Command,CamDown
1442517124051,Command,CamDown
1442517124351,Command,CamDown
1442517124602,Command,CamDown
1442517124810,Command,CamDown
1442517126009,Command,CamDown
1442517126645,Command,CamDown
1442517127079,Command,CamDown
1442517127363,Command,CamDown
1442517127674,Command,CamDown
1442517131214,Command,CamDown
1442517131540,Command,CamDown
1442517131698,MCTabToggle,VideoChatView
1442517131828,Command,CamDown
1442517146820,Command,MoveForward
1442517148107,Command,CamDown
1442517148378,Command,CamDown
1442517148638,Command,CamDown
1442517148795,Command,CamDown
1442517148841,MCTabToggle,DroneVideoView
1442517149015,Command,CamDown
1442517149267,Command,CamDown
1442517149477,Command,CamDown
1442517149703,Command,CamDown
1442517149931,Command,CamDown
1442517150641,Command,CamDown
1442517151070,Command,CamDown
1442517151478,Command,CamDown
1442517151859,Command,CamDown
1442517153626,Command,CamDown
1442517153968,Command,CamDown
1442517154469,MCTabToggle,VideoChatView
1442517159920,Command,CamDown
1442517160418,Command,CamDown
1442517160756,Command,CamDown
1442517161132,Command,CamDown
1442517161462,Command,CamDown
1442517161993,Command,CamDown
1442517162647,Command,CamDown
1442517163131,Command,CamDown
1442517165921,Command,CamDown
1442517168347,MCTabToggle,DroneVideoView
1442517169216,Command,CamDown
1442517171078,Command,CamDown
1442517171485,Command,CamDown
1442517171843,Command,CamDown
1442517172087,Command,CamDown
1442517172329,Command,CamDown
1442517172588,Command,CamDown
1442517172835,Command,CamDown
1442517173004,MCTabToggle,VideoChatView
1442517173487,Command,CamDown
1442517173751,Command,CamDown
1442517174701,Command,CamDown
1442517174881,Command,CamDown
1442517178041,Command,CamDown
1442517178419,Command,CamDown
1442517178841,Command,CamDown
1442517179154,Command,CamDown
1442517180139,Command,CamUp
1442517183570,Command,MoveForward
1442517184204,Command,MoveForward
1442517184737,Command,MoveBack
1442517189755,Command,CamUp
1442517190275,Command,CamUp
1442517190706,Command,CamUp
1442517193146,Command,CamUp
1442517194830,Command,CamUp
1442517196076,MCTabToggle,DroneVideoView
1442517196779,Command,CamUp
1442517198632,Command,CamUp
1442517205079,Command,CamUp
1442517207343,Command,CamUp
1442517236202,TaskEnd,1a
1442517565916,MCOrientationChange,Portrait
1442517568794,MCTabToggle,VideoChatView
1442517574089,MCOrientationChange,Portrait
1442517575659,MCOrientationChange,Portrait
1442517577773,MCVideoChatSwapMainViews,Local
1442517582312,MCTabToggle,DroneVideoView
1442517588682,Command,MoveForward
1442517589089,Command,MoveForward
1442517589704,Command,MoveBack
1442517590855,Command,MoveForward
1442517592940,Command,MoveForward
1442517594522,Command,MoveBack
1442517595989,Command,MoveBack
1442517597255,Command,MoveBack
1442517598521,Command,MoveBack
1442517600838,Command,MoveForward
1442517603380,MCOrientationChange,Portrait
1442517607234,Command,CamUp
1442517607905,Command,CamUp
1442517608763,Command,CamLeft
1442517609611,Command,CamLeft
1442517610306,Command,CamLeft
1442517610760,MCOrientationChange,Portrait
1442517610783,Command,CamLeft
1442517611804,Command,CamLeft
1442517612553,Command,CamRight
1442517613021,Command,CamRight
1442517613511,Command,CamRight
1442517613793,Command,CamRight
1442517614165,Command,CamRight
1442517614559,Command,CamRight
1442517615065,Command,CamRight
1442517618517,MCTabToggle,VideoChatView
1442517619904,Command,CamDown
1442517620973,Command,CamUp
1442517621657,MCOrientationChange,Portrait
1442517621878,MCTabToggle,StatusesView
1442517622636,MCOrientationChange,Portrait
1442517624475,MCOrientationChange,Portrait
1442517629111,MCTabToggle,VideoChatView
1442517634789,TaskBegin,1b
1442517636654,MCTabToggle,DroneVideoView
1442517638995,MCOrientationChange,Portrait
1442517645396,MCOrientationChange,Portrait
1442517648097,Command,CamUp
1442517648505,Command,CamDown
1442517648769,Command,CamDown
1442517649071,Command,CamDown
1442517650037,Command,CamLeft
1442517652884,Command,CamLeft
1442517654061,Command,CamDown
1442517654548,Command,CamDown
1442517655131,Command,CamRight
1442517655956,Command,CamRight
1442517659776,Command,CamLeft
1442517667666,MCOrientationChange,Portrait
1442517669256,MCOrientationChange,Portrait
1442517670653,Command,CamLeft
1442517671058,Command,CamDown
1442517713913,MCOrientationChange,Portrait
1442517713963,MCOrientationChange,Portrait
1442517716474,MCOrientationChange,Portrait
1442517716551,MCOrientationChange,Portrait
1442517743027,MCOrientationChange,Landscape
1442517744593,MCOrientationChange,Portrait
1442517793321,Command,MoveBack
1442517804772,Command,MoveForward
1442517806880,Command,CamRight
1442517807388,Command,CamRight
1442517807703,Command,CamRight
1442517807998,Command,CamRight
1442517808423,Command,CamRight
1442517808905,Command,CamRight
1442517809116,Command,CamRight
1442517809925,Command,CamRight
1442517810342,Command,CamRight
1442517810869,Command,CamRight
1442517810965,Command,CamRight
1442517811339,Command,CamRight
1442517812922,Command,CamUp
1442517862276,Command,CamLeft
1442517862495,Command,CamLeft
1442517862676,Command,CamLeft
1442517862866,Command,CamLeft
1442517863140,Command,CamLeft
1442517863232,Command,CamLeft
1442517863486,Command,CamLeft
1442517863799,Command,CamLeft
1442517864260,Command,CamLeft
1442517864674,Command,CamLeft
1442517865650,Command,CamLeft
1442517870741,Command,CamLeft
1442517870957,MCTabToggle,VideoChatView
1442517870963,Command,CamLeft
1442517871195,Command,CamLeft
1442517871511,Command,CamLeft
1442517871613,MCCameraSwap,Front
1442517871918,Command,CamLeft
1442517872097,MCCameraSwap,Back
1442517872188,Command,CamLeft
1442517872557,Command,CamLeft
1442517873166,Command,CamRight
1442517874243,Command,CamRight
1442517875041,Command,CamRight
1442517875802,Command,CamRight
1442517876725,Command,CamRight
1442517876753,MCOrientationChange,Portrait
1442517878376,MCOrientationChange,Portrait
1442517878575,Command,CamRight
1442517879332,MCTabToggle,DroneVideoView
1442517879893,Command,CamRight
1442517880194,Command,CamRight
1442517880726,Command,CamRight
1442517881437,Command,CamRight
1442517881872,Command,CamRight
1442517882858,Command,CamRight
1442517884096,Command,CamRight
1442517891040,Command,MoveBack
1442517897711,Command,CamLeft
1442517898213,Command,CamLeft
1442517898691,Command,CamLeft
1442517899312,Command,CamLeft
1442517899851,Command,CamLeft
1442517900442,Command,CamLeft
1442517900647,Command,CamLeft
1442517906050,Command,CamDown
1442517906958,Command,CamDown
1442517907442,Command,CamDown
1442517909388,Command,CamDown
1442517909743,Command,CamRight
1442517910648,Command,CamRight
1442517910961,Command,CamRight
1442517917516,Command,MoveForward
1442517917645,Command,CamRight
1442517918204,Command,CamRight
1442517918292,Command,CamRight
1442517918394,Command,CamRight
1442517920102,Command,CamUp
1442517924797,Command,CamUp
1442517925116,Command,CamUp
1442517925586,Command,CamUp
1442517926080,Command,CamUp
1442517926499,MCOrientationChange,Portrait
1442517926631,MCOrientationChange,Portrait
1442517926701,Command,CamRight
1442517926751,MCOrientationChange,Portrait
1442517927399,Command,CamRight
1442517930326,Command,CamLeft
1442517931853,Command,CamLeft
1442517932615,MCOrientationChange,Portrait
1442517936623,Command,CamUp
1442517937405,Command,CamUp
1442517942828,Command,CamLeft
1442517943403,Command,CamLeft
1442517944618,Command,CamLeft
1442517945465,Command,CamLeft
1442517945968,Command,CamDown
1442517947367,Command,CamLeft
1442517949060,Command,CamDown
1442517950335,Command,CamDown
1442517951129,Command,CamLeft
1442517952040,Command,CamLeft
1442517953613,Command,CamLeft
1442517954892,Command,CamDown
1442517956049,Command,CamDown
1442517956639,Command,CamDown
1442517957324,Command,CamDown
1442517957995,Command,CamDown
1442517958674,Command,CamDown
1442517959436,Command,CamDown
1442517960207,Command,CamDown
1442517961533,Command,CamDown
1442517962066,Command,CamDown
1442517962677,Command,CamDown
1442517963980,Command,CamDown
1442517964635,Command,CamDown
1442517965436,Command,CamDown
1442517966316,Command,CamDown
1442517966870,Command,CamDown
1442517967613,Command,CamDown
1442517968292,Command,CamDown
1442517968877,Command,CamDown
1442517969345,Command,CamDown
1442517970292,Command,CamDown
1442517970838,Command,CamDown
1442517971340,Command,CamDown
1442517972574,Command,CamDown
1442517973431,Command,CamDown
1442517976200,Command,CamDown
1442517976694,Command,CamDown
1442517977353,Command,CamDown
1442517978413,Command,CamDown
1442517979689,Command,CamDown
1442517980485,Command,CamDown
1442517981451,Command,CamDown
1442517982190,Command,CamDown
1442517997737,Command,CamLeft
1442518001411,MCOrientationChange,Portrait
1442518008107,MCOrientationChange,Portrait
1442518013588,Command,CamUp
1442518013977,Command,CamUp
1442518014499,Command,CamUp
1442518015892,Command,CamUp
1442518016611,Command,CamUp
1442518017277,Command,CamUp
1442518017948,Command,CamUp
1442518018551,Command,CamUp
1442518019436,Command,CamUp
1442518020203,Command,CamUp
1442518020688,Command,CamUp
1442518021363,Command,CamUp
1442518023660,Command,CamUp
1442518036053,Command,CamUp
1442518036546,Command,CamUp
1442518037245,Command,CamUp
1442518043946,Command,CamUp
1442518044508,Command,CamUp
1442518053322,Command,CamUp
1442518053724,Command,CamUp
1442518054421,Command,CamUp
1442518055229,Command,CamUp
1442518057469,Command,CamUp
1442518057907,Command,CamUp
1442518058646,Command,CamUp
1442518059077,Command,CamUp
1442518059368,Command,CamUp
1442518059651,Command,CamUp
1442518060297,Command,CamUp
1442518060622,Command,CamUp
1442518060993,Command,CamUp
1442518066002,Command,CamUp
1442518067209,Command,CamUp
1442518067819,Command,CamUp
1442518068409,Command,CamUp
1442518069458,Command,CamUp
1442518070292,Command,CamUp
1442518070792,Command,CamUp
1442518071427,Command,CamLeft
1442518071918,Command,CamDown
1442518077793,Command,CamUp
1442518078601,Command,CamUp
1442518079082,Command,CamRight
1442518079910,Command,CamLeft
1442518080337,Command,CamLeft
1442518080765,Command,CamLeft
1442518081426,Command,CamLeft
1442518082528,Command,CamRight
1442518083249,Command,CamRight
1442518083883,Command,CamDown
1442518084257,Command,CamDown
1442518086268,Command,CamDown
1442518087039,Command,CamDown
1442518087704,Command,CamDown
1442518088361,Command,CamDown
1442518088891,Command,CamDown
1442518089595,Command,CamDown
1442518090039,Command,CamDown
1442518090954,Command,CamDown
1442518091202,Command,CamDown
1442518091939,Command,CamDown
1442518093826,Command,CamDown
1442518094651,Command,CamDown
1442518095572,Command,CamDown
1442518096118,Command,CamDown
1442518100876,Command,CamDown
1442518129968,Command,MoveBack
1442518164496,MCTabToggle,VideoChatView
1442518166149,Command,MoveBack
1442518171241,MCTabToggle,DroneVideoView
1442518186812,MCOrientationChange,Portrait
1442518187685,MCOrientationChange,Portrait
1442518188348,MCOrientationChange,Portrait
1442518189224,MCOrientationChange,Portrait
1442518193505,MCOrientationChange,Portrait
1442518194265,MCOrientationChange,Portrait
1442518197893,Command,CamLeft
1442518198589,Command,CamLeft
1442518199192,Command,CamLeft
1442518200500,Command,CamLeft
1442518201271,Command,CamLeft
1442518201770,Command,MoveBack
1442518204071,Command,CamUp
1442518204441,Command,CamUp
1442518204503,Command,MoveBack
1442518204911,Command,CamUp
1442518205684,Command,CamLeft
1442518206050,Command,CamLeft
1442518206872,Command,CamUp
1442518207412,Command,CamUp
1442518208227,Command,CamUp
1442518209826,Command,CamUp
1442518211738,Command,CamUp
1442518212849,Command,CamLeft
1442518213437,Command,CamLeft
1442518213847,Command,CamUp
1442518214317,Command,CamUp
1442518214961,Command,CamRight
1442518215487,Command,CamDown
1442518216092,Command,CamLeft
1442518216561,Command,CamUp
1442518218207,Command,CamUp
1442518223081,Command,CamUp
1442518226067,Command,MoveUp
1442518226684,Command,CamUp
1442518227088,Command,MoveUp
1442518227603,Command,MoveUp
1442518227764,Command,CamUp
1442518229558,Command,CamUp
1442518230297,Command,CamUp
1442518231046,Command,CamDown
1442518232143,Command,CamUp
1442518233877,Command,CamLeft
1442518234443,Command,CamUp
1442518235136,Command,CamUp
1442518245298,Command,CamUp
1442518245783,Command,CamUp
1442518246458,Command,CamUp
1442518247253,Command,CamRight
1442518247863,Command,CamDown
1442518248753,Command,CamLeft
1442518249232,Command,CamUp
1442518249717,Command,CamUp
1442518251424,Command,CamRight
1442518252549,Command,CamRight
1442518252945,Command,CamUp
1442518253349,Command,CamUp
1442518263750,MCOrientationChange,Portrait
1442518267852,MCOrientationChange,Portrait
1442518295690,TaskEnd,1a
1442519114458,MCOrientationChange,Landscape
1442519115297,MCOrientationChange,Landscape
1442519117891,MCOrientationChange,Portrait
1442519119142,MCTabToggle,VideoChatView
1442519119864,MCOrientationChange,Portrait
1442519126478,MCOrientationChange,Portrait
1442519128848,MCOrientationChange,Portrait
1442519129071,MCOrientationChange,Portrait
1442519132562,MCVideoChatSwapMainViews,Local
1442519132870,MCOrientationChange,Portrait
1442519133117,MCOrientationChange,Portrait
1442519141231,Command,MoveForward
1442519142455,Command,MoveBack
1442519143979,MCOrientationChange,Portrait
1442519144015,MCOrientationChange,Portrait
1442519153587,MCOrientationChange,Portrait
1442519155564,MCOrientationChange,Portrait
1442519169254,TaskBegin,2
1442519178175,MCTabToggle,DroneVideoView
1442519180227,Command,CamRight
1442519181107,Command,CamDown
1442519184869,Command,CamLeft
1442519185865,Command,CamLeft
1442519186405,Command,CamLeft
1442519186442,Command,CamLeft
1442519186662,Command,CamLeft
1442519187060,Command,CamLeft
1442519187682,Command,CamLeft
1442519188074,Command,CamLeft
1442519188506,Command,CamLeft
1442519189383,Command,CamDown
1442519189958,Command,CamDown
1442519190899,Command,CamLeft
1442519191315,Command,CamLeft
1442519191857,Command,CamLeft
1442519192697,Command,CamLeft
1442519193299,Command,CamLeft
1442519193954,Command,CamLeft
1442519194348,Command,CamLeft
1442519202470,MCOrientationChange,Portrait
1442519202659,MCOrientationChange,Portrait
1442519209502,MCOrientationChange,Portrait
1442519209758,MCOrientationChange,Portrait
1442519212954,MCOrientationChange,Portrait
1442519213085,MCOrientationChange,Portrait
1442519214133,MCOrientationChange,Portrait
1442519214392,MCOrientationChange,Portrait
1442519214773,MCOrientationChange,Portrait
1442519215027,MCOrientationChange,Portrait
1442519221813,MCOrientationChange,Portrait
1442519222249,MCOrientationChange,Portrait
1442519225181,MCOrientationChange,Portrait
1442519225530,MCOrientationChange,Portrait
1442519225953,MCOrientationChange,Portrait
1442519226829,MCOrientationChange,Portrait
1442519228368,MCOrientationChange,Portrait
1442519228814,MCOrientationChange,Portrait
1442519228927,MCOrientationChange,Portrait
1442519229247,MCOrientationChange,Portrait
1442519231405,MCOrientationChange,Portrait
1442519231748,MCOrientationChange,Portrait
1442519232433,MCOrientationChange,Portrait
1442519233794,MCOrientationChange,Portrait
1442519234650,MCOrientationChange,Portrait
1442519234780,MCOrientationChange,Portrait
1442519235600,MCOrientationChange,Portrait
1442519236741,MCOrientationChange,Portrait
1442519236984,MCOrientationChange,Portrait
1442519237248,MCOrientationChange,Portrait
1442519238771,MCOrientationChange,Portrait
1442519244492,Command,CamUp
1442519244828,Command,CamUp
1442519245364,MCOrientationChange,Portrait
1442519245864,MCOrientationChange,Portrait
1442519246055,MCOrientationChange,Portrait
1442519246620,Command,CamLeft
1442519246769,MCOrientationChange,Portrait
1442519247215,MCOrientationChange,Portrait
1442519250442,Command,MoveForward
1442519251435,MCOrientationChange,Portrait
1442519251488,Command,MoveBack
1442519251701,MCOrientationChange,Portrait
1442519253124,MCOrientationChange,Portrait
1442519254720,Command,CamDown
1442519255174,Command,CamRight
1442519255664,Command,CamRight
1442519255779,MCOrientationChange,Portrait
1442519256375,MCOrientationChange,Portrait
1442519256516,Command,CamRight
1442519258183,Command,CamRight
1442519258454,MCOrientationChange,Portrait
1442519258845,MCOrientationChange,Portrait
1442519260720,Command,CamRight
1442519261042,Command,CamRight
1442519261390,Command,CamRight
1442519261417,MCOrientationChange,Portrait
1442519261783,MCOrientationChange,Portrait
1442519262073,Command,CamRight
1442519262364,Command,CamRight
1442519262788,Command,CamRight
1442519263415,Command,CamDown
1442519263746,Command,CamDown
1442519264561,Command,CamLeft
1442519264982,Command,CamLeft
1442519265399,Command,CamLeft
1442519265725,Command,CamLeft
1442519265982,MCOrientationChange,Portrait
1442519266420,MCOrientationChange,Portrait
1442519266529,Command,CamUp
1442519266768,Command,CamUp
1442519267050,Command,CamUp
1442519268002,Command,CamRight
1442519268349,Command,CamRight
1442519268619,Command,CamRight
1442519268895,Command,CamRight
1442519269199,Command,CamRight
1442519269281,MCOrientationChange,Portrait
1442519269570,Command,CamRight
1442519269634,MCOrientationChange,Portrait
1442519269740,Command,CamRight
1442519270063,Command,CamRight
1442519270373,Command,CamRight
1442519270615,Command,CamRight
1442519270952,Command,CamRight
1442519271275,Command,CamRight
1442519271684,Command,CamRight
1442519272091,Command,CamRight
1442519272524,Command,CamDown
1442519273181,Command,CamDown
1442519274099,Command,CamUp
1442519279960,Command,CamUp
1442519280244,Command,CamUp
1442519280657,Command,CamUp
1442519281317,Command,CamDown
1442519281696,Command,CamDown
1442519282608,MCOrientationChange,Portrait
1442519286210,MCOrientationChange,Portrait
1442519287699,Command,CamUp
1442519287977,Command,CamUp
1442519288091,MCOrientationChange,Portrait
1442519288307,Command,CamUp
1442519288743,Command,CamDown
1442519288826,MCOrientationChange,Portrait
1442519289000,Command,CamDown
1442519289306,Command,CamDown
1442519289841,Command,CamDown
1442519295484,Command,CamUp
1442519302792,Command,CamLeft
1442519303455,Command,CamLeft
1442519303872,MCOrientationChange,Portrait
1442519303966,MCOrientationChange,Portrait
1442519313238,MCTabToggle,VideoChatView
1442519335102,Command,CamUp
1442519336811,Command,CamDown
1442519339074,Command,CamUp
1442519339882,Command,CamRight
1442519340542,Command,CamRight
1442519341295,Command,CamDown
1442519345130,Command,CamUp
1442519346739,Command,CamDown
1442519349632,Command,CamRight
1442519350598,Command,CamRight
1442519351118,Command,CamRight
1442519352008,Command,CamRight
1442519354058,Command,CamRight
1442519356359,Command,CamUp
1442519356949,Command,CamRight
1442519357574,Command,CamRight
1442519358224,Command,CamRight
1442519358886,Command,CamRight
1442519359493,Command,CamRight
1442519360243,Command,CamRight
1442519361578,Command,CamRight
1442519362659,Command,CamUp
1442519364211,Command,CamDown
1442519370203,Command,CamUp
1442519371146,Command,CamDown
1442519372691,Command,CamLeft
1442519373496,Command,CamLeft
1442519374162,Command,CamLeft
1442519379065,Command,CamDown
1442519380268,Command,CamUp
1442519388451,Command,CamDown
1442519391219,MCOrientationChange,Portrait
1442519391693,MCOrientationChange,Portrait
1442519397984,Command,CamUp
1442519398565,Command,CamDown
1442519398836,Command,CamDown
1442519399116,Command,CamDown
1442519399447,Command,CamDown
1442519399739,Command,CamDown
1442519400613,Command,CamDown
1442519401014,Command,CamDown
1442519401572,Command,CamLeft
1442519402509,Command,CamLeft
1442519403327,Command,CamLeft
1442519404405,Command,CamUp
1442519407678,MCOrientationChange,Portrait
1442519407924,MCOrientationChange,Portrait
1442519411265,Command,CamLeft
1442519413342,Command,CamRight
1442519413828,Command,CamRight
1442519416120,Command,CamRight
1442519416918,Command,CamUp
1442519423021,Command,CamUp
1442519424027,Command,CamLeft
1442519424440,Command,CamLeft
1442519425447,Command,CamDown
1442519427096,Command,CamUp
1442519428675,MCOrientationChange,Portrait
1442519428769,MCOrientationChange,Portrait
1442519431683,Command,CamDown
1442519433363,Command,CamUp
1442519434769,Command,CamRight
1442519438542,Command,CamRight
1442519439735,MCOrientationChange,Portrait
1442519439874,Command,CamLeft
1442519440251,MCOrientationChange,Portrait
1442519440639,Command,CamLeft
1442519441620,MCOrientationChange,Portrait
1442519442037,Command,CamLeft
1442519442967,Command,CamRight
1442519443833,Command,CamRight
1442519444844,Command,CamDown
1442519445065,MCOrientationChange,Portrait
1442519445561,Command,CamDown
1442519446204,Command,CamDown
1442519446966,Command,CamUp
1442519447371,Command,CamRight
1442519447875,Command,CamRight
1442519448385,Command,CamRight
1442519450413,MCOrientationChange,Portrait
1442519452881,MCOrientationChange,Portrait
1442519453276,MCOrientationChange,Portrait
1442519454412,MCOrientationChange,Portrait
1442519454642,MCOrientationChange,Portrait
1442519457476,MCOrientationChange,Portrait
1442519457683,MCOrientationChange,Portrait
1442519458388,MCOrientationChange,Portrait
1442519459617,MCOrientationChange,Portrait
1442519459917,MCOrientationChange,Portrait
1442519460124,Command,CamRight
1442519461200,Command,CamLeft
1442519463766,Command,CamRight
1442519465102,Command,CamUp
1442519465545,Command,CamRight
1442519465749,MCOrientationChange,Portrait
1442519466255,Command,CamRight
1442519467035,Command,CamRight
1442519467137,MCOrientationChange,Portrait
1442519470692,MCOrientationChange,Portrait
1442519471269,MCOrientationChange,Portrait
1442519471947,Command,CamUp
1442519472351,MCTabToggle,DroneVideoView
1442519472352,MCOrientationChange,Portrait
1442519474403,Command,CamUp
1442519474905,MCOrientationChange,Portrait
1442519475783,Command,CamLeft
1442519476670,MCOrientationChange,Portrait
1442519476704,MCTabToggle,StatusesView
1442519477329,Command,CamLeft
1442519478069,MCTabToggle,DroneVideoView
1442519478389,Command,CamLeft
1442519478568,MCOrientationChange,Portrait
1442519479627,Command,CamUp
1442519479978,MCOrientationChange,Portrait
1442519480937,Command,CamDown
1442519482204,MCOrientationChange,Portrait
1442519482692,MCOrientationChange,Portrait
1442519485012,MCOrientationChange,Portrait
1442519485537,MCOrientationChange,Portrait
1442519487464,MCOrientationChange,Portrait
1442519489120,MCOrientationChange,Portrait
1442519489249,MCOrientationChange,Portrait
1442519489627,Command,CamLeft
1442519490149,Command,CamLeft
1442519490199,MCOrientationChange,Portrait
1442519490312,MCOrientationChange,Portrait
1442519490704,MCOrientationChange,Portrait
1442519490877,Command,CamLeft
1442519490973,MCOrientationChange,Portrait
1442519491931,MCOrientationChange,Portrait
1442519492297,MCOrientationChange,Portrait
1442519492863,MCOrientationChange,Portrait
1442519493209,MCOrientationChange,Portrait
1442519493645,Command,CamRight
1442519494735,MCOrientationChange,Portrait
1442519495525,MCOrientationChange,Portrait
1442519495579,Command,MoveForward
1442519496070,MCOrientationChange,Portrait
1442519496172,MCOrientationChange,Portrait
1442519496391,MCOrientationChange,Portrait
1442519496572,Command,CamRight
1442519497184,Command,MoveBack
1442519497655,MCOrientationChange,Portrait
1442519498966,Command,CamRight
1442519500742,Command,CamDown
1442519503906,Command,CamUp
1442519511788,Command,CamLeft
1442519513878,Command,CamLeft
1442519514429,Command,CamLeft
1442519525426,MCOrientationChange,Portrait
1442519526411,MCOrientationChange,Portrait
1442519528529,MCOrientationChange,Portrait
1442519530195,MCOrientationChange,Portrait
1442519532455,Command,CamDown
1442519533026,Command,CamDown
1442519533572,Command,CamDown
1442519535388,Command,CamRight
1442519537241,Command,CamRight
1442519538239,Command,CamRight
1442519538362,MCOrientationChange,Portrait
1442519540052,Command,CamRight
1442519541064,Command,CamLeft
1442519541449,Command,CamLeft
1442519542257,Command,CamUp
1442519542682,Command,CamUp
1442519544302,Command,CamRight
1442519544769,Command,CamRight
1442519545287,MCOrientationChange,Portrait
1442519545574,MCOrientationChange,Portrait
1442519546567,MCOrientationChange,Portrait
1442519546878,MCOrientationChange,Portrait
1442519546953,Command,CamRight
1442519547032,MCOrientationChange,Portrait
1442519548355,Command,CamLeft
1442519548978,Command,CamRight
1442519549280,Command,CamRight
1442519549625,MCOrientationChange,Portrait
1442519549749,MCOrientationChange,Portrait
1442519549907,Command,CamLeft
1442519550381,Command,CamLeft
1442519550620,Command,CamLeft
1442519550853,Command,CamLeft
1442519551175,Command,CamLeft
1442519551852,Command,CamUp
1442519553184,Command,CamDown
1442519554820,MCOrientationChange,Portrait
1442519555421,MCOrientationChange,Portrait
1442519576070,MCOrientationChange,Portrait
1442519576328,MCOrientationChange,Portrait
1442519577170,Command,CamLeft
1442519577281,MCOrientationChange,Portrait
1442519577830,Command,CamLeft
1442519579389,MCOrientationChange,Portrait
1442519579735,Command,CamLeft
1442519582218,MCOrientationChange,Portrait
1442519582911,MCOrientationChange,Portrait
1442519583091,MCOrientationChange,Portrait
1442519583172,Command,CamLeft
1442519583706,MCOrientationChange,Portrait
1442519584859,MCOrientationChange,Portrait
1442519584928,MCOrientationChange,Portrait
1442519586225,MCOrientationChange,Portrait
1442519586319,MCOrientationChange,Portrait
1442519587032,Command,CamRight
1442519589913,MCOrientationChange,Portrait
1442519589996,MCOrientationChange,Portrait
1442519591086,MCOrientationChange,Portrait
1442519593605,Command,MoveForward
1442519594769,Command,MoveBack
1442519595092,MCOrientationChange,Portrait
1442519595232,Command,CamRight
1442519595395,MCOrientationChange,Portrait
1442519596348,Command,CamLeft
1442519596888,Command,CamLeft
1442519597294,Command,CamLeft
1442519597886,Command,CamLeft
1442519598071,MCOrientationChange,Portrait
1442519598282,MCOrientationChange,Portrait
1442519598610,Command,CamLeft
1442519599072,Command,CamLeft
1442519600282,Command,CamLeft
1442519600540,MCOrientationChange,Portrait
1442519601211,Command,CamLeft
1442519601396,MCOrientationChange,Portrait
1442519602092,Command,CamLeft
1442519602551,Command,CamRight
1442519603326,Command,CamRight
1442519604250,Command,CamLeft
1442519605997,MCOrientationChange,Portrait
1442519606090,MCOrientationChange,Portrait
1442519606187,Command,CamRight
1442519606579,Command,CamRight
1442519606836,MCOrientationChange,Portrait
1442519607039,Command,CamRight
1442519607977,Command,CamUp
1442519610184,Command,CamUp
1442519611329,Command,CamDown
1442519611751,Command,CamDown
1442519612951,Command,CamUp
1442519613980,Command,CamDown
1442519615975,Command,CamRight
1442519617363,Command,CamRight
1442519619700,Command,CamRight
1442519622387,Command,CamRight
1442519622699,Command,CamRight
1442519623024,Command,CamRight
1442519623376,Command,CamRight
1442519623839,Command,CamRight
1442519624532,Command,CamRight
1442519625200,Command,CamRight
1442519635053,MCOrientationChange,Portrait
1442519635744,MCOrientationChange,Portrait
1442519636917,MCOrientationChange,Portrait
1442519637513,MCOrientationChange,Portrait
1442519642174,Command,CamRight
1442519643745,Command,CamLeft
1442519644284,Command,CamLeft
1442519644770,MCOrientationChange,Portrait
1442519644875,Command,CamLeft
1442519645034,MCOrientationChange,Portrait
1442519645608,Command,CamLeft
1442519646606,Command,CamLeft
1442519647473,Command,CamDown
1442519647890,Command,CamDown
1442519648441,Command,CamRight
1442519649304,Command,CamRight
1442519649867,Command,CamUp
1442519649937,MCOrientationChange,Portrait
1442519650271,MCOrientationChange,Portrait
1442519650836,Command,CamRight
1442519652413,Command,CamUp
1442519653675,Command,CamDown
1442519654395,Command,CamUp
1442519657326,Command,CamUp
1442519657914,Command,CamRight
1442519658388,Command,CamRight
1442519658929,Command,CamLeft
1442519659783,Command,CamLeft
1442519659900,MCOrientationChange,Portrait
1442519659946,MCOrientationChange,Portrait
1442519660510,Command,CamRight
1442519661078,MCOrientationChange,Portrait
1442519661151,MCOrientationChange,Portrait
1442519661323,Command,CamRight
1442519662696,MCOrientationChange,Portrait
1442519664332,Command,CamUp
1442519664872,MCOrientationChange,Portrait
1442519664980,Command,CamLeft
1442519665898,Command,CamLeft
1442519666280,MCOrientationChange,Portrait
1442519666283,MCOrientationChange,Portrait
1442519666386,MCOrientationChange,Portrait
1442519666786,Command,CamLeft
1442519666866,MCOrientationChange,Portrait
1442519667137,Command,CamDown
1442519668154,Command,CamUp
1442519668888,MCOrientationChange,Portrait
1442519669163,Command,CamDown
1442519669299,MCOrientationChange,Portrait
1442519672475,MCOrientationChange,Portrait
1442519672914,MCOrientationChange,Portrait
1442519676874,Command,CamRight
1442519676966,MCOrientationChange,Portrait
1442519677474,Command,CamRight
1442519678501,MCOrientationChange,Portrait
1442519678854,Command,CamDown
1442519680718,Command,CamLeft
1442519681126,Command,CamLeft
1442519681527,Command,CamLeft
1442519681936,Command,CamLeft
1442519682285,Command,CamLeft
1442519682582,Command,CamLeft
1442519682846,Command,CamLeft
1442519683130,Command,CamLeft
1442519683517,Command,CamLeft
1442519683909,Command,CamLeft
1442519684233,Command,CamLeft
1442519684553,Command,CamLeft
1442519685096,Command,CamLeft
1442519685259,Command,CamLeft
1442519685437,Command,CamLeft
1442519685665,Command,CamLeft
1442519686026,Command,CamLeft
1442519686801,Command,CamLeft
1442519687274,Command,CamLeft
1442519687825,Command,CamLeft
1442519688557,Command,CamLeft
1442519689395,Command,CamDown
1442519697603,Command,MoveBack
1442519698233,Command,CamRight
1442519698483,Command,MoveForward
1442519699942,MCOrientationChange,Portrait
1442519700374,MCOrientationChange,Portrait
1442519705458,MCOrientationChange,Portrait
1442519706178,MCOrientationChange,Portrait
1442519709945,Command,CamLeft
1442519710384,Command,CamLeft
1442519710826,Command,CamLeft
1442519711295,Command,CamLeft
1442519711760,Command,CamLeft
1442519712384,Command,CamUp
1442519713194,Command,CamUp
1442519713626,Command,CamUp
1442519714441,Command,CamUp
1442519715225,Command,CamUp
1442519718711,Command,CamUp
1442519719132,Command,CamDown
1442519719429,Command,CamDown
1442519719867,Command,CamDown
1442519720318,Command,CamDown
1442519720722,Command,CamDown
1442519721536,Command,CamDown
1442519722173,Command,CamDown
1442519722928,Command,CamDown
1442519723404,Command,CamDown
1442519723948,Command,CamDown
1442519725224,Command,CamRight
1442519726271,Command,CamLeft
1442519726658,Command,CamLeft
1442519727081,Command,CamLeft
1442519727417,Command,CamLeft
1442519727933,Command,CamLeft
1442519728743,Command,CamLeft
1442519729348,Command,CamLeft
1442519730561,Command,CamUp
1442519730804,Command,CamUp
1442519731257,Command,CamUp
1442519731961,Command,CamLeft
1442519732580,Command,CamLeft
1442519732777,MCTabToggle,StatusesView
1442519732976,Command,CamLeft
1442519733800,Command,CamUp
1442519734220,Command,CamUp
1442519734330,MCOrientationChange,Portrait
1442519734855,MCOrientationChange,Portrait
1442519735161,Command,CamRight
1442519736023,Command,CamRight
1442519737095,Command,CamRight
1442519737761,Command,CamRight
1442519738499,Command,CamUp
1442519739307,Command,CamRight
1442519739376,MCOrientationChange,Portrait
1442519741697,MCTabToggle,DroneVideoView
1442519742528,MCOrientationChange,Portrait
1442519742721,MCOrientationChange,Portrait
1442519742740,MCOrientationChange,Portrait
1442519743370,MCOrientationChange,Portrait
1442519743795,Command,CamDown
1442519744352,Command,CamDown
1442519745532,Command,CamDown
1442519747249,MCOrientationChange,Portrait
1442519750488,MCOrientationChange,Portrait
1442519751147,Command,CamLeft
1442519751961,Command,CamLeft
1442519751985,MCOrientationChange,Portrait
1442519752473,MCOrientationChange,Portrait
1442519752849,MCOrientationChange,Portrait
1442519754250,Command,CamLeft
1442519754898,MCOrientationChange,Portrait
1442519756046,Command,CamLeft
1442519756581,Command,CamLeft
1442519757524,MCOrientationChange,Portrait
1442519757586,Command,CamLeft
1442519758072,MCOrientationChange,Portrait
1442519759339,MCOrientationChange,Portrait
1442519759772,Command,CamUp
1442519760345,MCOrientationChange,Portrait
1442519762241,MCOrientationChange,Portrait
1442519762330,MCOrientationChange,Portrait
1442519762634,MCOrientationChange,Portrait
1442519763189,MCOrientationChange,Portrait
1442519763592,MCOrientationChange,Portrait
1442519764420,MCOrientationChange,Portrait
1442519764595,MCOrientationChange,Portrait
1442519764831,Command,CamUp
1442519765201,Command,CamRight
1442519766226,Command,CamRight
1442519768052,Command,CamRight
1442519768796,MCOrientationChange,Portrait
1442519768798,Command,CamUp
1442519769157,MCOrientationChange,Portrait
1442519770552,Command,CamRight
1442519771279,Command,CamDown
1442519772164,MCOrientationChange,Portrait
1442519772860,MCOrientationChange,Portrait
1442519773471,Command,CamDown
1442519774196,Command,CamDown
1442519775241,Command,CamDown
1442519775806,Command,CamDown
1442519781397,MCOrientationChange,Portrait
1442519782736,Command,CamDown
1442519783117,MCOrientationChange,Portrait
1442519783550,Command,CamRight
1442519783939,MCOrientationChange,Portrait
1442519784385,Command,CamRight
1442519785624,Command,CamLeft
1442519786089,MCOrientationChange,Portrait
1442519787280,Command,CamLeft
1442519788282,Command,CamLeft
1442519789174,Command,CamLeft
1442519790859,Command,CamRight
1442519792048,Command,CamRight
1442519793042,Command,CamRight
1442519794127,Command,CamUp
1442519794950,Command,CamUp
1442519796068,Command,CamUp
1442519796960,MCOrientationChange,Portrait
1442519797475,Command,CamUp
1442519798056,Command,CamUp
1442519798693,Command,CamRight
1442519799519,Command,CamRight
1442519800674,Command,CamRight
1442519802109,Command,CamRight
1442519802619,Command,CamRight
1442519803247,Command,CamRight
1442519804006,Command,CamRight
1442519804711,Command,CamRight
1442519805504,Command,CamRight
1442519806229,Command,CamRight
1442519806701,Command,CamRight
1442519807427,Command,CamRight
1442519808119,Command,CamRight
1442519808572,Command,CamRight
1442519809108,Command,CamRight
1442519810864,Command,CamUp
1442519811612,Command,CamUp
1442519812612,Command,CamUp
1442519814755,Command,CamUp
1442519815533,Command,CamUp
1442519816107,Command,CamDown
1442519816771,Command,CamDown
1442519817231,Command,CamDown
1442519817758,Command,CamDown
1442519818329,Command,CamDown
1442519819245,Command,CamDown
1442519819744,Command,CamDown
1442519820107,Command,CamDown
1442519820449,Command,CamDown
1442519821630,Command,CamDown
1442519822233,Command,CamDown
1442519822840,Command,CamDown
1442519823390,Command,CamDown
1442519823909,Command,CamDown
1442519824392,Command,CamDown
1442519824862,Command,CamDown
1442519826784,Command,CamUp
1442519827466,Command,CamUp
1442519828696,Command,CamUp
1442519829572,Command,CamUp
1442519831480,Command,CamUp
1442519833210,Command,CamUp
1442519834151,Command,CamUp
1442519836241,Command,CamLeft
1442519841441,Command,CamDown
1442519842070,Command,CamDown
1442519842979,Command,CamDown
1442519844413,Command,CamDown
1442519846253,Command,CamDown
1442519848671,Command,CamDown
1442519856660,Command,CamUp
1442519857304,Command,CamUp
1442519860015,Command,CamUp
1442519860700,Command,CamUp
1442519862172,Command,CamUp
1442519862909,Command,CamLeft
1442519864495,Command,CamUp
1442519871064,Command,CamDown
1442519871855,Command,CamDown
1442519873471,Command,CamDown
1442519874614,Command,CamDown
1442519875853,Command,CamDown
1442519876605,Command,CamDown
1442519877629,Command,CamDown
1442519879080,Command,CamDown
1442519879600,Command,CamDown
1442519880793,Command,CamDown
1442519884028,Command,CamRight
1442519888807,Command,CamUp
1442519889321,Command,CamUp
1442519892237,Command,CamUp
1442519893204,Command,CamUp
1442519894733,Command,CamUp
1442519895278,Command,CamUp
1442519895724,Command,CamUp
1442519896825,Command,CamLeft
1442519897526,Command,CamLeft
1442519899274,Command,CamLeft
1442519900395,Command,CamLeft
1442519901758,Command,CamLeft
1442519902023,Command,CamLeft
1442519902821,Command,CamLeft
1442519904156,Command,CamLeft
1442519905619,Command,CamUp
1442519906164,Command,CamDown
1442519906625,Command,CamDown
1442519907469,Command,CamDown
1442519908407,Command,CamDown
1442519909850,Command,CamDown
1442519910903,Command,CamDown
1442519910995,Command,MoveUp
1442519911910,Command,MoveUp
1442519912399,Command,MoveDown
1442519912878,Command,MoveUp
1442519913550,Command,MoveForward
1442519915022,Command,MoveForward
1442519915616,Command,MoveForward
1442519916152,Command,MoveBack
1442519917249,Command,MoveBack
1442519920822,Command,MoveUp
1442519921625,Command,MoveUp
1442519923206,Command,MoveUp
1442519923926,Command,MoveUp
1442519925700,Command,MoveForward
1442519974682,MCOrientationChange,Portrait
1442519974862,MCOrientationChange,Portrait
1442519984984,MCOrientationChange,Portrait
1442519994929,MCOrientationChange,Portrait
1442519996365,MCOrientationChange,Portrait
1442519998046,MCOrientationChange,Portrait
1442519999936,MCTabToggle,VideoChatView
1442520002704,MCCameraSwap,Front
1442520014701,TaskEnd,2
1442520364137,MCTabToggle,Disconnected
1442520370626,MCTabToggle,VideoChatView
1442520374238,MCOrientationChange,Portrait
1442520380243,MCCameraSwap,Front
1442520383712,MCOrientationChange,Portrait
1442520384198,MCOrientationChange,Landscape
1442520397937,MCTabToggle,StatusesView
1442520399195,MCTabToggle,VideoChatView
1442520409339,MCOrientationChange,Landscape
1442520412149,MCOrientationChange,Landscape
1442520412913,MCOrientationChange,Landscape
1442520413430,MCOrientationChange,Portrait
1442520421817,MCOrientationChange,Landscape
1442520422185,MCOrientationChange,Landscape
1442520424575,MCOrientationChange,Landscape
1442520436416,MCOrientationChange,Portrait
1442520437306,MCOrientationChange,Portrait
1442520437685,MCOrientationChange,Portrait
1442520459105,MCOrientationChange,Landscape
1442520472547,MCOrientationChange,Landscape
1442520472701,MCOrientationChange,Landscape
1442520529286,MCOrientationChange,Landscape
1442520529457,MCOrientationChange,Landscape
1442520531096,MCOrientationChange,Landscape
1442520563517,MCOrientationChange,Landscape
1442520603647,MCOrientationChange,Landscape
1442520605474,MCOrientationChange,Landscape
1442520608857,MCOrientationChange,Landscape
1442520609220,MCOrientationChange,Landscape
1442520618857,MCOrientationChange,Landscape
1442520619810,MCOrientationChange,Landscape
1442520968654,MCTabToggle,StatusesView
1442520971110,MCTabToggle,Disconnected
