1442588397901,MCOrientationChange,Portrait
1442588398481,MCTabToggle,VideoChatView
1442588409890,MCCameraSwap,Front
1442588410986,MCVideoChatSwapMainViews,Local
1442588411850,MCVideoChatSwapMainViews,Remote
1442588412221,MCOrientationChange,Portrait
1442588413080,MCOrientationChange,Landscape
1442588446090,MCTabToggle,DroneVideoView
1442588448250,MCTabToggle,VideoChatView
1442588617781,MCOrientationChange,Landscape
1442588633409,MCOrientationChange,Landscape
1442588638221,MCOrientationChange,Landscape
1442588639669,MCOrientationChange,Landscape
1442588655616,MCTabToggle,DroneVideoView
1442588661552,Command,CamRight
1442588662516,Command,CamRight
1442588673633,Command,CamRight
1442588673741,Command,CamRight
1442588674937,Command,CamUp
1442588675115,Command,CamUp
1442588676418,Command,CamLeft
1442588676584,Command,CamLeft
1442588676730,Command,CamLeft
1442588677753,Command,CamLeft
1442588681194,Command,CamUp
1442588682135,Command,CamUp
1442588682316,Command,CamUp
1442588683260,Command,CamLeft
1442588683785,Command,CamLeft
1442588683824,Command,CamLeft
1442588683921,Command,CamLeft
1442588683998,Command,CamLeft
1442588684095,Command,CamLeft
1442588684186,Command,CamLeft
1442588684250,Command,CamLeft
1442588684335,Command,CamLeft
1442588684409,Command,CamLeft
1442588684493,Command,CamLeft
1442588684590,Command,CamLeft
1442588684670,Command,CamLeft
1442588685415,Command,CamLeft
1442588685673,Command,CamLeft
1442588685857,Command,CamLeft
1442588687017,Command,CamRight
1442588687312,Command,CamRight
1442588688070,Command,CamRight
1442588688590,Command,CamRight
1442588688676,Command,CamRight
1442588688752,Command,CamRight
1442588688836,Command,CamRight
1442588690143,Command,CamRight
1442588690335,Command,CamRight
1442588690512,Command,CamRight
1442588690705,Command,CamRight
1442588691186,Command,CamDown
1442588691668,Command,CamDown
1442588691906,Command,CamDown
1442588691987,Command,CamDown
1442588692065,Command,CamDown
1442588692098,Command,CamDown
1442588692138,Command,CamDown
1442588692184,Command,CamDown
1442588692258,Command,CamDown
1442588692391,Command,CamDown
1442588694375,Command,CamUp
1442588694618,Command,CamUp
1442588694750,Command,CamUp
1442588694913,Command,CamUp
1442588695308,Command,CamUp
1442588695470,Command,CamUp
1442588695632,Command,CamUp
1442588698259,Command,CamDown
1442588698494,Command,CamDown
1442588721741,MCOrientationChange,Landscape
1442588722161,MCOrientationChange,Landscape
1442588723940,MCOrientationChange,Landscape
1442588723968,MCOrientationChange,Landscape
1442588726721,MCTabToggle,VideoChatView
1442588730740,MCOrientationChange,Landscape
1442588750429,MCOrientationChange,Landscape
1442588768390,MCTabToggle,StatusesView
1442588772224,MCTabToggle,DroneVideoView
1442588773393,MCTabToggle,VideoChatView
1442588778073,MCOrientationChange,Landscape
1442588788230,MCOrientationChange,Landscape
1442588836673,MCTabToggle,DroneVideoView
1442588846617,MCTabToggle,VideoChatView
1442588849563,MCOrientationChange,Landscape
1442588849725,MCOrientationChange,Landscape
1442588853859,MCOrientationChange,Landscape
1442588854653,MCOrientationChange,Portrait
1442588860301,MCTabToggle,DroneVideoView
1442588862497,MCTabToggle,StatusesView
1442588865720,MCTabToggle,VideoChatView
1442588871504,MCVideoChatSwapMainViews,Local
1442588874957,MCCameraSwap,Back
1442588894218,MCOrientationChange,Portrait
1442588895001,MCOrientationChange,Portrait
1442588895937,MCCameraSwap,Front
1442588897667,MCOrientationChange,Landscape
1442588960331,MCOrientationChange,Landscape
1442588981813,MCOrientationChange,Landscape
1442588982669,MCOrientationChange,Landscape
1442588984617,MCOrientationChange,Landscape
1442588984879,MCOrientationChange,Landscape
1442588985769,MCOrientationChange,Landscape
1442588992121,MCOrientationChange,Landscape
1442588992884,MCTabToggle,StatusesView
1442588994128,MCOrientationChange,Landscape
1442588996677,MCOrientationChange,Landscape
1442588997421,MCTabToggle,VideoChatView
1442589003609,MCOrientationChange,Landscape
1442589003881,MCOrientationChange,Landscape
1442589005696,MCOrientationChange,Landscape
1442589006289,MCCameraSwap,Back
1442589006725,MCOrientationChange,Landscape
1442589008920,MCOrientationChange,Portrait
1442589035460,MCOrientationChange,Portrait
1442589035646,MCOrientationChange,Portrait
1442589038357,MCOrientationChange,Landscape
1442589043249,MCOrientationChange,Portrait
1442589044941,MCCameraSwap,Front
1442589048309,MCOrientationChange,Landscape
1442589079402,MCTabToggle,StatusesView
1442589080310,MCTabToggle,VideoChatView
1442589090829,MCOrientationChange,Portrait
1442589091769,MCCameraSwap,Back
1442589100230,MCOrientationChange,Portrait
1442589110196,MCOrientationChange,Portrait
1442589112502,MCOrientationChange,Portrait
1442589114860,MCOrientationChange,Portrait
1442589114917,MCOrientationChange,Portrait
1442589116197,MCOrientationChange,Portrait
1442589174262,TaskBegin,0
1442589197470,Command,CamRight
1442589197979,Command,CamRight
1442589198056,Command,CamRight
1442589198199,Command,CamRight
1442589198230,Command,CamRight
1442589198323,Command,CamRight
1442589199614,Command,CamRight
1442589199862,Command,CamRight
1442589200167,Command,CamRight
1442589200670,Command,CamRight
1442589200754,Command,CamRight
1442589200835,Command,CamRight
1442589200936,Command,CamRight
1442589201035,Command,CamRight
1442589201087,Command,CamRight
1442589201185,Command,CamRight
1442589201294,Command,CamRight
1442589201338,Command,CamRight
1442589201431,Command,CamRight
1442589201565,Command,CamRight
1442589201617,Command,CamRight
1442589201683,Command,CamRight
1442589201768,Command,CamRight
1442589201845,Command,CamRight
1442589201927,Command,CamRight
1442589202012,Command,CamRight
1442589202775,Command,CamRight
1442589203276,Command,CamRight
1442589203358,Command,CamRight
1442589203444,Command,CamRight
1442589203526,Command,CamRight
1442589203614,Command,CamRight
1442589203738,Command,CamRight
1442589203812,Command,CamRight
1442589203889,Command,CamRight
1442589203946,Command,CamRight
1442589204033,Command,CamRight
1442589204282,Command,CamLeft
1442589205021,Command,CamLeft
1442589205231,Command,CamLeft
1442589205712,Command,CamLeft
1442589205789,Command,CamLeft
1442589205926,Command,CamLeft
1442589205985,Command,CamLeft
1442589206166,Command,CamLeft
1442589207312,Command,CamLeft
1442589207884,Command,CamLeft
1442589208861,Command,CamUp
1442589209108,Command,CamUp
1442589209462,Command,CamUp
1442589210096,Command,CamDown
1442589210333,Command,CamDown
1442589210616,Command,CamDown
1442589210836,Command,CamDown
1442589211812,Command,CamRight
1442589224451,MCCameraSwap,Front
1442589242976,Command,MoveUp
1442589243644,Command,MoveUp
1442589244432,Command,MoveUp
1442589244765,Command,MoveUp
1442589244856,Command,MoveUp
1442589245132,Command,MoveUp
1442589245624,Command,MoveUp
1442589245891,Command,MoveUp
1442589246169,Command,MoveUp
1442589247635,Command,MoveUp
1442589248251,Command,MoveUp
1442589248494,Command,MoveUp
1442589248783,Command,MoveUp
1442589248912,Command,MoveUp
1442589249149,Command,MoveUp
1442589271057,Command,CamRight
1442589271259,Command,CamRight
1442589271472,Command,CamRight
1442589272824,Command,CamRight
1442589273820,Command,CamRight
1442589274697,Command,CamRight
1442589275554,Command,CamRight
1442589279836,Command,CamLeft
1442589281252,Command,CamLeft
1442589281751,Command,CamLeft
1442589282538,Command,CamLeft
1442589283504,Command,CamLeft
1442589284179,Command,CamLeft
1442589284695,Command,CamLeft
1442589285065,Command,CamLeft
1442589285909,Command,CamLeft
1442589288922,Command,MoveDown
1442589289467,Command,MoveDown
1442589290156,Command,MoveDown
1442589290737,Command,MoveDown
1442589290978,Command,MoveDown
1442589291200,Command,MoveDown
1442589291407,Command,MoveDown
1442589291599,Command,MoveDown
1442589292345,Command,MoveDown
1442589292706,Command,MoveDown
1442589292993,Command,MoveDown
1442589293301,Command,MoveDown
1442589302090,MCTabToggle,StatusesView
1442589308264,MCTabToggle,DroneVideoView
1442589322722,Command,CamUp
1442589322994,Command,CamUp
1442589324787,Command,CamDown
1442589325483,Command,CamDown
1442589342189,MCTabToggle,VideoChatView
1442589416101,Command,CamRight
1442589416991,Command,CamRight
1442589417560,Command,CamRight
1442589418026,Command,CamRight
1442589419270,Command,CamRight
1442589430774,Command,CamDown
1442589436128,Command,CamRight
1442589437223,Command,CamRight
1442589438662,Command,CamRight
1442589440655,Command,CamRight
1442589443829,Command,CamRight
1442589446472,Command,CamLeft
1442589447345,Command,CamLeft
1442589448257,Command,CamLeft
1442589449416,Command,CamLeft
1442589450471,Command,CamLeft
1442589452151,Command,CamLeft
1442589454266,Command,CamLeft
1442589455293,Command,CamLeft
1442589456150,MCCameraSwap,Back
1442589456408,Command,CamLeft
1442589459026,Command,CamLeft
1442589460528,Command,CamLeft
1442589468861,MCTabToggle,DroneVideoView
1442589480167,Command,CamDown
1442589480642,Command,CamDown
1442589481104,Command,CamDown
1442589484903,Command,MoveUp
1442589485467,Command,MoveUp
1442589486064,Command,MoveUp
1442589486678,Command,MoveUp
1442589488973,Command,MoveUp
1442589489994,Command,MoveUp
1442589494409,Command,MoveUp
1442589509627,Command,CamRight
1442589510320,Command,CamRight
1442589510680,Command,CamRight
1442589511958,Command,CamRight
1442589516128,Command,CamUp
1442589516989,Command,CamRight
1442589517261,Command,CamRight
1442589518332,Command,CamRight
1442589519214,Command,CamUp
1442589527050,Command,CamUp
1442589528433,Command,CamRight
1442589529208,Command,CamRight
1442589530222,Command,CamRight
1442589533386,Command,CamLeft
1442589534123,Command,CamLeft
1442589534979,Command,CamLeft
1442589535744,Command,CamLeft
1442589536388,Command,CamLeft
1442589536981,Command,CamLeft
1442589537629,Command,CamLeft
1442589538474,Command,CamLeft
1442589538853,MCTabToggle,VideoChatView
1442589541321,MCCameraSwap,Front
1442589567845,Command,CamDown
1442589568344,Command,CamDown
1442589568428,Command,CamDown
1442589568517,Command,CamDown
1442589568594,Command,CamDown
1442589568678,Command,CamDown
1442589568790,Command,CamDown
1442589568973,Command,CamDown
1442589569120,Command,CamDown
1442589569195,Command,CamDown
1442589569844,Command,CamDown
1442589570873,Command,CamDown
1442589572001,Command,CamDown
1442589575448,Command,MoveBack
1442589576343,Command,MoveBack
1442589577256,Command,MoveBack
1442589578703,Command,MoveBack
1442589580066,Command,MoveBack
1442589599970,MCOrientationChange,Portrait
1442589600777,MCOrientationChange,Portrait
1442589602161,MCOrientationChange,Portrait
1442589602924,MCOrientationChange,Portrait
1442589604849,MCOrientationChange,Portrait
1442589605937,MCOrientationChange,Portrait
1442589606380,MCOrientationChange,Portrait
1442589606619,MCOrientationChange,Portrait
1442589652557,Command,MoveDown
1442589652916,Command,MoveDown
1442589653451,Command,MoveDown
1442589653885,Command,MoveDown
1442589654458,Command,MoveDown
1442589655295,Command,MoveDown
1442589659016,Command,MoveForward
1442589659502,Command,MoveForward
1442589659985,Command,MoveForward
1442589660584,Command,MoveForward
1442589661203,Command,MoveForward
1442589661894,Command,MoveForward
1442589664078,MCTabToggle,DroneVideoView
1442589668601,Command,CamLeft
1442589670073,Command,CamLeft
1442589672037,Command,CamUp
1442589672269,Command,CamUp
1442589673247,Command,CamUp
1442589674762,Command,CamRight
1442589707092,MCTabToggle,VideoChatView
1442589713941,MCCameraSwap,Back
1442589750371,MCCameraSwap,Front
1442589861228,Command,CamUp
1442589861460,Command,CamUp
1442589861649,Command,CamUp
1442589861842,Command,CamUp
1442589863279,Command,CamDown
1442589864639,Command,CamRight
1442589864875,Command,CamRight
1442589865613,Command,CamRight
1442589865816,Command,CamRight
1442589866399,Command,CamRight
1442589866578,Command,CamRight
1442589867350,Command,CamRight
1442589868415,Command,CamRight
1442589869485,Command,CamRight
1442589870471,Command,CamRight
1442589871119,Command,CamRight
1442589871881,Command,CamLeft
1442589872139,Command,CamLeft
1442589872694,Command,CamLeft
1442589873014,Command,CamLeft
1442589873265,Command,CamLeft
1442589873467,Command,CamLeft
1442589873648,Command,CamLeft
1442589874550,Command,CamLeft
1442589876881,Command,CamRight
1442589877646,Command,CamRight
1442589878619,Command,CamRight
1442589879380,Command,CamRight
1442589929400,MCTabToggle,StatusesView
1442589930748,TaskEnd,0
1442590350964,MCTabToggle,VideoChatView
1442590351873,MCOrientationChange,Portrait
1442590352416,MCOrientationChange,Portrait
1442590358327,MCVideoChatSwapMainViews,Local
1442590369161,MCOrientationChange,Portrait
1442590371216,MCCameraSwap,Front
1442590374233,MCOrientationChange,Portrait
1442590374654,MCOrientationChange,Portrait
1442590375751,MCOrientationChange,Portrait
1442590375945,MCOrientationChange,Portrait
1442590376601,MCOrientationChange,Portrait
1442590382597,MCOrientationChange,Portrait
1442590385490,TaskBegin,1
1442590533463,MCOrientationChange,Landscape
1442590535705,MCOrientationChange,Portrait
1442590548986,MCOrientationChange,Landscape
1442590549833,MCOrientationChange,Portrait
1442590566482,Command,MoveUp
1442590566650,Command,MoveUp
1442590566826,Command,MoveUp
1442590566968,Command,MoveUp
1442590567132,Command,MoveUp
1442590567309,Command,MoveUp
1442590568088,Command,MoveUp
1442590568367,Command,MoveUp
1442590568587,Command,MoveUp
1442590568790,Command,MoveUp
1442590568936,Command,MoveUp
1442590569109,Command,MoveUp
1442590569272,Command,MoveUp
1442590569457,Command,MoveUp
1442590569704,Command,MoveUp
1442590569886,Command,MoveUp
1442590570170,Command,MoveUp
1442590571877,Command,MoveUp
1442590572252,Command,MoveUp
1442590572692,Command,MoveUp
1442590573018,Command,MoveUp
1442590573241,Command,MoveUp
1442590573378,Command,MoveUp
1442590573592,Command,MoveUp
1442590573807,Command,MoveUp
1442590574086,Command,MoveUp
1442590574293,Command,MoveUp
1442590574481,Command,MoveUp
1442590576980,Command,MoveDown
1442590577599,Command,MoveDown
1442590639636,MCTabToggle,DroneVideoView
1442590642313,MCOrientationChange,Portrait
1442590643365,MCOrientationChange,Portrait
1442590644326,MCOrientationChange,Portrait
1442590644836,MCOrientationChange,Portrait
1442590650607,Command,MoveDown
1442590651722,Command,MoveDown
1442590652031,Command,MoveDown
1442590652574,Command,MoveDown
1442590663802,Command,MoveDown
1442590665325,Command,MoveDown
1442590670385,MCOrientationChange,Portrait
1442590670786,MCOrientationChange,Portrait
1442590670916,MCOrientationChange,Portrait
1442590671340,MCOrientationChange,Portrait
1442590673175,MCTabToggle,VideoChatView
1442590713395,MCCameraSwap,Back
1442590774291,Command,MoveForward
1442590775844,Command,MoveForward
1442590776547,Command,MoveForward
1442590780569,MCOrientationChange,Portrait
1442590786748,MCOrientationChange,Portrait
1442590791342,MCCameraSwap,Front
1442590793577,MCOrientationChange,Portrait
1442590799413,MCOrientationChange,Portrait
1442590799993,MCOrientationChange,Portrait
1442590831676,MCOrientationChange,Portrait
1442590832043,MCOrientationChange,Portrait
1442590836831,MCOrientationChange,Portrait
1442590842240,MCCameraSwap,Back
1442590902363,Command,CamRight
1442590902549,Command,CamRight
1442590902954,Command,CamRight
1442590903163,Command,CamRight
1442590903354,Command,CamRight
1442590904212,Command,CamRight
1442590904730,Command,CamRight
1442590904930,Command,CamRight
1442590905458,Command,CamLeft
1442590905619,Command,CamLeft
1442590905897,Command,CamLeft
1442590906130,Command,CamLeft
1442590906330,Command,CamLeft
1442590906605,Command,CamRight
1442590906823,Command,CamRight
1442590907067,Command,CamRight
1442590907218,Command,CamLeft
1442590907568,Command,CamLeft
1442590907811,Command,CamLeft
1442590908368,Command,CamLeft
1442590908542,Command,CamLeft
1442590908707,Command,CamLeft
1442590908897,Command,CamRight
1442590909058,Command,CamRight
1442590909230,Command,CamRight
1442590960696,Command,CamUp
1442590961337,Command,CamUp
1442590961840,Command,CamRight
1442590962027,Command,CamRight
1442590995057,MCTabToggle,Disconnected
1442591001177,Command,CamRight
1442591001356,MCTabToggle,VideoChatView
1442591001380,Command,CamRight
1442591001569,Command,CamRight
1442591004786,Command,CamLeft
1442591010813,MCVideoChatSwapMainViews,Local
1442591012356,MCOrientationChange,Portrait
1442591015076,MCCameraSwap,Front
1442591030133,MCCameraSwap,Back
1442591050208,MCTabToggle,DroneVideoView
1442591113022,MCTabToggle,StatusesView
1442591115987,MCTabToggle,DroneVideoView
1442591116602,MCTabToggle,VideoChatView
1442591119036,MCCameraSwap,Front
1442591252180,MCTabToggle,StatusesView
1442591253397,TaskEnd,1
1442591424684,MCOrientationChange,Portrait
1442591429684,MCOrientationChange,Landscape
1442591430107,MCOrientationChange,Landscape
1442591432385,MCOrientationChange,Landscape
1442591432577,MCOrientationChange,Landscape
1442591433565,MCOrientationChange,Portrait
1442591518565,MCTabToggle,Disconnected
1442592425748,MCTabToggle,VideoChatView
1442592429435,MCOrientationChange,Portrait
1442592434791,MCVideoChatSwapMainViews,Local
1442592468394,MCCameraSwap,Front
1442592509695,TaskBegin,2
1442592525401,Command,CamRight
1442592526847,Command,CamRight
1442592527457,Command,CamRight
1442592549050,MCOrientationChange,Portrait
1442592549955,MCOrientationChange,Portrait
1442592572604,Command,CamLeft
1442592573775,Command,CamLeft
1442592574298,Command,CamLeft
1442592576468,Command,CamLeft
1442592578845,Command,CamUp
1442592580144,Command,CamDown
1442592581749,MCTabToggle,DroneVideoView
1442592583024,Command,CamLeft
1442592583923,Command,CamLeft
1442592584909,Command,CamLeft
1442592585554,Command,CamLeft
1442592586622,Command,CamRight
1442592587474,Command,CamLeft
1442592588216,Command,CamLeft
1442592588822,Command,CamLeft
1442592590093,Command,CamLeft
1442592593292,MCOrientationChange,Portrait
1442592593481,MCOrientationChange,Portrait
1442592597131,MCOrientationChange,Portrait
1442592597465,MCOrientationChange,Portrait
1442592613768,MCTabToggle,VideoChatView
1442592662981,Command,MoveUp
1442592664503,Command,MoveUp
1442592676129,MCCameraSwap,Back
1442592682919,Command,CamRight
1442592683935,Command,CamRight
1442592685024,Command,CamRight
1442592686211,Command,CamRight
1442592687369,Command,CamRight
1442592688520,Command,CamRight
1442592689232,Command,CamRight
1442592690303,Command,CamRight
1442592691272,Command,CamRight
1442592701375,Command,CamRight
1442592702350,Command,CamRight
1442592702903,Command,CamLeft
1442592703811,Command,CamLeft
1442592705668,Command,CamLeft
1442592706790,Command,CamLeft
1442592707513,Command,CamLeft
1442592708118,Command,CamLeft
1442592708785,Command,CamLeft
1442592709134,Command,CamLeft
1442592709556,Command,CamLeft
1442592712122,Command,CamRight
1442592712344,Command,CamRight
1442592713174,Command,CamRight
1442592713726,Command,CamRight
1442592714374,Command,CamRight
1442592714844,Command,CamRight
1442592715250,Command,CamRight
1442592715592,Command,CamRight
1442592715947,Command,CamRight
1442592716767,Command,CamRight
1442592718963,MCCameraSwap,Front
1442592749513,Command,CamLeft
1442592749651,Command,CamLeft
1442592749908,Command,CamLeft
1442592834637,Command,CamLeft
1442592839045,Command,CamLeft
1442592879042,Command,CamRight
1442592879241,Command,CamRight
1442592879433,Command,CamRight
1442592879647,Command,CamRight
1442592880823,Command,CamRight
1442592882389,Command,CamRight
1442592883057,Command,CamRight
1442592893747,Command,CamRight
1442592893948,Command,CamRight
1442592894191,Command,CamRight
1442592894289,Command,CamRight
1442592894435,Command,CamRight
1442592894675,Command,CamRight
1442592894787,Command,CamRight
1442592894950,Command,CamRight
1442592896022,Command,CamRight
1442592896536,Command,CamRight
1442592898690,Command,CamRight
1442592898981,Command,CamRight
1442592899117,Command,CamRight
1442592962845,MCTabToggle,DroneVideoView
1442592974812,Command,CamLeft
1442592974933,Command,CamLeft
1442592975078,Command,CamLeft
1442592975283,Command,CamLeft
1442592975438,Command,CamLeft
1442592975684,Command,CamLeft
1442592975855,Command,CamLeft
1442592977987,Command,CamLeft
1442593067405,MCOrientationChange,Landscape
1442593071372,MCOrientationChange,Portrait
1442593154998,MCTabToggle,StatusesView
1442593156130,Command,CamRight
1442593156186,MCOrientationChange,Portrait
1442593156552,MCOrientationChange,Portrait
1442593159334,Command,CamRight
1442593165519,Command,CamRight
1442593205347,Command,CamRight
1442593207123,Command,CamRight
1442593208664,Command,CamRight
1442593209675,Command,CamRight
1442593215105,MCTabToggle,VideoChatView
1442593278154,MCOrientationChange,Portrait
1442593312611,TaskEnd,2
1442593664030,MCTabToggle,VideoChatView
1442593666129,MCOrientationChange,Landscape
1442593668039,MCOrientationChange,Landscape
1442593671609,MCCameraSwap,Front
1442593673429,MCOrientationChange,Landscape
1442593673821,MCOrientationChange,Landscape
1442593674582,MCOrientationChange,Landscape
1442593679601,MCOrientationChange,Landscape
1442593725649,MCOrientationChange,Portrait
1442593725998,MCOrientationChange,Portrait
1442593731401,MCOrientationChange,Portrait
1442593732821,MCOrientationChange,Portrait
1442593732945,MCOrientationChange,Portrait
1442593733140,MCOrientationChange,Portrait
1442593738754,MCOrientationChange,Landscape
1442593739510,MCOrientationChange,Landscape
1442593744718,MCOrientationChange,Landscape
1442593749430,MCOrientationChange,Landscape
1442593751398,MCTabToggle,StatusesView
1442593752658,MCTabToggle,DroneVideoView
1442593753887,MCTabToggle,VideoChatView
1442593755007,MCTabToggle,DroneVideoView
1442593756759,MCTabToggle,StatusesView
1442593758846,MCTabToggle,DroneVideoView
1442593759749,MCTabToggle,VideoChatView
1442593780003,MCOrientationChange,Landscape
1442593782698,MCOrientationChange,Landscape
1442593824975,MCOrientationChange,Landscape
1442593825287,MCOrientationChange,Landscape
1442593833831,MCOrientationChange,Landscape
1442593834249,MCOrientationChange,Landscape
1442593834985,MCOrientationChange,Landscape
1442593836072,MCOrientationChange,Landscape
1442593838377,MCOrientationChange,Landscape
1442593838939,MCOrientationChange,Landscape
1442593839233,MCOrientationChange,Landscape
1442593840971,MCOrientationChange,Landscape
1442593841252,MCOrientationChange,Landscape
1442593841349,MCOrientationChange,Landscape
1442593841756,MCOrientationChange,Landscape
1442593841851,MCOrientationChange,Landscape
1442593841955,MCOrientationChange,Landscape
1442593846547,MCOrientationChange,Landscape
1442593846653,MCOrientationChange,Landscape
1442593847907,MCOrientationChange,Landscape
1442593848020,MCOrientationChange,Landscape
1442593848395,MCOrientationChange,Landscape
1442593848889,MCOrientationChange,Landscape
1442593857349,MCOrientationChange,Landscape
1442593857439,MCOrientationChange,Landscape
1442593858679,MCOrientationChange,Landscape
1442593858807,MCOrientationChange,Landscape
1442593858909,MCOrientationChange,Landscape
1442593862534,MCOrientationChange,Landscape
1442593862731,MCOrientationChange,Landscape
1442593863015,MCOrientationChange,Landscape
1442593863786,MCOrientationChange,Landscape
1442593936689,MCOrientationChange,Landscape
1442593939272,MCOrientationChange,Landscape
1442593939591,MCOrientationChange,Landscape
1442593940265,MCOrientationChange,Landscape
1442593940424,MCOrientationChange,Landscape
1442593942166,MCOrientationChange,Landscape
1442593942271,MCOrientationChange,Landscape
1442593942830,MCOrientationChange,Landscape
1442593942949,MCOrientationChange,Landscape
1442593943805,MCOrientationChange,Landscape
1442593944696,MCOrientationChange,Landscape
1442593948535,MCOrientationChange,Landscape
1442593950261,MCOrientationChange,Landscape
1442593950554,MCOrientationChange,Landscape
1442593955357,MCOrientationChange,Landscape
1442593956425,MCOrientationChange,Landscape
1442593958549,MCOrientationChange,Landscape
1442593960744,MCOrientationChange,Landscape
1442593960844,MCOrientationChange,Landscape
1442593963355,MCOrientationChange,Landscape
1442593963467,MCOrientationChange,Landscape
1442593966347,MCOrientationChange,Landscape
1442593968570,MCOrientationChange,Landscape
1442593971179,MCOrientationChange,Landscape
1442593971460,MCOrientationChange,Landscape
1442594024669,MCOrientationChange,Landscape
1442594055397,MCOrientationChange,Landscape
1442594055512,MCOrientationChange,Landscape
1442594055878,MCOrientationChange,Landscape
1442594056066,MCOrientationChange,Landscape
1442594068892,MCOrientationChange,Landscape
1442594069738,MCOrientationChange,Landscape
1442594069832,MCOrientationChange,Landscape
1442594070404,MCOrientationChange,Landscape
1442594082926,MCOrientationChange,Landscape
1442594083404,MCOrientationChange,Landscape
1442594083526,MCOrientationChange,Landscape
1442594096503,MCOrientationChange,Landscape
1442594096620,MCOrientationChange,Landscape
1442594097187,MCOrientationChange,Landscape
1442594097458,MCOrientationChange,Landscape
1442594225337,MCOrientationChange,Landscape
1442594228180,MCOrientationChange,Landscape
1442594235006,MCOrientationChange,Landscape
1442594235881,MCOrientationChange,Landscape
1442594238307,MCOrientationChange,Landscape
1442594243688,MCOrientationChange,Landscape
1442594274101,MCOrientationChange,Landscape
1442594274208,MCOrientationChange,Landscape
1442594277107,MCOrientationChange,Landscape
1442594278629,MCOrientationChange,Landscape
1442594279407,MCOrientationChange,Landscape
1442594280146,MCOrientationChange,Landscape
1442594300475,MCOrientationChange,Landscape
1442594301071,MCOrientationChange,Landscape
1442594366048,MCOrientationChange,Landscape
1442594367395,MCOrientationChange,Landscape
1442594367682,MCOrientationChange,Landscape
1442594367976,MCOrientationChange,Landscape
1442594368088,MCOrientationChange,Landscape
1442594368387,MCOrientationChange,Landscape
1442594454676,MCOrientationChange,Landscape
1442594455129,MCOrientationChange,Landscape
1442594458019,MCOrientationChange,Landscape
1442594458120,MCOrientationChange,Landscape
1442594472483,MCTabToggle,StatusesView
1442594473432,MCOrientationChange,Landscape
1442594473742,MCTabToggle,Disconnected
