1442613242684,MCTabToggle,VideoChatView
1442613255574,MCOrientationChange,Portrait
1442613255898,MCOrientationChange,Portrait
1442613260091,MCOrientationChange,Portrait
1442613265506,MCOrientationChange,Portrait
1442613267651,MCOrientationChange,Portrait
1442613268384,MCOrientationChange,Portrait
1442613275896,MCCameraSwap,Front
1442613276794,MCVideoChatSwapMainViews,Local
1442613277721,MCVideoChatSwapMainViews,Remote
1442613278448,MCOrientationChange,Landscape
1442613304381,MCOrientationChange,Landscape
1442613304816,MCOrientationChange,Landscape
1442613314073,MCOrientationChange,Landscape
1442613314155,MCOrientationChange,Landscape
1442613317052,MCOrientationChange,Landscape
1442613317316,MCOrientationChange,Landscape
1442613317870,MCOrientationChange,Landscape
1442613318027,MCOrientationChange,Landscape
1442613318267,MCOrientationChange,Landscape
1442613318518,MCOrientationChange,Landscape
1442613369311,MCTabToggle,DroneVideoView
1442613371392,MCOrientationChange,Landscape
1442613372053,MCOrientationChange,Landscape
1442613372484,MCOrientationChange,Landscape
1442613373000,MCOrientationChange,Landscape
1442613390651,Command,MoveBack
1442613392319,Command,MoveForward
1442613397164,Command,MoveUp
1442613398290,Command,MoveDown
1442613410127,Command,CamLeft
1442613411003,Command,CamLeft
1442613411191,Command,CamLeft
1442613411365,Command,CamLeft
1442613419097,Command,CamRight
1442613419239,Command,CamRight
1442613419401,Command,CamRight
1442613419599,Command,CamRight
1442613430111,MCOrientationChange,Landscape
1442613430344,MCOrientationChange,Landscape
1442613430487,MCTabToggle,VideoChatView
1442613430493,MCOrientationChange,Landscape
1442613430540,MCOrientationChange,Landscape
1442613445735,Command,MoveBack
1442613446005,Command,MoveBack
1442613446330,Command,MoveBack
1442613446455,Command,MoveBack
1442613446659,Command,MoveBack
1442613447059,Command,MoveBack
1442613447210,Command,MoveBack
1442613447389,Command,MoveBack
1442613447725,Command,MoveBack
1442613449831,Command,MoveForward
1442613450062,Command,MoveForward
1442613450467,Command,MoveForward
1442613450646,Command,MoveForward
1442613451814,Command,MoveForward
1442613452812,Command,MoveForward
1442613453747,Command,MoveForward
1442613454734,Command,MoveForward
1442613546543,MCTabToggle,DroneVideoView
1442613554098,MCTabToggle,VideoChatView
1442613557408,MCOrientationChange,Landscape
1442613559227,MCOrientationChange,Landscape
1442613562388,MCTabToggle,DroneVideoView
1442613566157,MCTabToggle,StatusesView
1442613568491,MCTabToggle,VideoChatView
1442613572551,MCTabToggle,DroneVideoView
1442613573121,MCTabToggle,VideoChatView
1442613573520,MCTabToggle,DroneVideoView
1442613573944,MCTabToggle,VideoChatView
1442613575808,MCOrientationChange,Portrait
1442613580380,MCVideoChatSwapMainViews,Local
1442613586644,MCCameraSwap,Back
1442613596311,MCCameraSwap,Front
1442613598548,MCOrientationChange,Landscape
1442613600341,MCOrientationChange,Landscape
1442613612143,MCOrientationChange,Landscape
1442613612410,MCOrientationChange,Landscape
1442613616488,MCOrientationChange,Landscape
1442613616688,MCOrientationChange,Landscape
1442613620429,MCOrientationChange,Landscape
1442613625046,MCOrientationChange,Landscape
1442613625136,MCOrientationChange,Landscape
1442613626177,MCOrientationChange,Landscape
1442613626316,MCOrientationChange,Landscape
1442613634580,MCOrientationChange,Landscape
1442613634745,MCOrientationChange,Landscape
1442613638328,MCOrientationChange,Landscape
1442613639482,MCOrientationChange,Landscape
1442613640768,MCOrientationChange,Landscape
1442613643520,MCOrientationChange,Landscape
1442613692116,MCOrientationChange,Portrait
1442613692943,MCCameraSwap,Back
1442613733980,MCCameraSwap,Front
1442613739797,MCCameraSwap,Back
1442613799872,MCCameraSwap,Front
1442613809217,TaskBegin,0
1442613817697,MCCameraSwap,Back
1442613822798,Command,CamRight
1442613823279,Command,CamRight
1442613823412,Command,CamRight
1442613823645,Command,CamRight
1442613823853,Command,CamRight
1442613824103,Command,CamRight
1442613824681,Command,CamRight
1442613826885,Command,CamLeft
1442613827143,Command,CamLeft
1442613827840,Command,CamLeft
1442613828103,Command,CamLeft
1442613828854,Command,CamLeft
1442613831947,Command,CamDown
1442613832499,Command,CamDown
1442613832701,Command,CamDown
1442613833196,Command,CamDown
1442613835901,Command,CamUp
1442613837220,Command,CamUp
1442613840032,Command,MoveUp
1442613840773,Command,MoveUp
1442613845211,Command,MoveDown
1442613845700,Command,MoveDown
1442613845894,Command,MoveDown
1442613848407,Command,MoveBack
1442613849307,Command,MoveBack
1442613852683,MCVideoChatSwapMainViews,Remote
1442613855113,MCTabToggle,DroneVideoView
1442613856077,Command,MoveForward
1442613856536,Command,MoveForward
1442613856757,Command,MoveForward
1442613871047,Command,CamDown
1442613873862,Command,CamRight
1442613874229,Command,CamRight
1442613874798,Command,CamRight
1442613886786,Command,MoveForward
1442613887884,Command,MoveForward
1442613889299,MCTabToggle,VideoChatView
1442613890923,MCCameraSwap,Front
1442613895949,Command,MoveBack
1442613896770,Command,MoveBack
1442613897534,Command,MoveBack
1442613906334,Command,MoveDown
1442613907239,Command,MoveDown
1442613913750,Command,MoveUp
1442613926779,MCCameraSwap,Back
1442613928142,Command,CamUp
1442613936288,MCVideoChatSwapMainViews,Local
1442613938115,Command,CamRight
1442613939623,Command,CamRight
1442613940244,Command,CamRight
1442613940524,Command,CamRight
1442613941451,MCVideoChatSwapMainViews,Remote
1442613945416,Command,CamLeft
1442613945846,Command,CamLeft
1442613946304,Command,CamLeft
1442613946766,Command,CamLeft
1442613947145,Command,CamLeft
1442613947694,Command,CamLeft
1442613948276,Command,CamLeft
1442613951249,Command,CamRight
1442613951483,Command,CamRight
1442613951915,Command,CamRight
1442613953325,Command,CamRight
1442613958191,MCCameraSwap,Front
1442614017240,MCCameraSwap,Back
1442614019460,MCCameraSwap,Front
1442614030053,TaskEnd,0
1442614033216,MCTabToggle,VideoChatView
1442614041840,MCCameraSwap,Front
1442614050479,MCTabToggle,StatusesView
1442614054411,MCTabToggle,Disconnected
1442614298275,MCTabToggle,VideoChatView
1442614304746,MCVideoChatSwapMainViews,Local
1442614306512,MCOrientationChange,Portrait
1442614313121,MCOrientationChange,Portrait
1442614313967,Command,CamLeft
1442614315108,Command,CamRight
1442614315380,MCOrientationChange,Portrait
1442614315799,MCOrientationChange,Portrait
1442614316532,MCOrientationChange,Portrait
1442614319594,MCOrientationChange,Portrait
1442614320002,MCOrientationChange,Portrait
1442614320719,MCOrientationChange,Portrait
1442614331021,MCOrientationChange,Portrait
1442614333139,MCCameraSwap,Front
1442614357922,TaskBegin,1
1442614366891,MCOrientationChange,Portrait
1442614366904,MCOrientationChange,Portrait
1442614367154,Command,MoveUp
1442614367405,MCOrientationChange,Portrait
1442614367687,MCOrientationChange,Portrait
1442614367805,Command,MoveUp
1442614369248,MCVideoChatSwapMainViews,Remote
1442614370439,MCVideoChatSwapMainViews,Local
1442614371991,MCTabToggle,DroneVideoView
1442614373814,Command,MoveUp
1442614374955,Command,MoveUp
1442614375716,Command,MoveUp
1442614383130,Command,CamLeft
1442614383632,Command,CamLeft
1442614383713,Command,CamLeft
1442614383809,Command,CamLeft
1442614384020,Command,CamLeft
1442614384104,Command,CamLeft
1442614384181,Command,CamLeft
1442614384243,Command,CamLeft
1442614384313,Command,CamLeft
1442614384486,Command,CamLeft
1442614384825,Command,CamLeft
1442614385399,Command,CamLeft
1442614385962,Command,CamLeft
1442614386449,Command,CamLeft
1442614386531,Command,CamLeft
1442614386611,Command,CamLeft
1442614386702,Command,CamLeft
1442614386827,Command,CamLeft
1442614387005,Command,CamLeft
1442614389447,Command,MoveUp
1442614390021,Command,MoveUp
1442614390584,Command,MoveUp
1442614391373,Command,MoveUp
1442614393368,Command,CamLeft
1442614393850,Command,CamLeft
1442614393914,Command,CamLeft
1442614394018,Command,CamLeft
1442614394129,Command,CamLeft
1442614394248,Command,CamLeft
1442614394368,Command,CamLeft
1442614403923,Command,CamLeft
1442614404447,Command,CamLeft
1442614404551,Command,CamLeft
1442614404633,Command,CamLeft
1442614404723,Command,CamLeft
1442614404787,Command,CamLeft
1442614404992,Command,CamLeft
1442614405260,Command,CamLeft
1442614405403,Command,CamLeft
1442614406224,Command,CamRight
1442614408999,Command,MoveForward
1442614409227,Command,MoveForward
1442614409530,Command,MoveForward
1442614409742,Command,MoveForward
1442614409922,Command,MoveForward
1442614410121,Command,MoveForward
1442614410326,Command,MoveForward
1442614414603,Command,CamLeft
1442614415127,Command,CamLeft
1442614415223,Command,CamLeft
1442614415283,Command,CamLeft
1442614415376,Command,CamLeft
1442614415523,Command,CamLeft
1442614415560,Command,CamLeft
1442614415620,Command,CamLeft
1442614415726,Command,CamLeft
1442614415793,Command,CamLeft
1442614415948,Command,CamLeft
1442614416446,Command,CamLeft
1442614416966,Command,CamDown
1442614417453,Command,CamDown
1442614417580,Command,CamDown
1442614417653,Command,CamDown
1442614417935,Command,CamDown
1442614418817,Command,CamUp
1442614419548,Command,CamUp
1442614420425,Command,CamLeft
1442614420891,Command,CamLeft
1442614420970,Command,CamLeft
1442614421094,Command,CamLeft
1442614421164,Command,CamLeft
1442614421224,Command,CamLeft
1442614421343,Command,CamLeft
1442614421512,Command,CamLeft
1442614421879,Command,CamLeft
1442614435441,Command,CamRight
1442614435770,Command,CamRight
1442614436194,Command,CamRight
1442614436692,Command,CamRight
1442614437168,Command,CamRight
1442614439480,Command,CamRight
1442614439962,Command,CamRight
1442614446528,Command,CamRight
1442614453331,MCOrientationChange,Portrait
1442614454018,MCTabToggle,VideoChatView
1442614454568,MCOrientationChange,Portrait
1442614456011,MCOrientationChange,Portrait
1442614456062,MCCameraSwap,Back
1442614456668,Command,CamLeft
1442614457162,Command,CamLeft
1442614457232,Command,CamLeft
1442614457587,MCOrientationChange,Portrait
1442614463007,MCTabToggle,DroneVideoView
1442614466410,Command,CamLeft
1442614466984,Command,CamLeft
1442614467029,Command,CamLeft
1442614468056,Command,CamLeft
1442614468540,Command,CamLeft
1442614468610,Command,CamLeft
1442614468673,Command,CamLeft
1442614468773,Command,CamLeft
1442614468866,Command,CamLeft
1442614468921,Command,CamLeft
1442614469039,Command,CamLeft
1442614469175,Command,CamLeft
1442614469244,Command,CamLeft
1442614469294,Command,CamLeft
1442614469343,Command,CamLeft
1442614469432,Command,CamLeft
1442614469522,Command,CamLeft
1442614469606,Command,CamLeft
1442614469688,Command,CamLeft
1442614469784,Command,CamLeft
1442614470150,Command,CamLeft
1442614470640,Command,CamLeft
1442614474538,Command,CamRight
1442614475024,Command,CamRight
1442614475125,Command,CamRight
1442614475256,Command,CamRight
1442614475317,Command,CamRight
1442614475353,Command,CamRight
1442614475594,Command,CamRight
1442614475837,Command,CamRight
1442614476199,Command,CamRight
1442614476815,Command,CamRight
1442614477117,Command,CamRight
1442614477644,Command,CamDown
1442614478196,Command,CamDown
1442614478344,Command,CamDown
1442614478537,Command,CamDown
1442614478801,Command,CamDown
1442614479068,Command,CamDown
1442614479323,Command,CamDown
1442614480096,Command,CamDown
1442614480623,Command,CamDown
1442614480779,Command,CamDown
1442614480831,Command,CamDown
1442614480859,Command,CamDown
1442614485465,Command,MoveForward
1442614486170,Command,MoveForward
1442614487064,Command,MoveForward
1442614489295,Command,MoveDown
1442614489873,Command,MoveDown
1442614490721,Command,MoveDown
1442614491875,Command,MoveDown
1442614492863,Command,MoveDown
1442614494352,MCOrientationChange,Portrait
1442614496035,MCOrientationChange,Portrait
1442614500332,Command,CamLeft
1442614500781,Command,CamLeft
1442614500904,Command,CamLeft
1442614500949,Command,CamLeft
1442614501604,Command,CamLeft
1442614502597,Command,CamLeft
1442614510027,Command,MoveDown
1442614510872,Command,MoveDown
1442614511692,Command,MoveDown
1442614512793,Command,MoveDown
1442614516495,Command,CamUp
1442614517573,Command,CamUp
1442614518033,Command,CamUp
1442614519798,Command,CamDown
1442614522154,Command,CamRight
1442614523133,Command,CamRight
1442614523821,Command,CamRight
1442614525059,Command,CamRight
1442614532880,MCOrientationChange,Portrait
1442614533355,MCTabToggle,VideoChatView
1442614533844,MCOrientationChange,Portrait
1442614541843,Command,CamLeft
1442614542391,Command,CamLeft
1442614542577,Command,CamLeft
1442614552649,Command,CamLeft
1442614553098,Command,CamLeft
1442614553616,Command,CamLeft
1442614553671,Command,CamLeft
1442614553809,Command,CamLeft
1442614554059,Command,CamLeft
1442614554368,Command,CamLeft
1442614554577,Command,CamLeft
1442614555077,Command,CamLeft
1442614559485,Command,CamLeft
1442614559775,Command,CamLeft
1442614571289,MCTabToggle,DroneVideoView
1442614573075,MCTabToggle,VideoChatView
1442614622557,Command,CamRight
1442614622850,Command,CamRight
1442614634263,Command,CamRight
1442614665022,MCOrientationChange,Portrait
1442614668056,MCOrientationChange,Portrait
1442614668567,MCOrientationChange,Portrait
1442614670405,MCOrientationChange,Portrait
1442614690166,Command,CamRight
1442614693106,Command,CamLeft
1442614693478,Command,CamLeft
1442614693742,Command,CamLeft
1442614696824,Command,CamRight
1442614697138,Command,CamRight
1442614697761,Command,CamRight
1442614698740,Command,CamLeft
1442614698919,MCOrientationChange,Portrait
1442614699503,Command,CamRight
1442614701239,MCOrientationChange,Portrait
1442614701480,MCOrientationChange,Portrait
1442614702796,MCOrientationChange,Portrait
1442614716941,MCOrientationChange,Portrait
1442614724588,MCOrientationChange,Portrait
1442614771503,Command,CamLeft
1442614771796,Command,CamLeft
1442614772097,Command,CamLeft
1442614773282,Command,CamLeft
1442614773543,Command,CamLeft
1442614774076,Command,CamLeft
1442614774193,Command,CamLeft
1442614774273,Command,CamLeft
1442614774342,Command,CamLeft
1442614774390,Command,CamLeft
1442614774520,Command,CamLeft
1442614774804,Command,CamLeft
1442614778496,Command,CamLeft
1442614779256,Command,CamLeft
1442614779759,Command,CamLeft
1442614779903,Command,CamLeft
1442614779975,Command,CamLeft
1442614780017,Command,CamLeft
1442614780156,Command,CamLeft
1442614780207,Command,CamLeft
1442614780261,Command,CamLeft
1442614780345,Command,CamLeft
1442614780443,Command,CamLeft
1442614780670,Command,CamLeft
1442614781161,Command,CamLeft
1442614781234,Command,CamLeft
1442614781480,Command,CamUp
1442614782379,Command,CamLeft
1442614783369,Command,CamLeft
1442614784152,Command,CamLeft
1442614785085,Command,CamUp
1442614786133,Command,CamUp
1442614786747,Command,CamUp
1442614786787,Command,CamUp
1442614786849,Command,CamUp
1442614786893,Command,CamUp
1442614787120,Command,CamRight
1442614788243,Command,CamDown
1442614789069,Command,CamDown
1442614789280,Command,CamDown
1442614789516,Command,CamDown
1442614790364,Command,CamRight
1442614790784,Command,CamRight
1442614791369,Command,CamRight
1442614791711,Command,CamRight
1442614792288,Command,CamRight
1442614793149,Command,CamUp
1442614793922,Command,CamRight
1442614794950,Command,CamDown
1442614798577,Command,CamLeft
1442614799095,Command,CamLeft
1442614816727,MCOrientationChange,Portrait
1442614816801,MCOrientationChange,Portrait
1442614819300,Command,CamLeft
1442614819787,Command,CamLeft
1442614819895,Command,CamLeft
1442614819988,Command,CamLeft
1442614820228,Command,CamLeft
1442614820468,Command,CamLeft
1442614821066,Command,CamLeft
1442614821545,Command,CamLeft
1442614821851,Command,CamUp
1442614822395,Command,CamUp
1442614822432,Command,CamUp
1442614822534,Command,CamUp
1442614822818,Command,CamLeft
1442614823521,Command,CamDown
1442614823835,Command,CamDown
1442614824431,Command,CamDown
1442614825858,Command,CamDown
1442614828587,Command,CamLeft
1442614829073,Command,CamLeft
1442614832155,Command,CamUp
1442614832693,Command,CamUp
1442614832765,Command,CamUp
1442614832832,Command,CamUp
1442614833137,Command,CamLeft
1442614833592,Command,CamDown
1442614833936,Command,CamDown
1442614834265,Command,CamDown
1442614834867,Command,CamDown
1442614835301,Command,CamLeft
1442614842875,Command,CamRight
1442614844315,Command,CamRight
1442614844899,Command,CamRight
1442614863052,Command,CamLeft
1442614867877,Command,CamLeft
1442614868425,Command,CamLeft
1442614869547,Command,CamLeft
1442614870394,Command,CamLeft
1442614871356,Command,CamLeft
1442614871855,Command,CamLeft
1442614871959,Command,CamLeft
1442614873187,Command,CamLeft
1442614873698,Command,CamLeft
1442614889168,Command,CamLeft
1442614889824,Command,CamRight
1442614899613,Command,CamRight
1442614941879,MCTabToggle,DroneVideoView
1442614956862,MCOrientationChange,Portrait
1442614957785,MCOrientationChange,Portrait
1442614967451,MCOrientationChange,Portrait
1442614980468,MCOrientationChange,Portrait
1442614982600,MCOrientationChange,Landscape
1442614983503,MCOrientationChange,Landscape
1442614984239,MCOrientationChange,Portrait
1442614985048,MCTabToggle,VideoChatView
1442614985996,MCOrientationChange,Portrait
1442614987260,MCCameraSwap,Front
1442614987801,MCOrientationChange,Portrait
1442615000000,MCTabToggle,StatusesView
1442615002185,TaskEnd,1
1442615529498,MCOrientationChange,Portrait
1442615530488,MCTabToggle,VideoChatView
1442615538487,MCVideoChatSwapMainViews,Local
1442615555731,MCCameraSwap,Front
1442615561961,TaskBegin,2
1442615563279,Command,CamUp
1442615564579,MCCameraSwap,Back
1442615565149,Command,CamDown
1442615569442,Command,MoveDown
1442615572969,Command,MoveDown
1442615573655,Command,MoveDown
1442615574544,Command,MoveDown
1442615576376,Command,CamDown
1442615582332,Command,CamLeft
1442615590541,Command,CamUp
1442615592801,Command,MoveUp
1442615592868,Command,CamLeft
1442615592981,Command,MoveUp
1442615593210,Command,MoveUp
1442615593481,Command,MoveUp
1442615593632,Command,MoveUp
1442615595023,Command,CamRight
1442615595637,Command,CamRight
1442615596161,Command,CamRight
1442615596270,Command,CamDown
1442615596556,Command,CamDown
1442615598058,Command,CamLeft
1442615598633,Command,CamDown
1442615600300,MCOrientationChange,Portrait
1442615600698,MCOrientationChange,Portrait
1442615603471,MCTabToggle,DroneVideoView
1442615603536,Command,CamDown
1442615604000,Command,CamDown
1442615604115,Command,CamDown
1442615606662,Command,MoveDown
1442615607652,Command,MoveDown
1442615608346,Command,MoveDown
1442615609232,Command,MoveDown
1442615612937,Command,CamUp
1442615613689,Command,CamRight
1442615614884,Command,CamLeft
1442615615422,Command,CamRight
1442615616241,Command,CamRight
1442615616727,Command,CamRight
1442615616815,Command,CamRight
1442615617123,Command,CamRight
1442615631216,Command,CamRight
1442615632553,Command,CamRight
1442615650665,Command,CamRight
1442615652020,Command,CamRight
1442615652554,Command,CamRight
1442615652705,Command,CamRight
1442615652969,Command,CamRight
1442615653208,Command,CamLeft
1442615653455,Command,CamLeft
1442615653704,Command,CamLeft
1442615654126,Command,CamLeft
1442615654195,Command,CamLeft
1442615654305,Command,CamLeft
1442615654414,Command,CamLeft
1442615654639,Command,CamLeft
1442615656476,Command,CamUp
1442615660858,Command,CamUp
1442615663548,MCTabToggle,VideoChatView
1442615664678,MCOrientationChange,Portrait
1442615669419,MCOrientationChange,Portrait
1442615669903,MCOrientationChange,Portrait
1442615677131,MCOrientationChange,Portrait
1442615679114,MCOrientationChange,Portrait
1442615679423,MCOrientationChange,Portrait
1442615683702,Command,CamLeft
1442615684432,Command,CamLeft
1442615686585,Command,CamLeft
1442615687508,Command,CamDown
1442615688293,Command,CamDown
1442615690140,Command,CamLeft
1442615690645,Command,CamLeft
1442615690705,Command,CamLeft
1442615690787,Command,CamLeft
1442615690911,Command,CamLeft
1442615691030,Command,CamLeft
1442615691118,Command,CamLeft
1442615691146,Command,CamLeft
1442615691863,Command,CamLeft
1442615692360,Command,CamLeft
1442615694111,Command,CamLeft
1442615695127,Command,CamLeft
1442615696437,Command,CamUp
1442615696968,Command,CamUp
1442615698871,Command,CamLeft
1442615699248,Command,CamLeft
1442615699550,Command,CamLeft
1442615700715,Command,CamLeft
1442615703176,Command,CamLeft
1442615703676,Command,CamLeft
1442615703781,Command,CamLeft
1442615703864,Command,CamLeft
1442615704013,Command,CamLeft
1442615704077,Command,CamLeft
1442615704122,Command,CamLeft
1442615704188,Command,CamLeft
1442615704299,Command,CamLeft
1442615705145,Command,CamRight
1442615705351,Command,CamRight
1442615705582,Command,CamRight
1442615705918,Command,CamRight
1442615706263,Command,CamRight
1442615706822,Command,CamRight
1442615707404,Command,CamRight
1442615707849,Command,CamRight
1442615708283,Command,CamRight
1442615711224,Command,MoveUp
1442615711857,Command,MoveUp
1442615716381,Command,MoveUp
1442615718559,Command,MoveUp
1442615720236,Command,CamDown
1442615720886,Command,CamDown
1442615721502,Command,CamDown
1442615724520,Command,CamRight
1442615724990,Command,CamRight
1442615725071,Command,CamRight
1442615725176,Command,CamRight
1442615725396,Command,CamRight
1442615725505,Command,CamRight
1442615725688,Command,CamRight
1442615726700,Command,CamLeft
1442615727168,Command,CamLeft
1442615727241,Command,CamLeft
1442615727378,Command,CamLeft
1442615727456,Command,CamLeft
1442615727517,Command,CamLeft
1442615727590,Command,CamLeft
1442615727750,Command,CamLeft
1442615727848,Command,CamLeft
1442615727955,Command,CamLeft
1442615728028,Command,CamLeft
1442615728062,Command,CamLeft
1442615728094,Command,CamLeft
1442615728174,Command,CamLeft
1442615728284,Command,CamLeft
1442615728330,Command,CamLeft
1442615728411,Command,CamLeft
1442615728944,Command,CamLeft
1442615729096,Command,CamLeft
1442615732141,Command,CamDown
1442615733895,Command,CamRight
1442615734834,Command,CamRight
1442615736061,Command,CamRight
1442615741317,Command,CamRight
1442615741774,Command,CamRight
1442615743131,Command,CamRight
1442615743632,Command,CamRight
1442615743725,Command,CamRight
1442615743840,Command,CamRight
1442615743890,Command,CamRight
1442615744088,Command,CamRight
1442615744118,Command,CamRight
1442615744130,Command,CamRight
1442615744253,Command,CamRight
1442615744357,Command,CamRight
1442615744411,Command,CamRight
1442615744492,Command,CamRight
1442615744552,Command,CamRight
1442615744644,Command,CamRight
1442615744719,Command,CamRight
1442615745337,Command,CamRight
1442615745694,Command,CamLeft
1442615745964,Command,CamLeft
1442615746331,Command,CamLeft
1442615746653,Command,CamLeft
1442615747246,Command,CamLeft
1442615747976,Command,CamLeft
1442615748481,Command,CamLeft
1442615748572,Command,CamLeft
1442615748728,Command,CamLeft
1442615748779,Command,CamLeft
1442615748843,Command,CamLeft
1442615748891,Command,CamLeft
1442615748985,Command,CamLeft
1442615749134,Command,CamLeft
1442615749233,Command,CamLeft
1442615749291,Command,CamLeft
1442615749430,Command,CamLeft
1442615749926,Command,CamLeft
1442615750008,Command,CamLeft
1442615750086,Command,CamLeft
1442615750161,Command,CamLeft
1442615750297,Command,CamLeft
1442615750376,Command,CamLeft
1442615750478,Command,CamLeft
1442615750505,Command,CamLeft
1442615750617,Command,CamLeft
1442615750827,Command,CamUp
1442615751102,Command,CamUp
1442615753172,Command,CamRight
1442615753512,Command,CamRight
1442615753969,Command,CamRight
1442615754077,Command,CamRight
1442615754141,Command,CamRight
1442615754230,Command,CamRight
1442615754304,Command,CamRight
1442615754398,Command,CamRight
1442615759671,Command,MoveUp
1442615763398,Command,CamRight
1442615765763,Command,CamDown
1442615766362,Command,CamLeft
1442615773390,Command,CamRight
1442615777426,Command,CamRight
1442615778423,Command,CamRight
1442615780454,Command,CamRight
1442615781383,Command,CamUp
1442615789565,Command,CamLeft
1442615790052,Command,CamLeft
1442615790532,Command,CamLeft
1442615791054,Command,CamLeft
1442615791666,Command,CamLeft
1442615792161,Command,CamLeft
1442615792284,Command,CamLeft
1442615792387,Command,CamLeft
1442615792471,Command,CamLeft
1442615792573,Command,CamLeft
1442615792622,Command,CamLeft
1442615792675,Command,CamLeft
1442615792900,Command,CamLeft
1442615794273,Command,CamDown
1442615794723,Command,CamDown
1442615795169,Command,CamUp
1442615795670,Command,CamUp
1442615796005,Command,CamUp
1442615796482,Command,CamLeft
1442615796944,Command,CamLeft
1442615797085,Command,CamLeft
1442615797149,Command,CamLeft
1442615797241,Command,CamLeft
1442615797316,Command,CamLeft
1442615797391,Command,CamLeft
1442615797476,Command,CamLeft
1442615797531,Command,CamLeft
1442615797622,Command,CamLeft
1442615797906,Command,CamLeft
1442615798200,Command,CamLeft
1442615802039,Command,CamRight
1442615802442,Command,CamRight
1442615804508,Command,CamRight
1442615804980,Command,CamUp
1442615805437,Command,CamUp
1442615805916,Command,CamLeft
1442615811664,Command,MoveBack
1442615813249,Command,MoveForward
1442615813438,Command,MoveForward
1442615813642,Command,MoveForward
1442615814034,Command,MoveForward
1442615815537,Command,CamDown
1442615816178,Command,CamDown
1442615820845,Command,CamRight
1442615821016,MCTabToggle,DroneVideoView
1442615822252,Command,CamUp
1442615824688,MCTabToggle,VideoChatView
1442615826092,Command,MoveForward
1442615826550,MCOrientationChange,Portrait
1442615827384,Command,MoveForward
1442615830074,Command,MoveForward
1442615834368,MCOrientationChange,Portrait
1442615836744,MCOrientationChange,Portrait
1442615836951,MCOrientationChange,Portrait
1442615849583,Command,CamLeft
1442615850079,Command,CamLeft
1442615850194,Command,CamLeft
1442615850263,Command,CamLeft
1442615850658,Command,CamLeft
1442615851140,Command,CamLeft
1442615851227,Command,CamLeft
1442615851345,Command,CamLeft
1442615851445,Command,CamLeft
1442615851519,Command,CamLeft
1442615851567,Command,CamLeft
1442615851664,Command,CamLeft
1442615851759,Command,CamLeft
1442615852000,Command,CamLeft
1442615857067,Command,CamLeft
1442615857408,Command,CamLeft
1442615857836,Command,CamLeft
1442615858366,Command,CamLeft
1442615858411,Command,CamLeft
1442615858498,Command,CamLeft
1442615858607,Command,CamLeft
1442615858686,Command,CamLeft
1442615858749,Command,CamLeft
1442615858831,Command,CamLeft
1442615858974,Command,CamLeft
1442615859599,Command,CamUp
1442615860106,Command,CamUp
1442615860163,Command,CamUp
1442615860257,Command,CamUp
1442615860326,Command,CamUp
1442615860413,Command,CamUp
1442615860465,Command,CamUp
1442615860912,Command,CamDown
1442615861169,Command,CamDown
1442615861672,Command,CamDown
1442615862169,Command,CamDown
1442615863265,Command,CamRight
1442615864295,Command,CamRight
1442615867732,Command,CamRight
1442615868749,Command,CamRight
1442615869722,Command,CamUp
1442615870202,Command,CamUp
1442615870283,Command,CamUp
1442615870394,Command,CamUp
1442615870677,Command,CamDown
1442615871040,Command,CamDown
1442615871314,Command,CamDown
1442615871551,Command,CamDown
1442615872151,Command,CamDown
1442615877157,Command,CamLeft
1442615877606,Command,CamLeft
1442615877814,Command,CamLeft
1442615877828,Command,CamLeft
1442615877860,Command,CamLeft
1442615878066,Command,CamLeft
1442615878372,Command,CamLeft
1442615883107,Command,CamRight
1442615883678,Command,CamRight
1442615885232,Command,CamRight
1442615885731,Command,CamRight
1442615886216,Command,CamRight
1442615887570,Command,CamRight
1442615888418,Command,CamRight
1442615891034,Command,CamLeft
1442615892604,Command,CamRight
1442615892818,Command,CamRight
1442615894228,Command,CamRight
1442615895649,Command,CamRight
1442615896226,Command,CamRight
1442615898672,Command,CamRight
1442615898898,Command,CamLeft
1442615899292,Command,CamLeft
1442615899880,Command,CamLeft
1442615902617,Command,CamDown
1442615904545,Command,CamLeft
1442615904901,Command,CamLeft
1442615905123,Command,CamLeft
1442615905298,Command,CamLeft
1442615906592,Command,CamRight
1442615911084,Command,CamLeft
1442615929978,Command,CamLeft
1442615930214,Command,CamLeft
1442615930424,Command,CamLeft
1442615930894,Command,CamLeft
1442615931008,Command,CamLeft
1442615931066,Command,CamLeft
1442615931151,Command,CamLeft
1442615931389,Command,CamLeft
1442615931448,Command,CamLeft
1442615931488,Command,CamLeft
1442615931581,Command,CamLeft
1442615931824,Command,CamLeft
1442615931986,Command,CamLeft
1442615932694,Command,CamRight
1442615932903,Command,CamRight
1442615933085,Command,CamRight
1442615933322,Command,CamRight
1442615933599,Command,CamRight
1442615933878,Command,CamRight
1442615934119,Command,CamRight
1442615942730,Command,CamRight
1442615942866,Command,CamRight
1442615943059,Command,CamRight
1442615943493,Command,CamRight
1442615943880,Command,CamRight
1442615944717,Command,CamRight
1442615946230,Command,CamRight
1442615946894,Command,CamLeft
1442615951856,Command,CamLeft
1442615953861,Command,CamLeft
1442615954364,Command,CamLeft
1442615954447,Command,CamLeft
1442615954806,Command,CamLeft
1442615955317,Command,CamLeft
1442615962484,MCOrientationChange,Portrait
1442615963722,MCOrientationChange,Portrait
1442615968075,MCOrientationChange,Portrait
1442615968784,MCOrientationChange,Portrait
1442615972876,MCOrientationChange,Portrait
1442615973372,MCOrientationChange,Portrait
1442615987210,Command,CamRight
1442615987663,Command,CamRight
1442615987918,Command,CamRight
1442615988156,Command,CamRight
1442615988373,Command,CamRight
1442615990141,Command,CamLeft
1442615990834,Command,CamLeft
1442615995333,Command,CamRight
1442615998800,Command,CamLeft
1442615998977,Command,CamLeft
1442616003535,Command,CamLeft
1442616005183,Command,CamLeft
1442616005436,Command,CamLeft
1442616010981,Command,CamRight
1442616011223,Command,CamRight
1442616011500,Command,CamRight
1442616011970,Command,CamRight
1442616024118,MCOrientationChange,Portrait
1442616027035,MCOrientationChange,Portrait
1442616042812,Command,CamRight
1442616043198,Command,CamRight
1442616043678,Command,CamRight
1442616043987,Command,CamRight
1442616044156,Command,CamRight
1442616044382,Command,CamRight
1442616044591,Command,CamRight
1442616044783,Command,CamRight
1442616045003,Command,CamRight
1442616045256,Command,CamDown
1442616045551,Command,CamDown
1442616046003,Command,CamLeft
1442616046542,Command,CamDown
1442616046783,Command,CamDown
1442616047095,Command,CamLeft
1442616047605,Command,CamLeft
1442616047677,Command,CamLeft
1442616047763,Command,CamLeft
1442616047876,Command,CamLeft
1442616047953,Command,CamLeft
1442616048033,Command,CamLeft
1442616048093,Command,CamLeft
1442616048208,Command,CamLeft
1442616048292,Command,CamLeft
1442616048331,Command,CamLeft
1442616048443,Command,CamLeft
1442616049954,Command,CamLeft
1442616050206,Command,CamLeft
1442616050572,Command,CamLeft
1442616050769,Command,CamLeft
1442616050987,Command,CamLeft
1442616051139,Command,CamLeft
1442616051392,Command,CamLeft
1442616052569,Command,CamUp
1442616054154,Command,CamRight
1442616055124,Command,CamRight
1442616055636,Command,CamRight
1442616055701,Command,CamRight
1442616055772,Command,CamRight
1442616055853,Command,CamRight
1442616057919,Command,CamLeft
1442616058412,Command,CamLeft
1442616059329,Command,CamLeft
1442616059628,Command,CamLeft
1442616059872,Command,CamLeft
1442616060188,Command,CamLeft
1442616062433,Command,CamUp
1442616062915,Command,CamUp
1442616062997,Command,CamUp
1442616063067,Command,CamUp
1442616063180,Command,CamUp
1442616063789,Command,CamDown
1442616064398,Command,CamDown
1442616065050,Command,CamDown
1442616069518,MCOrientationChange,Portrait
1442616073740,MCOrientationChange,Portrait
1442616079379,MCOrientationChange,Portrait
1442616079770,MCOrientationChange,Portrait
1442616085542,Command,CamLeft
1442616085776,Command,CamLeft
1442616086262,Command,CamLeft
1442616086331,Command,CamLeft
1442616086473,Command,CamLeft
1442616086567,Command,CamLeft
1442616086613,Command,CamLeft
1442616086704,Command,CamLeft
1442616086789,Command,CamLeft
1442616086864,Command,CamLeft
1442616086952,Command,CamLeft
1442616087094,Command,CamLeft
1442616087153,Command,CamLeft
1442616087314,Command,CamLeft
1442616087765,Command,CamLeft
1442616088132,Command,CamLeft
1442616088754,Command,CamLeft
1442616091103,Command,CamRight
1442616091639,Command,CamRight
1442616091688,Command,CamRight
1442616091788,Command,CamRight
1442616091951,Command,CamRight
1442616092347,Command,CamRight
1442616098454,Command,CamLeft
1442616101213,Command,CamUp
1442616102141,Command,CamRight
1442616103309,Command,CamRight
1442616109161,Command,MoveBack
1442616109970,Command,MoveBack
1442616113100,Command,MoveBack
1442616116254,Command,MoveBack
1442616116455,Command,MoveBack
1442616122505,Command,MoveForward
1442616122687,Command,MoveForward
1442616122969,Command,MoveForward
1442616123296,Command,MoveForward
1442616123504,Command,MoveForward
1442616124125,Command,MoveForward
1442616125315,MCOrientationChange,Portrait
1442616126876,MCOrientationChange,Portrait
1442616126991,Command,MoveForward
1442616128791,Command,MoveForward
1442616128817,MCOrientationChange,Portrait
1442616129462,MCOrientationChange,Portrait
1442616129609,Command,MoveForward
1442616130195,MCOrientationChange,Portrait
1442616130954,MCOrientationChange,Portrait
1442616133021,MCOrientationChange,Portrait
1442616138123,Command,CamDown
1442616138158,MCOrientationChange,Portrait
1442616138567,MCOrientationChange,Portrait
1442616139025,MCOrientationChange,Portrait
1442616141042,Command,CamRight
1442616141393,Command,CamRight
1442616144187,Command,CamRight
1442616144562,Command,CamRight
1442616147867,Command,CamLeft
1442616148436,Command,CamLeft
1442616148533,Command,CamLeft
1442616148568,Command,CamLeft
1442616148650,Command,CamLeft
1442616151038,Command,CamRight
1442616151358,Command,CamRight
1442616151626,Command,CamRight
1442616151864,Command,CamRight
1442616152164,Command,CamRight
1442616152490,Command,CamRight
1442616152877,Command,CamRight
1442616153992,Command,CamRight
1442616154520,Command,CamRight
1442616154571,Command,CamRight
1442616154703,Command,CamRight
1442616154718,Command,CamRight
1442616154805,Command,CamRight
1442616154835,Command,CamUp
1442616155324,Command,CamUp
1442616155493,Command,CamUp
1442616155529,Command,CamUp
1442616155628,Command,CamUp
1442616155715,Command,CamUp
1442616155894,Command,CamRight
1442616156320,Command,CamDown
1442616156637,Command,CamDown
1442616156865,Command,CamDown
1442616157468,Command,CamDown
1442616158523,Command,CamDown
1442616159185,Command,CamRight
1442616159678,Command,CamRight
1442616159743,Command,CamRight
1442616159837,Command,CamRight
1442616159948,Command,CamRight
1442616160071,Command,CamRight
1442616160153,Command,CamRight
1442616160174,Command,CamRight
1442616160249,Command,CamRight
1442616160391,Command,CamRight
1442616160427,Command,CamRight
1442616160539,Command,CamRight
1442616160658,Command,CamRight
1442616160841,Command,CamRight
1442616161065,Command,CamRight
1442616161839,Command,CamLeft
1442616162249,Command,CamLeft
1442616163054,Command,CamLeft
1442616163833,Command,CamRight
1442616164324,Command,CamRight
1442616165461,Command,CamLeft
1442616166834,Command,CamLeft
1442616167354,Command,CamLeft
1442616167441,Command,CamLeft
1442616167493,Command,CamLeft
1442616167627,Command,CamLeft
1442616167739,Command,CamLeft
1442616172136,Command,MoveUp
1442616172738,Command,MoveUp
1442616173015,Command,MoveUp
1442616179360,Command,MoveForward
1442616180154,Command,MoveForward
1442616180419,Command,MoveForward
1442616180836,MCOrientationChange,Portrait
1442616180916,MCOrientationChange,Portrait
1442616182049,Command,CamRight
1442616182930,Command,CamRight
1442616183428,Command,CamRight
1442616183498,Command,CamRight
1442616183606,Command,CamRight
1442616185805,Command,CamLeft
1442616186298,Command,CamLeft
1442616186538,Command,CamLeft
1442616186966,Command,CamLeft
1442616188275,Command,CamLeft
1442616188808,Command,CamLeft
1442616190352,Command,CamLeft
1442616192167,Command,CamRight
1442616194188,MCOrientationChange,Portrait
1442616194792,MCOrientationChange,Portrait
1442616194981,MCOrientationChange,Portrait
1442616195847,MCOrientationChange,Portrait
1442616208082,Command,CamLeft
1442616213522,Command,CamRight
1442616213869,Command,CamRight
1442616214330,Command,CamRight
1442616214405,Command,CamRight
1442616214491,Command,CamRight
1442616214559,Command,CamRight
1442616214672,Command,CamRight
1442616214939,Command,CamRight
1442616215712,Command,CamLeft
1442616217064,Command,CamDown
1442616221100,Command,CamLeft
1442616221367,Command,CamLeft
1442616221497,Command,CamLeft
1442616221758,Command,CamLeft
1442616222032,Command,CamLeft
1442616222479,Command,CamLeft
1442616222527,Command,CamLeft
1442616222932,Command,CamLeft
1442616223186,Command,CamLeft
1442616223406,Command,CamLeft
1442616223540,Command,CamLeft
1442616223989,Command,CamLeft
1442616224402,Command,CamRight
1442616224615,Command,CamRight
1442616224814,Command,CamRight
1442616225063,Command,CamRight
1442616225233,Command,CamRight
1442616225568,Command,CamRight
1442616225759,Command,CamRight
1442616226054,Command,CamRight
1442616229006,Command,CamRight
1442616230408,Command,CamRight
1442616230933,Command,CamRight
1442616241897,Command,CamDown
1442616242373,Command,CamDown
1442616242544,Command,CamDown
1442616242641,Command,CamDown
1442616243515,Command,CamRight
1442616244027,Command,CamRight
1442616244116,Command,CamRight
1442616253818,Command,CamRight
1442616254362,Command,CamRight
1442616254387,Command,CamRight
1442616266167,Command,CamLeft
1442616266722,Command,CamLeft
1442616267689,Command,CamRight
1442616271470,Command,CamDown
1442616271932,Command,CamDown
1442616272074,Command,CamDown
1442616272124,Command,CamDown
1442616272584,Command,CamDown
1442616273520,Command,CamDown
1442616273681,Command,CamRight
1442616273911,Command,CamRight
1442616274093,Command,CamRight
1442616274595,Command,CamRight
1442616274684,Command,CamRight
1442616274823,Command,CamRight
1442616274884,Command,CamRight
1442616274980,Command,CamRight
1442616275121,Command,CamRight
1442616275162,Command,CamRight
1442616275202,Command,CamRight
1442616275324,Command,CamRight
1442616276066,Command,CamRight
1442616276559,Command,CamRight
1442616276866,Command,CamDown
1442616277160,Command,CamDown
1442616284245,Command,CamLeft
1442616285369,Command,CamLeft
1442616285576,Command,CamLeft
1442616286109,Command,CamLeft
1442616286212,Command,CamLeft
1442616286285,Command,CamLeft
1442616286726,Command,CamLeft
1442616287387,Command,CamLeft
1442616287876,Command,CamLeft
1442616287934,Command,CamLeft
1442616288065,Command,CamLeft
1442616288107,Command,CamLeft
1442616288216,Command,CamLeft
1442616288298,Command,CamLeft
1442616288374,Command,CamLeft
1442616288463,Command,CamLeft
1442616288554,Command,CamLeft
1442616288746,Command,CamLeft
1442616289355,Command,CamLeft
1442616289842,Command,CamLeft
1442616289929,Command,CamLeft
1442616290010,Command,CamLeft
1442616290093,Command,CamLeft
1442616290178,Command,CamLeft
1442616290258,Command,CamLeft
1442616290353,Command,CamLeft
1442616291367,Command,CamRight
1442616291796,Command,CamRight
1442616292207,Command,CamRight
1442616292857,Command,CamRight
1442616293392,Command,CamRight
1442616294001,Command,CamRight
1442616294312,Command,CamRight
1442616294775,Command,CamRight
1442616294929,Command,CamRight
1442616295435,Command,CamRight
1442616298448,Command,CamLeft
1442616301588,Command,CamLeft
1442616301951,Command,CamLeft
1442616302447,Command,CamLeft
1442616302479,MCOrientationChange,Portrait
1442616302795,MCOrientationChange,Portrait
1442616305274,Command,CamLeft
1442616305758,Command,CamLeft
1442616305958,Command,CamLeft
1442616306076,Command,CamLeft
1442616306147,Command,CamLeft
1442616306171,Command,CamLeft
1442616306175,Command,CamLeft
1442616306455,Command,CamRight
1442616306719,Command,CamRight
1442616306939,Command,CamRight
1442616307201,Command,CamRight
1442616307571,Command,CamLeft
1442616308043,Command,CamLeft
1442616308143,Command,CamLeft
1442616308358,Command,CamLeft
1442616308459,Command,CamLeft
1442616308518,Command,CamLeft
1442616308518,Command,CamLeft
1442616308748,Command,CamLeft
1442616311679,Command,CamUp
1442616313027,Command,CamUp
1442616314684,Command,CamUp
1442616316368,Command,CamUp
1442616318459,Command,CamUp
1442616318821,Command,CamRight
1442616319221,Command,CamRight
1442616344380,MCOrientationChange,Portrait
1442616345214,MCOrientationChange,Portrait
1442616348990,MCOrientationChange,Portrait
1442616350669,MCOrientationChange,Portrait
1442616352275,MCOrientationChange,Portrait
1442616353903,MCOrientationChange,Portrait
1442616354102,MCOrientationChange,Portrait
1442616355560,MCOrientationChange,Portrait
1442616382867,MCOrientationChange,Portrait
1442616382959,MCOrientationChange,Portrait
1442616384211,MCOrientationChange,Portrait
1442616385029,MCCameraSwap,Front
1442616386860,MCOrientationChange,Portrait
1442616390058,MCOrientationChange,Landscape
1442616394298,MCOrientationChange,Portrait
1442616414647,MCTabToggle,StatusesView
1442616416660,TaskEnd,2
1442616777032,MCTabToggle,VideoChatView
1442616779040,MCOrientationChange,Landscape
1442616784980,MCOrientationChange,Landscape
1442616785833,MCCameraSwap,Front
1442616786489,MCOrientationChange,Landscape
1442616787589,MCOrientationChange,Landscape
1442616792216,MCOrientationChange,Landscape
1442616792481,MCOrientationChange,Landscape
1442616793001,MCOrientationChange,Landscape
1442616795370,MCOrientationChange,Landscape
1442616795872,MCOrientationChange,Landscape
1442616797421,MCOrientationChange,Landscape
1442616797532,MCOrientationChange,Landscape
1442616798469,MCOrientationChange,Landscape
1442616798952,MCOrientationChange,Landscape
1442616799930,MCOrientationChange,Landscape
1442616803184,MCOrientationChange,Landscape
1442616832983,MCOrientationChange,Landscape
1442616842089,MCOrientationChange,Landscape
1442616851703,MCOrientationChange,Landscape
1442616852094,MCOrientationChange,Landscape
1442616852413,MCOrientationChange,Landscape
1442616852872,MCOrientationChange,Landscape
1442616855364,MCOrientationChange,Landscape
1442616863891,MCOrientationChange,Landscape
1442616867049,MCOrientationChange,Landscape
1442616867506,MCOrientationChange,Landscape
1442616867876,MCOrientationChange,Landscape
1442616868276,MCOrientationChange,Landscape
1442616868558,MCOrientationChange,Landscape
1442616868772,MCOrientationChange,Landscape
1442616869152,MCOrientationChange,Landscape
1442616872229,MCOrientationChange,Landscape
1442616890922,MCOrientationChange,Landscape
1442616893056,MCOrientationChange,Landscape
1442616893533,MCOrientationChange,Landscape
1442616895553,MCOrientationChange,Landscape
1442616906541,MCOrientationChange,Landscape
1442616907204,MCOrientationChange,Landscape
1442617121076,MCOrientationChange,Landscape
1442617121263,MCOrientationChange,Landscape
1442617240939,MCOrientationChange,Landscape
1442617241581,MCOrientationChange,Landscape
1442617242759,MCOrientationChange,Landscape
1442617242822,MCOrientationChange,Landscape
1442617246440,MCTabToggle,StatusesView
1442617248913,MCTabToggle,Disconnected
